mode: set
github.com/igortoigildin/goph-keeper/cmd/client/main.go:5.13,7.2 1 0
github.com/igortoigildin/goph-keeper/internal/client/grpc/service/download/service.go:35.27,37.2 1 0
github.com/igortoigildin/goph-keeper/internal/client/grpc/service/download/service.go:39.65,41.16 2 0
github.com/igortoigildin/goph-keeper/internal/client/grpc/service/download/service.go:41.16,43.3 1 0
github.com/igortoigildin/goph-keeper/internal/client/grpc/service/download/service.go:44.2,48.16 4 0
github.com/igortoigildin/goph-keeper/internal/client/grpc/service/download/service.go:48.16,50.3 1 0
github.com/igortoigildin/goph-keeper/internal/client/grpc/service/download/service.go:52.2,57.16 4 0
github.com/igortoigildin/goph-keeper/internal/client/grpc/service/download/service.go:57.16,59.3 1 0
github.com/igortoigildin/goph-keeper/internal/client/grpc/service/download/service.go:61.2,65.12 3 0
github.com/igortoigildin/goph-keeper/internal/client/grpc/service/download/service.go:68.61,70.16 2 0
github.com/igortoigildin/goph-keeper/internal/client/grpc/service/download/service.go:70.16,72.3 1 0
github.com/igortoigildin/goph-keeper/internal/client/grpc/service/download/service.go:73.2,77.16 4 0
github.com/igortoigildin/goph-keeper/internal/client/grpc/service/download/service.go:77.16,79.3 1 0
github.com/igortoigildin/goph-keeper/internal/client/grpc/service/download/service.go:81.2,86.16 4 0
github.com/igortoigildin/goph-keeper/internal/client/grpc/service/download/service.go:86.16,88.3 1 0
github.com/igortoigildin/goph-keeper/internal/client/grpc/service/download/service.go:90.2,94.12 3 0
github.com/igortoigildin/goph-keeper/internal/client/grpc/service/download/service.go:97.78,99.16 2 0
github.com/igortoigildin/goph-keeper/internal/client/grpc/service/download/service.go:99.16,101.3 1 0
github.com/igortoigildin/goph-keeper/internal/client/grpc/service/download/service.go:102.2,106.16 4 0
github.com/igortoigildin/goph-keeper/internal/client/grpc/service/download/service.go:106.16,108.3 1 0
github.com/igortoigildin/goph-keeper/internal/client/grpc/service/download/service.go:110.2,114.16 4 0
github.com/igortoigildin/goph-keeper/internal/client/grpc/service/download/service.go:114.16,116.3 1 0
github.com/igortoigildin/goph-keeper/internal/client/grpc/service/download/service.go:118.2,121.15 4 0
github.com/igortoigildin/goph-keeper/internal/client/grpc/service/download/service.go:121.15,122.49 1 0
github.com/igortoigildin/goph-keeper/internal/client/grpc/service/download/service.go:122.49,124.4 1 0
github.com/igortoigildin/goph-keeper/internal/client/grpc/service/download/service.go:127.2,127.6 1 0
github.com/igortoigildin/goph-keeper/internal/client/grpc/service/download/service.go:127.6,129.26 2 0
github.com/igortoigildin/goph-keeper/internal/client/grpc/service/download/service.go:129.26,131.4 1 0
github.com/igortoigildin/goph-keeper/internal/client/grpc/service/download/service.go:132.3,132.20 1 0
github.com/igortoigildin/goph-keeper/internal/client/grpc/service/download/service.go:132.20,133.9 1 0
github.com/igortoigildin/goph-keeper/internal/client/grpc/service/download/service.go:136.3,136.17 1 0
github.com/igortoigildin/goph-keeper/internal/client/grpc/service/download/service.go:136.17,138.4 1 0
github.com/igortoigildin/goph-keeper/internal/client/grpc/service/download/service.go:140.3,144.43 4 0
github.com/igortoigildin/goph-keeper/internal/client/grpc/service/download/service.go:144.43,146.4 1 0
github.com/igortoigildin/goph-keeper/internal/client/grpc/service/download/service.go:149.2,149.12 1 0
github.com/igortoigildin/goph-keeper/internal/client/grpc/service/download/service.go:152.68,154.16 2 0
github.com/igortoigildin/goph-keeper/internal/client/grpc/service/download/service.go:154.16,156.3 1 0
github.com/igortoigildin/goph-keeper/internal/client/grpc/service/download/service.go:157.2,161.16 4 0
github.com/igortoigildin/goph-keeper/internal/client/grpc/service/download/service.go:161.16,163.3 1 0
github.com/igortoigildin/goph-keeper/internal/client/grpc/service/download/service.go:165.2,169.16 4 0
github.com/igortoigildin/goph-keeper/internal/client/grpc/service/download/service.go:169.16,171.3 1 0
github.com/igortoigildin/goph-keeper/internal/client/grpc/service/download/service.go:173.2,180.12 3 0
github.com/igortoigildin/goph-keeper/internal/client/grpc/app/app.go:41.47,43.17 2 0
github.com/igortoigildin/goph-keeper/internal/client/grpc/app/app.go:43.17,47.4 2 0
github.com/igortoigildin/goph-keeper/internal/client/grpc/app/app.go:49.3,50.17 2 0
github.com/igortoigildin/goph-keeper/internal/client/grpc/app/app.go:50.17,54.4 2 0
github.com/igortoigildin/goph-keeper/internal/client/grpc/app/app.go:56.3,59.93 3 0
github.com/igortoigildin/goph-keeper/internal/client/grpc/app/app.go:59.93,63.4 2 0
github.com/igortoigildin/goph-keeper/internal/client/grpc/app/app.go:65.3,65.75 1 0
github.com/igortoigildin/goph-keeper/internal/client/grpc/app/app.go:78.54,80.17 2 0
github.com/igortoigildin/goph-keeper/internal/client/grpc/app/app.go:80.17,84.4 2 0
github.com/igortoigildin/goph-keeper/internal/client/grpc/app/app.go:86.3,87.17 2 0
github.com/igortoigildin/goph-keeper/internal/client/grpc/app/app.go:87.17,91.4 2 0
github.com/igortoigildin/goph-keeper/internal/client/grpc/app/app.go:93.3,98.17 4 0
github.com/igortoigildin/goph-keeper/internal/client/grpc/app/app.go:98.17,102.4 2 0
github.com/igortoigildin/goph-keeper/internal/client/grpc/app/app.go:104.3,104.18 1 0
github.com/igortoigildin/goph-keeper/internal/client/grpc/app/app.go:104.18,108.4 2 0
github.com/igortoigildin/goph-keeper/internal/client/grpc/app/app.go:110.3,117.17 3 0
github.com/igortoigildin/goph-keeper/internal/client/grpc/app/app.go:117.17,121.4 2 0
github.com/igortoigildin/goph-keeper/internal/client/grpc/app/app.go:123.3,125.13 2 0
github.com/igortoigildin/goph-keeper/internal/client/grpc/app/app.go:139.60,142.53 2 0
github.com/igortoigildin/goph-keeper/internal/client/grpc/app/app.go:142.53,144.4 1 0
github.com/igortoigildin/goph-keeper/internal/client/grpc/app/app.go:146.3,146.34 1 0
github.com/igortoigildin/goph-keeper/internal/client/grpc/app/app.go:148.47,150.17 2 0
github.com/igortoigildin/goph-keeper/internal/client/grpc/app/app.go:150.17,152.4 1 0
github.com/igortoigildin/goph-keeper/internal/client/grpc/app/app.go:154.3,157.95 3 0
github.com/igortoigildin/goph-keeper/internal/client/grpc/app/app.go:157.95,159.4 1 0
github.com/igortoigildin/goph-keeper/internal/client/grpc/app/app.go:173.60,176.53 2 0
github.com/igortoigildin/goph-keeper/internal/client/grpc/app/app.go:176.53,178.4 1 0
github.com/igortoigildin/goph-keeper/internal/client/grpc/app/app.go:180.3,180.34 1 0
github.com/igortoigildin/goph-keeper/internal/client/grpc/app/app.go:182.47,184.17 2 0
github.com/igortoigildin/goph-keeper/internal/client/grpc/app/app.go:184.17,186.4 1 0
github.com/igortoigildin/goph-keeper/internal/client/grpc/app/app.go:188.3,189.17 2 0
github.com/igortoigildin/goph-keeper/internal/client/grpc/app/app.go:189.17,191.4 1 0
github.com/igortoigildin/goph-keeper/internal/client/grpc/app/app.go:194.3,202.116 4 0
github.com/igortoigildin/goph-keeper/internal/client/grpc/app/app.go:202.116,204.4 1 0
github.com/igortoigildin/goph-keeper/internal/client/grpc/app/app.go:206.3,207.37 1 0
github.com/igortoigildin/goph-keeper/internal/client/grpc/app/app.go:215.60,218.53 2 0
github.com/igortoigildin/goph-keeper/internal/client/grpc/app/app.go:218.53,220.4 1 0
github.com/igortoigildin/goph-keeper/internal/client/grpc/app/app.go:222.3,222.34 1 0
github.com/igortoigildin/goph-keeper/internal/client/grpc/app/app.go:224.47,226.17 2 0
github.com/igortoigildin/goph-keeper/internal/client/grpc/app/app.go:226.17,228.4 1 0
github.com/igortoigildin/goph-keeper/internal/client/grpc/app/app.go:231.3,236.91 3 0
github.com/igortoigildin/goph-keeper/internal/client/grpc/app/app.go:236.91,238.4 1 0
github.com/igortoigildin/goph-keeper/internal/client/grpc/app/app.go:246.60,249.53 2 0
github.com/igortoigildin/goph-keeper/internal/client/grpc/app/app.go:249.53,251.4 1 0
github.com/igortoigildin/goph-keeper/internal/client/grpc/app/app.go:253.3,253.34 1 0
github.com/igortoigildin/goph-keeper/internal/client/grpc/app/app.go:255.47,257.17 2 0
github.com/igortoigildin/goph-keeper/internal/client/grpc/app/app.go:257.17,259.4 1 0
github.com/igortoigildin/goph-keeper/internal/client/grpc/app/app.go:262.3,269.103 4 0
github.com/igortoigildin/goph-keeper/internal/client/grpc/app/app.go:269.103,271.4 1 0
github.com/igortoigildin/goph-keeper/internal/client/grpc/app/app.go:273.3,274.37 1 0
github.com/igortoigildin/goph-keeper/internal/client/grpc/app/app.go:282.60,285.53 2 0
github.com/igortoigildin/goph-keeper/internal/client/grpc/app/app.go:285.53,287.4 1 0
github.com/igortoigildin/goph-keeper/internal/client/grpc/app/app.go:289.3,289.34 1 0
github.com/igortoigildin/goph-keeper/internal/client/grpc/app/app.go:291.47,293.17 2 0
github.com/igortoigildin/goph-keeper/internal/client/grpc/app/app.go:293.17,295.4 1 0
github.com/igortoigildin/goph-keeper/internal/client/grpc/app/app.go:297.3,298.17 2 0
github.com/igortoigildin/goph-keeper/internal/client/grpc/app/app.go:298.17,300.4 1 0
github.com/igortoigildin/goph-keeper/internal/client/grpc/app/app.go:303.3,307.104 3 0
github.com/igortoigildin/goph-keeper/internal/client/grpc/app/app.go:307.104,309.4 1 0
github.com/igortoigildin/goph-keeper/internal/client/grpc/app/app.go:317.60,320.53 2 0
github.com/igortoigildin/goph-keeper/internal/client/grpc/app/app.go:320.53,322.4 1 0
github.com/igortoigildin/goph-keeper/internal/client/grpc/app/app.go:324.3,324.34 1 0
github.com/igortoigildin/goph-keeper/internal/client/grpc/app/app.go:326.47,328.17 2 0
github.com/igortoigildin/goph-keeper/internal/client/grpc/app/app.go:328.17,330.4 1 0
github.com/igortoigildin/goph-keeper/internal/client/grpc/app/app.go:333.3,340.113 4 0
github.com/igortoigildin/goph-keeper/internal/client/grpc/app/app.go:340.113,342.4 1 0
github.com/igortoigildin/goph-keeper/internal/client/grpc/app/app.go:344.3,345.37 1 0
github.com/igortoigildin/goph-keeper/internal/client/grpc/app/app.go:353.60,356.53 2 0
github.com/igortoigildin/goph-keeper/internal/client/grpc/app/app.go:356.53,358.4 1 0
github.com/igortoigildin/goph-keeper/internal/client/grpc/app/app.go:360.3,360.34 1 0
github.com/igortoigildin/goph-keeper/internal/client/grpc/app/app.go:362.47,364.17 2 0
github.com/igortoigildin/goph-keeper/internal/client/grpc/app/app.go:364.17,366.4 1 0
github.com/igortoigildin/goph-keeper/internal/client/grpc/app/app.go:369.3,373.98 3 0
github.com/igortoigildin/goph-keeper/internal/client/grpc/app/app.go:373.98,375.4 1 0
github.com/igortoigildin/goph-keeper/internal/client/grpc/app/app.go:384.60,387.53 2 0
github.com/igortoigildin/goph-keeper/internal/client/grpc/app/app.go:387.53,389.4 1 0
github.com/igortoigildin/goph-keeper/internal/client/grpc/app/app.go:391.3,391.34 1 0
github.com/igortoigildin/goph-keeper/internal/client/grpc/app/app.go:393.47,395.17 2 0
github.com/igortoigildin/goph-keeper/internal/client/grpc/app/app.go:395.17,397.4 1 0
github.com/igortoigildin/goph-keeper/internal/client/grpc/app/app.go:399.3,400.17 2 0
github.com/igortoigildin/goph-keeper/internal/client/grpc/app/app.go:400.17,402.4 1 0
github.com/igortoigildin/goph-keeper/internal/client/grpc/app/app.go:404.3,405.17 2 0
github.com/igortoigildin/goph-keeper/internal/client/grpc/app/app.go:405.17,407.4 1 0
github.com/igortoigildin/goph-keeper/internal/client/grpc/app/app.go:410.3,417.126 4 0
github.com/igortoigildin/goph-keeper/internal/client/grpc/app/app.go:417.126,419.4 1 0
github.com/igortoigildin/goph-keeper/internal/client/grpc/app/app.go:421.3,422.37 1 0
github.com/igortoigildin/goph-keeper/internal/client/grpc/app/app.go:426.16,427.42 1 0
github.com/igortoigildin/goph-keeper/internal/client/grpc/app/app.go:427.42,432.3 3 0
github.com/igortoigildin/goph-keeper/internal/client/grpc/app/app.go:435.13,438.44 2 0
github.com/igortoigildin/goph-keeper/internal/client/grpc/app/app.go:438.44,440.3 1 0
github.com/igortoigildin/goph-keeper/internal/client/grpc/app/app.go:442.2,492.113 32 0
github.com/igortoigildin/goph-keeper/internal/client/db/pg/client.go:16.62,18.16 2 0
github.com/igortoigildin/goph-keeper/internal/client/db/pg/client.go:18.16,20.3 1 0
github.com/igortoigildin/goph-keeper/internal/client/db/pg/client.go:22.2,24.8 1 0
github.com/igortoigildin/goph-keeper/internal/client/db/pg/client.go:27.31,29.2 1 0
github.com/igortoigildin/goph-keeper/internal/client/db/pg/client.go:31.34,32.24 1 0
github.com/igortoigildin/goph-keeper/internal/client/db/pg/client.go:32.24,34.3 1 0
github.com/igortoigildin/goph-keeper/internal/client/db/pg/client.go:36.2,36.12 1 0
github.com/igortoigildin/goph-keeper/internal/client/db/pg/pg.go:27.37,31.2 1 0
github.com/igortoigildin/goph-keeper/internal/client/db/pg/pg.go:33.107,37.16 3 0
github.com/igortoigildin/goph-keeper/internal/client/db/pg/pg.go:37.16,39.3 1 0
github.com/igortoigildin/goph-keeper/internal/client/db/pg/pg.go:41.2,41.35 1 0
github.com/igortoigildin/goph-keeper/internal/client/db/pg/pg.go:44.107,48.16 3 0
github.com/igortoigildin/goph-keeper/internal/client/db/pg/pg.go:48.16,50.3 1 0
github.com/igortoigildin/goph-keeper/internal/client/db/pg/pg.go:52.2,52.36 1 0
github.com/igortoigildin/goph-keeper/internal/client/db/pg/pg.go:55.107,59.8 3 0
github.com/igortoigildin/goph-keeper/internal/client/db/pg/pg.go:59.8,61.3 1 0
github.com/igortoigildin/goph-keeper/internal/client/db/pg/pg.go:63.2,63.45 1 0
github.com/igortoigildin/goph-keeper/internal/client/db/pg/pg.go:66.99,70.8 3 0
github.com/igortoigildin/goph-keeper/internal/client/db/pg/pg.go:70.8,72.3 1 0
github.com/igortoigildin/goph-keeper/internal/client/db/pg/pg.go:74.2,74.46 1 0
github.com/igortoigildin/goph-keeper/internal/client/db/pg/pg.go:77.92,81.8 3 0
github.com/igortoigildin/goph-keeper/internal/client/db/pg/pg.go:81.8,83.3 1 0
github.com/igortoigildin/goph-keeper/internal/client/db/pg/pg.go:85.2,85.49 1 0
github.com/igortoigildin/goph-keeper/internal/client/db/pg/pg.go:88.84,90.2 1 0
github.com/igortoigildin/goph-keeper/internal/client/db/pg/pg.go:92.22,94.2 1 0
github.com/igortoigildin/goph-keeper/internal/client/db/pg/pg.go:96.46,98.2 1 0
github.com/igortoigildin/goph-keeper/internal/client/db/pg/pg.go:100.69,103.2 2 0
github.com/igortoigildin/goph-keeper/cmd/server/main.go:18.13,23.16 4 0
github.com/igortoigildin/goph-keeper/cmd/server/main.go:23.16,25.3 1 0
github.com/igortoigildin/goph-keeper/cmd/server/main.go:27.2,30.16 3 0
github.com/igortoigildin/goph-keeper/cmd/server/main.go:30.16,32.3 1 0
github.com/igortoigildin/goph-keeper/internal/client/grpc/service/auth/service.go:19.36,23.2 1 0
github.com/igortoigildin/goph-keeper/internal/client/grpc/service/auth/service.go:25.89,27.16 2 0
github.com/igortoigildin/goph-keeper/internal/client/grpc/service/auth/service.go:27.16,29.3 1 0
github.com/igortoigildin/goph-keeper/internal/client/grpc/service/auth/service.go:30.2,35.16 4 0
github.com/igortoigildin/goph-keeper/internal/client/grpc/service/auth/service.go:35.16,36.41 1 0
github.com/igortoigildin/goph-keeper/internal/client/grpc/service/auth/service.go:36.41,37.39 1 0
github.com/igortoigildin/goph-keeper/internal/client/grpc/service/auth/service.go:37.39,39.5 1 0
github.com/igortoigildin/goph-keeper/internal/client/grpc/service/auth/service.go:39.10,39.48 1 0
github.com/igortoigildin/goph-keeper/internal/client/grpc/service/auth/service.go:39.48,41.5 1 0
github.com/igortoigildin/goph-keeper/internal/client/grpc/service/auth/service.go:41.10,43.5 1 0
github.com/igortoigildin/goph-keeper/internal/client/grpc/service/auth/service.go:44.9,46.4 1 0
github.com/igortoigildin/goph-keeper/internal/client/grpc/service/auth/service.go:49.2,49.12 1 0
github.com/igortoigildin/goph-keeper/internal/client/grpc/service/auth/service.go:52.89,54.16 2 0
github.com/igortoigildin/goph-keeper/internal/client/grpc/service/auth/service.go:54.16,56.3 1 0
github.com/igortoigildin/goph-keeper/internal/client/grpc/service/auth/service.go:57.2,62.16 4 0
github.com/igortoigildin/goph-keeper/internal/client/grpc/service/auth/service.go:62.16,64.3 1 0
github.com/igortoigildin/goph-keeper/internal/client/grpc/service/auth/service.go:66.2,66.31 1 0
github.com/igortoigildin/goph-keeper/internal/client/config/config.go:12.25,14.16 2 0
github.com/igortoigildin/goph-keeper/internal/client/config/config.go:14.16,16.3 1 0
github.com/igortoigildin/goph-keeper/internal/client/config/config.go:18.2,18.37 1 0
github.com/igortoigildin/goph-keeper/internal/client/config/config.go:18.37,20.3 1 0
github.com/igortoigildin/goph-keeper/internal/client/config/config.go:22.2,22.12 1 0
github.com/igortoigildin/goph-keeper/internal/client/config/config.go:25.25,28.45 2 0
github.com/igortoigildin/goph-keeper/internal/client/config/config.go:28.45,30.3 1 0
github.com/igortoigildin/goph-keeper/internal/client/config/config.go:32.2,36.12 3 0
github.com/igortoigildin/goph-keeper/internal/server/api/auth_v1/login.go:13.114,14.26 1 0
github.com/igortoigildin/goph-keeper/internal/server/api/auth_v1/login.go:14.26,16.3 1 0
github.com/igortoigildin/goph-keeper/internal/server/api/auth_v1/login.go:18.2,18.29 1 0
github.com/igortoigildin/goph-keeper/internal/server/api/auth_v1/login.go:18.29,20.3 1 0
github.com/igortoigildin/goph-keeper/internal/server/api/auth_v1/login.go:22.2,23.16 2 0
github.com/igortoigildin/goph-keeper/internal/server/api/auth_v1/login.go:23.16,24.49 1 0
github.com/igortoigildin/goph-keeper/internal/server/api/auth_v1/login.go:24.49,26.4 1 0
github.com/igortoigildin/goph-keeper/internal/server/api/auth_v1/login.go:26.9,28.4 1 0
github.com/igortoigildin/goph-keeper/internal/server/api/auth_v1/login.go:31.2,33.8 1 0
github.com/igortoigildin/goph-keeper/internal/server/api/auth_v1/register.go:15.123,16.26 1 0
github.com/igortoigildin/goph-keeper/internal/server/api/auth_v1/register.go:16.26,18.3 1 0
github.com/igortoigildin/goph-keeper/internal/server/api/auth_v1/register.go:20.2,20.29 1 0
github.com/igortoigildin/goph-keeper/internal/server/api/auth_v1/register.go:20.29,22.3 1 0
github.com/igortoigildin/goph-keeper/internal/server/api/auth_v1/register.go:24.2,25.16 2 0
github.com/igortoigildin/goph-keeper/internal/server/api/auth_v1/register.go:25.16,26.36 1 0
github.com/igortoigildin/goph-keeper/internal/server/api/auth_v1/register.go:26.36,30.4 2 0
github.com/igortoigildin/goph-keeper/internal/server/api/auth_v1/register.go:30.9,34.4 2 0
github.com/igortoigildin/goph-keeper/internal/server/api/auth_v1/register.go:37.2,39.8 1 0
github.com/igortoigildin/goph-keeper/internal/server/api/auth_v1/service.go:14.73,18.2 1 0
github.com/igortoigildin/goph-keeper/internal/server/api/upload_v1/service.go:13.77,17.2 1 0
github.com/igortoigildin/goph-keeper/internal/server/api/upload_v1/upload.go:12.82,14.16 2 0
github.com/igortoigildin/goph-keeper/internal/server/api/upload_v1/upload.go:14.16,16.3 1 0
github.com/igortoigildin/goph-keeper/internal/server/api/upload_v1/upload.go:18.2,18.12 1 0
github.com/igortoigildin/goph-keeper/internal/server/api/upload_v1/upload.go:21.119,23.16 2 0
github.com/igortoigildin/goph-keeper/internal/server/api/upload_v1/upload.go:23.16,25.3 1 0
github.com/igortoigildin/goph-keeper/internal/server/api/upload_v1/upload.go:27.2,27.17 1 0
github.com/igortoigildin/goph-keeper/internal/server/api/upload_v1/upload.go:30.119,32.16 2 0
github.com/igortoigildin/goph-keeper/internal/server/api/upload_v1/upload.go:32.16,34.3 1 0
github.com/igortoigildin/goph-keeper/internal/server/api/upload_v1/upload.go:36.2,36.17 1 0
github.com/igortoigildin/goph-keeper/internal/server/api/upload_v1/upload.go:39.111,41.16 2 0
github.com/igortoigildin/goph-keeper/internal/server/api/upload_v1/upload.go:41.16,43.3 1 0
github.com/igortoigildin/goph-keeper/internal/server/api/upload_v1/upload.go:45.2,45.17 1 0
github.com/igortoigildin/goph-keeper/internal/client/grpc/service/upload/service.go:34.27,36.2 1 0
github.com/igortoigildin/goph-keeper/internal/client/grpc/service/upload/service.go:38.87,40.16 2 0
github.com/igortoigildin/goph-keeper/internal/client/grpc/service/upload/service.go:40.16,42.3 1 0
github.com/igortoigildin/goph-keeper/internal/client/grpc/service/upload/service.go:43.2,48.16 4 0
github.com/igortoigildin/goph-keeper/internal/client/grpc/service/upload/service.go:48.16,50.3 1 0
github.com/igortoigildin/goph-keeper/internal/client/grpc/service/upload/service.go:52.2,56.64 3 0
github.com/igortoigildin/goph-keeper/internal/client/grpc/service/upload/service.go:56.64,60.3 2 0
github.com/igortoigildin/goph-keeper/internal/client/grpc/service/upload/service.go:62.2,62.12 1 0
github.com/igortoigildin/goph-keeper/internal/client/grpc/service/upload/service.go:65.93,71.16 5 0
github.com/igortoigildin/goph-keeper/internal/client/grpc/service/upload/service.go:71.16,73.3 1 0
github.com/igortoigildin/goph-keeper/internal/client/grpc/service/upload/service.go:75.2,77.12 2 0
github.com/igortoigildin/goph-keeper/internal/client/grpc/service/upload/service.go:80.97,82.16 2 0
github.com/igortoigildin/goph-keeper/internal/client/grpc/service/upload/service.go:82.16,84.3 1 0
github.com/igortoigildin/goph-keeper/internal/client/grpc/service/upload/service.go:85.2,90.16 4 0
github.com/igortoigildin/goph-keeper/internal/client/grpc/service/upload/service.go:90.16,92.3 1 0
github.com/igortoigildin/goph-keeper/internal/client/grpc/service/upload/service.go:94.2,98.74 3 0
github.com/igortoigildin/goph-keeper/internal/client/grpc/service/upload/service.go:98.74,102.3 2 0
github.com/igortoigildin/goph-keeper/internal/client/grpc/service/upload/service.go:104.2,104.12 1 0
github.com/igortoigildin/goph-keeper/internal/client/grpc/service/upload/service.go:107.103,114.16 6 0
github.com/igortoigildin/goph-keeper/internal/client/grpc/service/upload/service.go:114.16,116.3 1 0
github.com/igortoigildin/goph-keeper/internal/client/grpc/service/upload/service.go:118.2,120.12 2 0
github.com/igortoigildin/goph-keeper/internal/client/grpc/service/upload/service.go:123.70,125.16 2 0
github.com/igortoigildin/goph-keeper/internal/client/grpc/service/upload/service.go:125.16,127.3 1 0
github.com/igortoigildin/goph-keeper/internal/client/grpc/service/upload/service.go:128.2,133.16 4 0
github.com/igortoigildin/goph-keeper/internal/client/grpc/service/upload/service.go:133.16,135.3 1 0
github.com/igortoigildin/goph-keeper/internal/client/grpc/service/upload/service.go:137.2,140.47 3 0
github.com/igortoigildin/goph-keeper/internal/client/grpc/service/upload/service.go:140.47,144.3 2 0
github.com/igortoigildin/goph-keeper/internal/client/grpc/service/upload/service.go:146.2,146.12 1 0
github.com/igortoigildin/goph-keeper/internal/client/grpc/service/upload/service.go:149.76,151.16 2 0
github.com/igortoigildin/goph-keeper/internal/client/grpc/service/upload/service.go:151.16,153.3 1 0
github.com/igortoigildin/goph-keeper/internal/client/grpc/service/upload/service.go:155.2,157.12 2 0
github.com/igortoigildin/goph-keeper/internal/client/grpc/service/upload/service.go:160.96,162.16 2 0
github.com/igortoigildin/goph-keeper/internal/client/grpc/service/upload/service.go:162.16,164.3 1 0
github.com/igortoigildin/goph-keeper/internal/client/grpc/service/upload/service.go:165.2,170.16 4 0
github.com/igortoigildin/goph-keeper/internal/client/grpc/service/upload/service.go:170.16,172.3 1 0
github.com/igortoigildin/goph-keeper/internal/client/grpc/service/upload/service.go:174.2,177.62 3 0
github.com/igortoigildin/goph-keeper/internal/client/grpc/service/upload/service.go:177.62,181.3 2 0
github.com/igortoigildin/goph-keeper/internal/client/grpc/service/upload/service.go:183.2,183.12 1 0
github.com/igortoigildin/goph-keeper/internal/client/grpc/service/upload/service.go:186.95,188.16 2 0
github.com/igortoigildin/goph-keeper/internal/client/grpc/service/upload/service.go:188.16,190.3 1 0
github.com/igortoigildin/goph-keeper/internal/client/grpc/service/upload/service.go:192.2,193.16 2 0
github.com/igortoigildin/goph-keeper/internal/client/grpc/service/upload/service.go:193.16,195.3 1 0
github.com/igortoigildin/goph-keeper/internal/client/grpc/service/upload/service.go:196.2,198.6 3 0
github.com/igortoigildin/goph-keeper/internal/client/grpc/service/upload/service.go:198.6,200.20 2 0
github.com/igortoigildin/goph-keeper/internal/client/grpc/service/upload/service.go:200.20,201.9 1 0
github.com/igortoigildin/goph-keeper/internal/client/grpc/service/upload/service.go:203.3,203.17 1 0
github.com/igortoigildin/goph-keeper/internal/client/grpc/service/upload/service.go:203.17,205.4 1 0
github.com/igortoigildin/goph-keeper/internal/client/grpc/service/upload/service.go:206.3,208.96 2 0
github.com/igortoigildin/goph-keeper/internal/client/grpc/service/upload/service.go:208.96,210.4 1 0
github.com/igortoigildin/goph-keeper/internal/client/grpc/service/upload/service.go:212.3,217.19 2 0
github.com/igortoigildin/goph-keeper/internal/client/grpc/service/upload/service.go:219.2,220.16 2 0
github.com/igortoigildin/goph-keeper/internal/client/grpc/service/upload/service.go:220.16,222.3 1 0
github.com/igortoigildin/goph-keeper/internal/client/grpc/service/upload/service.go:224.2,229.12 2 0
github.com/igortoigildin/goph-keeper/internal/server/api/download_v1/download.go:15.139,17.16 2 0
github.com/igortoigildin/goph-keeper/internal/server/api/download_v1/download.go:17.16,21.3 2 0
github.com/igortoigildin/goph-keeper/internal/server/api/download_v1/download.go:23.2,25.8 1 0
github.com/igortoigildin/goph-keeper/internal/server/api/download_v1/download.go:28.139,32.16 3 0
github.com/igortoigildin/goph-keeper/internal/server/api/download_v1/download.go:32.16,36.3 2 0
github.com/igortoigildin/goph-keeper/internal/server/api/download_v1/download.go:38.2,40.8 1 0
github.com/igortoigildin/goph-keeper/internal/server/api/download_v1/download.go:43.127,45.16 2 0
github.com/igortoigildin/goph-keeper/internal/server/api/download_v1/download.go:45.16,49.3 2 0
github.com/igortoigildin/goph-keeper/internal/server/api/download_v1/download.go:51.2,53.8 1 0
github.com/igortoigildin/goph-keeper/internal/server/api/download_v1/download.go:56.138,58.16 2 0
github.com/igortoigildin/goph-keeper/internal/server/api/download_v1/download.go:58.16,62.3 2 0
github.com/igortoigildin/goph-keeper/internal/server/api/download_v1/download.go:64.2,64.81 1 0
github.com/igortoigildin/goph-keeper/internal/server/api/download_v1/service.go:17.81,21.2 1 0
github.com/igortoigildin/goph-keeper/internal/server/closer/closer.go:15.29,17.2 1 0
github.com/igortoigildin/goph-keeper/internal/server/closer/closer.go:20.13,22.2 1 0
github.com/igortoigildin/goph-keeper/internal/server/closer/closer.go:25.17,27.2 1 0
github.com/igortoigildin/goph-keeper/internal/server/closer/closer.go:39.36,41.18 2 0
github.com/igortoigildin/goph-keeper/internal/server/closer/closer.go:41.18,42.13 1 0
github.com/igortoigildin/goph-keeper/internal/server/closer/closer.go:42.13,48.4 5 0
github.com/igortoigildin/goph-keeper/internal/server/closer/closer.go:50.2,50.10 1 0
github.com/igortoigildin/goph-keeper/internal/server/closer/closer.go:54.41,58.2 3 0
github.com/igortoigildin/goph-keeper/internal/server/closer/closer.go:61.25,63.2 1 0
github.com/igortoigildin/goph-keeper/internal/server/closer/closer.go:66.29,67.19 1 0
github.com/igortoigildin/goph-keeper/internal/server/closer/closer.go:67.19,77.27 7 0
github.com/igortoigildin/goph-keeper/internal/server/closer/closer.go:77.27,78.28 1 0
github.com/igortoigildin/goph-keeper/internal/server/closer/closer.go:78.28,80.5 1 0
github.com/igortoigildin/goph-keeper/internal/server/closer/closer.go:83.3,83.34 1 0
github.com/igortoigildin/goph-keeper/internal/server/closer/closer.go:83.34,84.33 1 0
github.com/igortoigildin/goph-keeper/internal/server/closer/closer.go:84.33,86.5 1 0
github.com/igortoigildin/goph-keeper/internal/server/service/download/download.go:31.104,33.2 1 0
github.com/igortoigildin/goph-keeper/internal/server/service/download/download.go:37.88,39.9 2 0
github.com/igortoigildin/goph-keeper/internal/server/service/download/download.go:39.9,43.3 2 0
github.com/igortoigildin/goph-keeper/internal/server/service/download/download.go:43.8,43.26 1 0
github.com/igortoigildin/goph-keeper/internal/server/service/download/download.go:43.26,47.3 2 0
github.com/igortoigildin/goph-keeper/internal/server/service/download/download.go:49.2,49.28 1 0
github.com/igortoigildin/goph-keeper/internal/server/service/download/download.go:49.28,53.3 2 0
github.com/igortoigildin/goph-keeper/internal/server/service/download/download.go:55.2,61.16 4 0
github.com/igortoigildin/goph-keeper/internal/server/service/download/download.go:61.16,65.3 2 0
github.com/igortoigildin/goph-keeper/internal/server/service/download/download.go:68.2,68.29 1 0
github.com/igortoigildin/goph-keeper/internal/server/service/download/download.go:68.29,72.3 2 0
github.com/igortoigildin/goph-keeper/internal/server/service/download/download.go:74.2,75.16 2 0
github.com/igortoigildin/goph-keeper/internal/server/service/download/download.go:75.16,77.3 1 0
github.com/igortoigildin/goph-keeper/internal/server/service/download/download.go:79.2,81.26 2 0
github.com/igortoigildin/goph-keeper/internal/server/service/download/download.go:84.103,86.9 2 0
github.com/igortoigildin/goph-keeper/internal/server/service/download/download.go:86.9,90.3 2 0
github.com/igortoigildin/goph-keeper/internal/server/service/download/download.go:90.8,90.26 1 0
github.com/igortoigildin/goph-keeper/internal/server/service/download/download.go:90.26,94.3 2 0
github.com/igortoigildin/goph-keeper/internal/server/service/download/download.go:96.2,96.28 1 0
github.com/igortoigildin/goph-keeper/internal/server/service/download/download.go:96.28,100.3 2 0
github.com/igortoigildin/goph-keeper/internal/server/service/download/download.go:102.2,108.16 4 0
github.com/igortoigildin/goph-keeper/internal/server/service/download/download.go:108.16,112.3 2 0
github.com/igortoigildin/goph-keeper/internal/server/service/download/download.go:115.2,115.29 1 0
github.com/igortoigildin/goph-keeper/internal/server/service/download/download.go:115.29,119.3 2 0
github.com/igortoigildin/goph-keeper/internal/server/service/download/download.go:121.2,122.16 2 0
github.com/igortoigildin/goph-keeper/internal/server/service/download/download.go:122.16,124.3 1 0
github.com/igortoigildin/goph-keeper/internal/server/service/download/download.go:126.2,129.16 3 0
github.com/igortoigildin/goph-keeper/internal/server/service/download/download.go:129.16,133.3 2 0
github.com/igortoigildin/goph-keeper/internal/server/service/download/download.go:135.2,135.17 1 0
github.com/igortoigildin/goph-keeper/internal/server/service/download/download.go:138.88,140.9 2 0
github.com/igortoigildin/goph-keeper/internal/server/service/download/download.go:140.9,144.3 2 0
github.com/igortoigildin/goph-keeper/internal/server/service/download/download.go:144.8,144.26 1 0
github.com/igortoigildin/goph-keeper/internal/server/service/download/download.go:144.26,148.3 2 0
github.com/igortoigildin/goph-keeper/internal/server/service/download/download.go:150.2,150.28 1 0
github.com/igortoigildin/goph-keeper/internal/server/service/download/download.go:150.28,154.3 2 0
github.com/igortoigildin/goph-keeper/internal/server/service/download/download.go:156.2,162.16 4 0
github.com/igortoigildin/goph-keeper/internal/server/service/download/download.go:162.16,166.3 2 0
github.com/igortoigildin/goph-keeper/internal/server/service/download/download.go:169.2,169.29 1 0
github.com/igortoigildin/goph-keeper/internal/server/service/download/download.go:169.29,175.3 3 0
github.com/igortoigildin/goph-keeper/internal/server/service/download/download.go:177.2,178.16 2 0
github.com/igortoigildin/goph-keeper/internal/server/service/download/download.go:178.16,180.3 1 0
github.com/igortoigildin/goph-keeper/internal/server/service/download/download.go:182.2,182.26 1 0
github.com/igortoigildin/goph-keeper/internal/server/service/download/download.go:185.108,187.9 2 0
github.com/igortoigildin/goph-keeper/internal/server/service/download/download.go:187.9,191.3 2 0
github.com/igortoigildin/goph-keeper/internal/server/service/download/download.go:191.8,191.26 1 0
github.com/igortoigildin/goph-keeper/internal/server/service/download/download.go:191.26,195.3 2 0
github.com/igortoigildin/goph-keeper/internal/server/service/download/download.go:197.2,197.28 1 0
github.com/igortoigildin/goph-keeper/internal/server/service/download/download.go:197.28,201.3 2 0
github.com/igortoigildin/goph-keeper/internal/server/service/download/download.go:203.2,209.16 4 0
github.com/igortoigildin/goph-keeper/internal/server/service/download/download.go:209.16,213.3 2 0
github.com/igortoigildin/goph-keeper/internal/server/service/download/download.go:216.2,216.29 1 0
github.com/igortoigildin/goph-keeper/internal/server/service/download/download.go:216.29,220.3 2 0
github.com/igortoigildin/goph-keeper/internal/server/service/download/download.go:222.2,223.16 2 0
github.com/igortoigildin/goph-keeper/internal/server/service/download/download.go:223.16,227.3 2 0
github.com/igortoigildin/goph-keeper/internal/server/service/download/download.go:229.2,232.16 3 0
github.com/igortoigildin/goph-keeper/internal/server/service/download/download.go:232.16,236.3 2 0
github.com/igortoigildin/goph-keeper/internal/server/service/download/download.go:238.2,238.17 1 0
github.com/igortoigildin/goph-keeper/internal/server/config/config.go:12.38,14.16 2 0
github.com/igortoigildin/goph-keeper/internal/server/config/config.go:14.16,16.3 1 0
github.com/igortoigildin/goph-keeper/internal/server/config/config.go:18.2,18.12 1 0
github.com/igortoigildin/goph-keeper/internal/server/config/config.go:33.25,35.22 2 0
github.com/igortoigildin/goph-keeper/internal/server/config/config.go:35.22,36.32 1 0
github.com/igortoigildin/goph-keeper/internal/server/config/config.go:39.2,39.33 1 0
github.com/igortoigildin/goph-keeper/internal/server/config/config.go:42.46,44.55 1 0
github.com/igortoigildin/goph-keeper/internal/server/config/config.go:44.55,45.53 1 0
github.com/igortoigildin/goph-keeper/internal/server/config/config.go:48.2,50.62 2 0
github.com/igortoigildin/goph-keeper/internal/server/config/config.go:50.62,51.46 1 0
github.com/igortoigildin/goph-keeper/internal/server/config/config.go:57.2,57.62 1 0
github.com/igortoigildin/goph-keeper/internal/server/config/config.go:57.62,59.3 1 0
github.com/igortoigildin/goph-keeper/internal/server/config/config.go:61.2,61.13 1 0
github.com/igortoigildin/goph-keeper/internal/server/config/config.go:64.31,70.15 4 0
github.com/igortoigildin/goph-keeper/internal/server/config/config.go:70.15,72.3 1 0
github.com/igortoigildin/goph-keeper/internal/server/config/config.go:74.2,74.12 1 0
github.com/igortoigildin/goph-keeper/internal/server/config/grpc.go:24.42,26.20 2 0
github.com/igortoigildin/goph-keeper/internal/server/config/grpc.go:26.20,28.3 1 0
github.com/igortoigildin/goph-keeper/internal/server/config/grpc.go:30.2,31.20 2 0
github.com/igortoigildin/goph-keeper/internal/server/config/grpc.go:31.20,33.3 1 0
github.com/igortoigildin/goph-keeper/internal/server/config/grpc.go:35.2,38.8 1 0
github.com/igortoigildin/goph-keeper/internal/server/config/grpc.go:41.41,43.2 1 0
github.com/igortoigildin/goph-keeper/internal/server/config/pg.go:20.38,22.19 2 0
github.com/igortoigildin/goph-keeper/internal/server/config/pg.go:22.19,24.3 1 0
github.com/igortoigildin/goph-keeper/internal/server/config/pg.go:26.2,28.8 1 0
github.com/igortoigildin/goph-keeper/internal/server/config/pg.go:31.35,33.2 1 0
github.com/igortoigildin/goph-keeper/internal/server/service/auth/auth.go:39.55,43.2 1 0
github.com/igortoigildin/goph-keeper/internal/server/service/auth/auth.go:48.87,54.16 4 0
github.com/igortoigildin/goph-keeper/internal/server/service/auth/auth.go:54.16,55.46 1 0
github.com/igortoigildin/goph-keeper/internal/server/service/auth/auth.go:55.46,59.4 2 0
github.com/igortoigildin/goph-keeper/internal/server/service/auth/auth.go:61.3,63.43 2 0
github.com/igortoigildin/goph-keeper/internal/server/service/auth/auth.go:67.2,67.56 1 0
github.com/igortoigildin/goph-keeper/internal/server/service/auth/auth.go:67.56,69.3 1 0
github.com/igortoigildin/goph-keeper/internal/server/service/auth/auth.go:72.2,73.16 2 0
github.com/igortoigildin/goph-keeper/internal/server/service/auth/auth.go:73.16,75.3 1 0
github.com/igortoigildin/goph-keeper/internal/server/service/auth/auth.go:77.2,79.26 2 0
github.com/igortoigildin/goph-keeper/internal/server/service/auth/auth.go:84.99,88.16 3 0
github.com/igortoigildin/goph-keeper/internal/server/service/auth/auth.go:88.16,92.3 2 0
github.com/igortoigildin/goph-keeper/internal/server/service/auth/auth.go:94.2,95.16 2 0
github.com/igortoigildin/goph-keeper/internal/server/service/auth/auth.go:95.16,99.3 2 0
github.com/igortoigildin/goph-keeper/internal/server/service/auth/auth.go:101.2,103.16 2 0
github.com/igortoigildin/goph-keeper/internal/server/storage/minio/data.go:28.38,30.2 1 0
github.com/igortoigildin/goph-keeper/internal/server/storage/minio/data.go:32.102,37.16 2 0
github.com/igortoigildin/goph-keeper/internal/server/storage/minio/data.go:37.16,41.3 2 0
github.com/igortoigildin/goph-keeper/internal/server/storage/minio/data.go:44.2,49.16 4 0
github.com/igortoigildin/goph-keeper/internal/server/storage/minio/data.go:49.16,50.121 1 0
github.com/igortoigildin/goph-keeper/internal/server/storage/minio/data.go:50.121,52.4 1 0
github.com/igortoigildin/goph-keeper/internal/server/storage/minio/data.go:52.9,56.4 2 0
github.com/igortoigildin/goph-keeper/internal/server/storage/minio/data.go:60.2,61.16 2 0
github.com/igortoigildin/goph-keeper/internal/server/storage/minio/data.go:61.16,65.3 2 0
github.com/igortoigildin/goph-keeper/internal/server/storage/minio/data.go:66.2,77.16 3 0
github.com/igortoigildin/goph-keeper/internal/server/storage/minio/data.go:77.16,81.3 2 0
github.com/igortoigildin/goph-keeper/internal/server/storage/minio/data.go:83.2,85.12 2 0
github.com/igortoigildin/goph-keeper/internal/server/storage/minio/data.go:88.114,93.16 2 0
github.com/igortoigildin/goph-keeper/internal/server/storage/minio/data.go:93.16,97.3 2 0
github.com/igortoigildin/goph-keeper/internal/server/storage/minio/data.go:99.2,100.16 2 0
github.com/igortoigildin/goph-keeper/internal/server/storage/minio/data.go:100.16,102.3 1 0
github.com/igortoigildin/goph-keeper/internal/server/storage/minio/data.go:103.2,108.16 4 0
github.com/igortoigildin/goph-keeper/internal/server/storage/minio/data.go:108.16,112.3 2 0
github.com/igortoigildin/goph-keeper/internal/server/storage/minio/data.go:114.2,116.17 2 0
github.com/igortoigildin/goph-keeper/internal/server/storage/minio/data.go:119.101,124.16 2 0
github.com/igortoigildin/goph-keeper/internal/server/storage/minio/data.go:124.16,128.3 2 0
github.com/igortoigildin/goph-keeper/internal/server/storage/minio/data.go:131.2,132.16 2 0
github.com/igortoigildin/goph-keeper/internal/server/storage/minio/data.go:132.16,136.3 2 0
github.com/igortoigildin/goph-keeper/internal/server/storage/minio/data.go:139.2,147.16 5 0
github.com/igortoigildin/goph-keeper/internal/server/storage/minio/data.go:147.16,148.121 1 0
github.com/igortoigildin/goph-keeper/internal/server/storage/minio/data.go:148.121,150.4 1 0
github.com/igortoigildin/goph-keeper/internal/server/storage/minio/data.go:150.9,154.4 2 0
github.com/igortoigildin/goph-keeper/internal/server/storage/minio/data.go:157.2,160.16 2 0
github.com/igortoigildin/goph-keeper/internal/server/storage/minio/data.go:160.16,164.3 2 0
github.com/igortoigildin/goph-keeper/internal/server/storage/minio/data.go:166.2,168.12 2 0
github.com/igortoigildin/goph-keeper/internal/server/storage/minio/data.go:171.111,176.16 2 0
github.com/igortoigildin/goph-keeper/internal/server/storage/minio/data.go:176.16,180.3 2 0
github.com/igortoigildin/goph-keeper/internal/server/storage/minio/data.go:182.2,183.16 2 0
github.com/igortoigildin/goph-keeper/internal/server/storage/minio/data.go:183.16,187.3 2 0
github.com/igortoigildin/goph-keeper/internal/server/storage/minio/data.go:188.2,193.16 4 0
github.com/igortoigildin/goph-keeper/internal/server/storage/minio/data.go:193.16,197.3 2 0
github.com/igortoigildin/goph-keeper/internal/server/storage/minio/data.go:199.2,203.17 3 0
github.com/igortoigildin/goph-keeper/internal/server/service/upload/upload.go:35.102,37.2 1 0
github.com/igortoigildin/goph-keeper/internal/server/service/upload/upload.go:39.89,41.9 2 0
github.com/igortoigildin/goph-keeper/internal/server/service/upload/upload.go:41.9,45.3 2 0
github.com/igortoigildin/goph-keeper/internal/server/service/upload/upload.go:45.8,45.26 1 0
github.com/igortoigildin/goph-keeper/internal/server/service/upload/upload.go:45.26,49.3 2 0
github.com/igortoigildin/goph-keeper/internal/server/service/upload/upload.go:51.2,51.28 1 0
github.com/igortoigildin/goph-keeper/internal/server/service/upload/upload.go:51.28,55.3 2 0
github.com/igortoigildin/goph-keeper/internal/server/service/upload/upload.go:55.8,55.27 1 0
github.com/igortoigildin/goph-keeper/internal/server/service/upload/upload.go:55.27,59.3 2 0
github.com/igortoigildin/goph-keeper/internal/server/service/upload/upload.go:59.8,59.32 1 0
github.com/igortoigildin/goph-keeper/internal/server/service/upload/upload.go:59.32,63.3 2 0
github.com/igortoigildin/goph-keeper/internal/server/service/upload/upload.go:65.2,73.16 5 0
github.com/igortoigildin/goph-keeper/internal/server/service/upload/upload.go:73.16,77.3 2 0
github.com/igortoigildin/goph-keeper/internal/server/service/upload/upload.go:79.2,80.16 2 0
github.com/igortoigildin/goph-keeper/internal/server/service/upload/upload.go:80.16,84.3 2 0
github.com/igortoigildin/goph-keeper/internal/server/service/upload/upload.go:86.2,86.12 1 0
github.com/igortoigildin/goph-keeper/internal/server/service/upload/upload.go:89.74,91.9 2 0
github.com/igortoigildin/goph-keeper/internal/server/service/upload/upload.go:91.9,95.3 2 0
github.com/igortoigildin/goph-keeper/internal/server/service/upload/upload.go:95.8,95.26 1 0
github.com/igortoigildin/goph-keeper/internal/server/service/upload/upload.go:95.26,99.3 2 0
github.com/igortoigildin/goph-keeper/internal/server/service/upload/upload.go:101.2,101.28 1 0
github.com/igortoigildin/goph-keeper/internal/server/service/upload/upload.go:101.28,105.3 2 0
github.com/igortoigildin/goph-keeper/internal/server/service/upload/upload.go:105.8,105.32 1 0
github.com/igortoigildin/goph-keeper/internal/server/service/upload/upload.go:105.32,109.3 2 0
github.com/igortoigildin/goph-keeper/internal/server/service/upload/upload.go:111.2,118.16 5 0
github.com/igortoigildin/goph-keeper/internal/server/service/upload/upload.go:118.16,122.3 2 0
github.com/igortoigildin/goph-keeper/internal/server/service/upload/upload.go:124.2,125.16 2 0
github.com/igortoigildin/goph-keeper/internal/server/service/upload/upload.go:125.16,129.3 2 0
github.com/igortoigildin/goph-keeper/internal/server/service/upload/upload.go:131.2,131.12 1 0
github.com/igortoigildin/goph-keeper/internal/server/service/upload/upload.go:134.94,136.9 2 0
github.com/igortoigildin/goph-keeper/internal/server/service/upload/upload.go:136.9,140.3 2 0
github.com/igortoigildin/goph-keeper/internal/server/service/upload/upload.go:140.8,140.26 1 0
github.com/igortoigildin/goph-keeper/internal/server/service/upload/upload.go:140.26,144.3 2 0
github.com/igortoigildin/goph-keeper/internal/server/service/upload/upload.go:146.2,146.28 1 0
github.com/igortoigildin/goph-keeper/internal/server/service/upload/upload.go:146.28,150.3 2 0
github.com/igortoigildin/goph-keeper/internal/server/service/upload/upload.go:152.2,159.16 5 0
github.com/igortoigildin/goph-keeper/internal/server/service/upload/upload.go:159.16,163.3 2 0
github.com/igortoigildin/goph-keeper/internal/server/service/upload/upload.go:165.2,166.16 2 0
github.com/igortoigildin/goph-keeper/internal/server/service/upload/upload.go:166.16,170.3 2 0
github.com/igortoigildin/goph-keeper/internal/server/service/upload/upload.go:172.2,172.12 1 0
github.com/igortoigildin/goph-keeper/internal/server/service/upload/upload.go:175.79,179.15 4 0
github.com/igortoigildin/goph-keeper/internal/server/service/upload/upload.go:179.15,180.49 1 0
github.com/igortoigildin/goph-keeper/internal/server/service/upload/upload.go:180.49,182.4 1 0
github.com/igortoigildin/goph-keeper/internal/server/service/upload/upload.go:185.2,185.6 1 0
github.com/igortoigildin/goph-keeper/internal/server/service/upload/upload.go:185.6,187.26 2 0
github.com/igortoigildin/goph-keeper/internal/server/service/upload/upload.go:187.26,189.4 1 0
github.com/igortoigildin/goph-keeper/internal/server/service/upload/upload.go:190.3,190.20 1 0
github.com/igortoigildin/goph-keeper/internal/server/service/upload/upload.go:190.20,191.9 1 0
github.com/igortoigildin/goph-keeper/internal/server/service/upload/upload.go:194.3,194.17 1 0
github.com/igortoigildin/goph-keeper/internal/server/service/upload/upload.go:194.17,198.4 2 0
github.com/igortoigildin/goph-keeper/internal/server/service/upload/upload.go:200.3,205.43 4 0
github.com/igortoigildin/goph-keeper/internal/server/service/upload/upload.go:205.43,209.4 2 0
github.com/igortoigildin/goph-keeper/internal/server/service/upload/upload.go:212.2,213.9 2 0
github.com/igortoigildin/goph-keeper/internal/server/service/upload/upload.go:213.9,217.3 2 0
github.com/igortoigildin/goph-keeper/internal/server/service/upload/upload.go:217.8,217.26 1 0
github.com/igortoigildin/goph-keeper/internal/server/service/upload/upload.go:217.26,221.3 2 0
github.com/igortoigildin/goph-keeper/internal/server/service/upload/upload.go:222.2,222.28 1 0
github.com/igortoigildin/goph-keeper/internal/server/service/upload/upload.go:222.28,226.3 2 0
github.com/igortoigildin/goph-keeper/internal/server/service/upload/upload.go:228.2,235.16 5 0
github.com/igortoigildin/goph-keeper/internal/server/service/upload/upload.go:235.16,239.3 2 0
github.com/igortoigildin/goph-keeper/internal/server/service/upload/upload.go:241.2,245.16 4 0
github.com/igortoigildin/goph-keeper/internal/server/service/upload/upload.go:245.16,249.3 2 0
github.com/igortoigildin/goph-keeper/internal/server/service/upload/upload.go:252.2,253.16 2 0
github.com/igortoigildin/goph-keeper/internal/server/service/upload/upload.go:253.16,257.3 2 0
github.com/igortoigildin/goph-keeper/internal/server/service/upload/upload.go:259.2,259.90 1 0
github.com/igortoigildin/goph-keeper/internal/server/storage/pg/access/access.go:26.52,30.2 1 0
github.com/igortoigildin/goph-keeper/internal/server/storage/pg/access/access.go:32.112,40.16 3 0
github.com/igortoigildin/goph-keeper/internal/server/storage/pg/access/access.go:40.16,42.3 1 0
github.com/igortoigildin/goph-keeper/internal/server/storage/pg/access/access.go:44.2,51.16 4 0
github.com/igortoigildin/goph-keeper/internal/server/storage/pg/access/access.go:51.16,53.3 1 0
github.com/igortoigildin/goph-keeper/internal/server/storage/pg/access/access.go:55.2,55.19 1 0
github.com/igortoigildin/goph-keeper/internal/server/storage/pg/access/access.go:58.93,68.16 4 0
github.com/igortoigildin/goph-keeper/internal/server/storage/pg/access/access.go:68.16,70.3 1 0
github.com/igortoigildin/goph-keeper/internal/server/storage/pg/access/access.go:72.2,78.16 3 0
github.com/igortoigildin/goph-keeper/internal/server/storage/pg/access/access.go:78.16,80.3 1 0
github.com/igortoigildin/goph-keeper/internal/server/storage/pg/access/access.go:82.2,82.12 1 0
github.com/igortoigildin/goph-keeper/internal/server/app/app.go:30.48,34.16 3 0
github.com/igortoigildin/goph-keeper/internal/server/app/app.go:34.16,36.3 1 0
github.com/igortoigildin/goph-keeper/internal/server/app/app.go:38.2,38.15 1 0
github.com/igortoigildin/goph-keeper/internal/server/app/app.go:41.27,42.15 1 0
github.com/igortoigildin/goph-keeper/internal/server/app/app.go:42.15,45.3 2 0
github.com/igortoigildin/goph-keeper/internal/server/app/app.go:47.2,47.26 1 0
github.com/igortoigildin/goph-keeper/internal/server/app/app.go:50.51,57.26 2 0
github.com/igortoigildin/goph-keeper/internal/server/app/app.go:57.26,59.17 2 0
github.com/igortoigildin/goph-keeper/internal/server/app/app.go:59.17,61.4 1 0
github.com/igortoigildin/goph-keeper/internal/server/app/app.go:64.2,64.12 1 0
github.com/igortoigildin/goph-keeper/internal/server/app/app.go:67.51,69.16 2 0
github.com/igortoigildin/goph-keeper/internal/server/app/app.go:69.16,71.3 1 0
github.com/igortoigildin/goph-keeper/internal/server/app/app.go:73.2,73.12 1 0
github.com/igortoigildin/goph-keeper/internal/server/app/app.go:76.57,86.2 6 0
github.com/igortoigildin/goph-keeper/internal/server/app/app.go:88.37,92.16 3 0
github.com/igortoigildin/goph-keeper/internal/server/app/app.go:92.16,94.3 1 0
github.com/igortoigildin/goph-keeper/internal/server/app/app.go:96.2,97.16 2 0
github.com/igortoigildin/goph-keeper/internal/server/app/app.go:97.16,99.3 1 0
github.com/igortoigildin/goph-keeper/internal/server/app/app.go:101.2,101.12 1 0
github.com/igortoigildin/goph-keeper/internal/server/app/app.go:104.60,108.2 2 0
github.com/igortoigildin/goph-keeper/internal/server/app/service_provider.go:48.44,50.2 1 0
github.com/igortoigildin/goph-keeper/internal/server/app/service_provider.go:52.58,53.25 1 0
github.com/igortoigildin/goph-keeper/internal/server/app/service_provider.go:53.25,55.17 2 0
github.com/igortoigildin/goph-keeper/internal/server/app/service_provider.go:55.17,57.4 1 0
github.com/igortoigildin/goph-keeper/internal/server/app/service_provider.go:59.3,59.21 1 0
github.com/igortoigildin/goph-keeper/internal/server/app/service_provider.go:62.2,62.21 1 0
github.com/igortoigildin/goph-keeper/internal/server/app/service_provider.go:65.54,66.23 1 0
github.com/igortoigildin/goph-keeper/internal/server/app/service_provider.go:66.23,68.17 2 0
github.com/igortoigildin/goph-keeper/internal/server/app/service_provider.go:68.17,70.4 1 0
github.com/igortoigildin/goph-keeper/internal/server/app/service_provider.go:72.3,72.19 1 0
github.com/igortoigildin/goph-keeper/internal/server/app/service_provider.go:75.2,75.19 1 0
github.com/igortoigildin/goph-keeper/internal/server/app/service_provider.go:78.79,79.25 1 0
github.com/igortoigildin/goph-keeper/internal/server/app/service_provider.go:79.25,81.3 1 0
github.com/igortoigildin/goph-keeper/internal/server/app/service_provider.go:83.2,83.21 1 0
github.com/igortoigildin/goph-keeper/internal/server/app/service_provider.go:86.84,87.28 1 0
github.com/igortoigildin/goph-keeper/internal/server/app/service_provider.go:87.28,89.3 1 0
github.com/igortoigildin/goph-keeper/internal/server/app/service_provider.go:91.2,91.24 1 0
github.com/igortoigildin/goph-keeper/internal/server/app/service_provider.go:94.80,95.26 1 0
github.com/igortoigildin/goph-keeper/internal/server/app/service_provider.go:95.26,97.3 1 0
github.com/igortoigildin/goph-keeper/internal/server/app/service_provider.go:98.2,98.22 1 0
github.com/igortoigildin/goph-keeper/internal/server/app/service_provider.go:101.78,102.23 1 0
github.com/igortoigildin/goph-keeper/internal/server/app/service_provider.go:102.23,104.3 1 0
github.com/igortoigildin/goph-keeper/internal/server/app/service_provider.go:106.2,106.19 1 0
github.com/igortoigildin/goph-keeper/internal/server/app/service_provider.go:109.88,110.30 1 0
github.com/igortoigildin/goph-keeper/internal/server/app/service_provider.go:110.30,112.3 1 0
github.com/igortoigildin/goph-keeper/internal/server/app/service_provider.go:114.2,114.26 1 0
github.com/igortoigildin/goph-keeper/internal/server/app/service_provider.go:117.86,118.27 1 0
github.com/igortoigildin/goph-keeper/internal/server/app/service_provider.go:118.27,120.3 1 0
github.com/igortoigildin/goph-keeper/internal/server/app/service_provider.go:122.2,122.23 1 0
github.com/igortoigildin/goph-keeper/internal/server/app/service_provider.go:125.67,126.23 1 0
github.com/igortoigildin/goph-keeper/internal/server/app/service_provider.go:126.23,128.17 2 0
github.com/igortoigildin/goph-keeper/internal/server/app/service_provider.go:128.17,130.4 1 0
github.com/igortoigildin/goph-keeper/internal/server/app/service_provider.go:132.3,133.17 2 0
github.com/igortoigildin/goph-keeper/internal/server/app/service_provider.go:133.17,135.4 1 0
github.com/igortoigildin/goph-keeper/internal/server/app/service_provider.go:137.3,139.18 2 0
github.com/igortoigildin/goph-keeper/internal/server/app/service_provider.go:142.2,142.19 1 0
github.com/igortoigildin/goph-keeper/internal/server/app/service_provider.go:145.89,146.29 1 0
github.com/igortoigildin/goph-keeper/internal/server/app/service_provider.go:146.29,148.3 1 0
github.com/igortoigildin/goph-keeper/internal/server/app/service_provider.go:150.2,150.25 1 0
github.com/igortoigildin/goph-keeper/internal/server/app/service_provider.go:153.89,154.29 1 0
github.com/igortoigildin/goph-keeper/internal/server/app/service_provider.go:154.29,156.3 1 0
github.com/igortoigildin/goph-keeper/internal/server/app/service_provider.go:158.2,158.25 1 0
github.com/igortoigildin/goph-keeper/internal/server/app/service_provider.go:161.98,162.31 1 0
github.com/igortoigildin/goph-keeper/internal/server/app/service_provider.go:162.31,164.3 1 0
github.com/igortoigildin/goph-keeper/internal/server/app/service_provider.go:166.2,166.27 1 0
github.com/igortoigildin/goph-keeper/internal/server/storage/pg/user/user.go:24.50,28.2 1 0
github.com/igortoigildin/goph-keeper/internal/server/storage/pg/user/user.go:30.104,40.16 4 0
github.com/igortoigildin/goph-keeper/internal/server/storage/pg/user/user.go:40.16,42.3 1 0
github.com/igortoigildin/goph-keeper/internal/server/storage/pg/user/user.go:44.2,51.16 4 0
github.com/igortoigildin/goph-keeper/internal/server/storage/pg/user/user.go:51.16,53.3 1 0
github.com/igortoigildin/goph-keeper/internal/server/storage/pg/user/user.go:55.2,55.16 1 0
github.com/igortoigildin/goph-keeper/internal/server/storage/pg/user/user.go:58.97,66.16 3 0
github.com/igortoigildin/goph-keeper/internal/server/storage/pg/user/user.go:66.16,68.3 1 0
github.com/igortoigildin/goph-keeper/internal/server/storage/pg/user/user.go:70.2,77.16 4 0
github.com/igortoigildin/goph-keeper/internal/server/storage/pg/user/user.go:77.16,79.3 1 0
github.com/igortoigildin/goph-keeper/internal/server/storage/pg/user/user.go:81.2,81.19 1 0
github.com/igortoigildin/goph-keeper/pkg/auth_v1/auth.pb.go:32.32,37.2 4 0
github.com/igortoigildin/goph-keeper/pkg/auth_v1/auth.pb.go:39.40,41.2 1 0
github.com/igortoigildin/goph-keeper/pkg/auth_v1/auth.pb.go:43.38,43.39 0 0
github.com/igortoigildin/goph-keeper/pkg/auth_v1/auth.pb.go:45.60,47.14 2 0
github.com/igortoigildin/goph-keeper/pkg/auth_v1/auth.pb.go:47.14,49.34 2 0
github.com/igortoigildin/goph-keeper/pkg/auth_v1/auth.pb.go:49.34,51.4 1 0
github.com/igortoigildin/goph-keeper/pkg/auth_v1/auth.pb.go:52.3,52.12 1 0
github.com/igortoigildin/goph-keeper/pkg/auth_v1/auth.pb.go:54.2,54.24 1 0
github.com/igortoigildin/goph-keeper/pkg/auth_v1/auth.pb.go:58.51,60.2 1 0
github.com/igortoigildin/goph-keeper/pkg/auth_v1/auth.pb.go:62.42,63.14 1 0
github.com/igortoigildin/goph-keeper/pkg/auth_v1/auth.pb.go:63.14,65.3 1 0
github.com/igortoigildin/goph-keeper/pkg/auth_v1/auth.pb.go:66.2,66.11 1 0
github.com/igortoigildin/goph-keeper/pkg/auth_v1/auth.pb.go:69.45,70.14 1 0
github.com/igortoigildin/goph-keeper/pkg/auth_v1/auth.pb.go:70.14,72.3 1 0
github.com/igortoigildin/goph-keeper/pkg/auth_v1/auth.pb.go:73.2,73.11 1 0
github.com/igortoigildin/goph-keeper/pkg/auth_v1/auth.pb.go:84.33,89.2 4 0
github.com/igortoigildin/goph-keeper/pkg/auth_v1/auth.pb.go:91.41,93.2 1 0
github.com/igortoigildin/goph-keeper/pkg/auth_v1/auth.pb.go:95.39,95.40 0 0
github.com/igortoigildin/goph-keeper/pkg/auth_v1/auth.pb.go:97.61,99.14 2 0
github.com/igortoigildin/goph-keeper/pkg/auth_v1/auth.pb.go:99.14,101.34 2 0
github.com/igortoigildin/goph-keeper/pkg/auth_v1/auth.pb.go:101.34,103.4 1 0
github.com/igortoigildin/goph-keeper/pkg/auth_v1/auth.pb.go:104.3,104.12 1 0
github.com/igortoigildin/goph-keeper/pkg/auth_v1/auth.pb.go:106.2,106.24 1 0
github.com/igortoigildin/goph-keeper/pkg/auth_v1/auth.pb.go:110.52,112.2 1 0
github.com/igortoigildin/goph-keeper/pkg/auth_v1/auth.pb.go:114.50,115.14 1 0
github.com/igortoigildin/goph-keeper/pkg/auth_v1/auth.pb.go:115.14,117.3 1 0
github.com/igortoigildin/goph-keeper/pkg/auth_v1/auth.pb.go:118.2,118.11 1 0
github.com/igortoigildin/goph-keeper/pkg/auth_v1/auth.pb.go:129.42,134.2 4 0
github.com/igortoigildin/goph-keeper/pkg/auth_v1/auth.pb.go:136.50,138.2 1 0
github.com/igortoigildin/goph-keeper/pkg/auth_v1/auth.pb.go:140.48,140.49 0 0
github.com/igortoigildin/goph-keeper/pkg/auth_v1/auth.pb.go:142.70,144.14 2 0
github.com/igortoigildin/goph-keeper/pkg/auth_v1/auth.pb.go:144.14,146.34 2 0
github.com/igortoigildin/goph-keeper/pkg/auth_v1/auth.pb.go:146.34,148.4 1 0
github.com/igortoigildin/goph-keeper/pkg/auth_v1/auth.pb.go:149.3,149.12 1 0
github.com/igortoigildin/goph-keeper/pkg/auth_v1/auth.pb.go:151.2,151.24 1 0
github.com/igortoigildin/goph-keeper/pkg/auth_v1/auth.pb.go:155.61,157.2 1 0
github.com/igortoigildin/goph-keeper/pkg/auth_v1/auth.pb.go:159.59,160.14 1 0
github.com/igortoigildin/goph-keeper/pkg/auth_v1/auth.pb.go:160.14,162.3 1 0
github.com/igortoigildin/goph-keeper/pkg/auth_v1/auth.pb.go:163.2,163.11 1 0
github.com/igortoigildin/goph-keeper/pkg/auth_v1/auth.pb.go:174.43,179.2 4 0
github.com/igortoigildin/goph-keeper/pkg/auth_v1/auth.pb.go:181.51,183.2 1 0
github.com/igortoigildin/goph-keeper/pkg/auth_v1/auth.pb.go:185.49,185.50 0 0
github.com/igortoigildin/goph-keeper/pkg/auth_v1/auth.pb.go:187.71,189.14 2 0
github.com/igortoigildin/goph-keeper/pkg/auth_v1/auth.pb.go:189.14,191.34 2 0
github.com/igortoigildin/goph-keeper/pkg/auth_v1/auth.pb.go:191.34,193.4 1 0
github.com/igortoigildin/goph-keeper/pkg/auth_v1/auth.pb.go:194.3,194.12 1 0
github.com/igortoigildin/goph-keeper/pkg/auth_v1/auth.pb.go:196.2,196.24 1 0
github.com/igortoigildin/goph-keeper/pkg/auth_v1/auth.pb.go:200.62,202.2 1 0
github.com/igortoigildin/goph-keeper/pkg/auth_v1/auth.pb.go:204.60,205.14 1 0
github.com/igortoigildin/goph-keeper/pkg/auth_v1/auth.pb.go:205.14,207.3 1 0
github.com/igortoigildin/goph-keeper/pkg/auth_v1/auth.pb.go:208.2,208.11 1 0
github.com/igortoigildin/goph-keeper/pkg/auth_v1/auth.pb.go:219.41,224.2 4 0
github.com/igortoigildin/goph-keeper/pkg/auth_v1/auth.pb.go:226.49,228.2 1 0
github.com/igortoigildin/goph-keeper/pkg/auth_v1/auth.pb.go:230.47,230.48 0 0
github.com/igortoigildin/goph-keeper/pkg/auth_v1/auth.pb.go:232.69,234.14 2 0
github.com/igortoigildin/goph-keeper/pkg/auth_v1/auth.pb.go:234.14,236.34 2 0
github.com/igortoigildin/goph-keeper/pkg/auth_v1/auth.pb.go:236.34,238.4 1 0
github.com/igortoigildin/goph-keeper/pkg/auth_v1/auth.pb.go:239.3,239.12 1 0
github.com/igortoigildin/goph-keeper/pkg/auth_v1/auth.pb.go:241.2,241.24 1 0
github.com/igortoigildin/goph-keeper/pkg/auth_v1/auth.pb.go:245.60,247.2 1 0
github.com/igortoigildin/goph-keeper/pkg/auth_v1/auth.pb.go:249.58,250.14 1 0
github.com/igortoigildin/goph-keeper/pkg/auth_v1/auth.pb.go:250.14,252.3 1 0
github.com/igortoigildin/goph-keeper/pkg/auth_v1/auth.pb.go:253.2,253.11 1 0
github.com/igortoigildin/goph-keeper/pkg/auth_v1/auth.pb.go:264.42,269.2 4 0
github.com/igortoigildin/goph-keeper/pkg/auth_v1/auth.pb.go:271.50,273.2 1 0
github.com/igortoigildin/goph-keeper/pkg/auth_v1/auth.pb.go:275.48,275.49 0 0
github.com/igortoigildin/goph-keeper/pkg/auth_v1/auth.pb.go:277.70,279.14 2 0
github.com/igortoigildin/goph-keeper/pkg/auth_v1/auth.pb.go:279.14,281.34 2 0
github.com/igortoigildin/goph-keeper/pkg/auth_v1/auth.pb.go:281.34,283.4 1 0
github.com/igortoigildin/goph-keeper/pkg/auth_v1/auth.pb.go:284.3,284.12 1 0
github.com/igortoigildin/goph-keeper/pkg/auth_v1/auth.pb.go:286.2,286.24 1 0
github.com/igortoigildin/goph-keeper/pkg/auth_v1/auth.pb.go:290.61,292.2 1 0
github.com/igortoigildin/goph-keeper/pkg/auth_v1/auth.pb.go:294.58,295.14 1 0
github.com/igortoigildin/goph-keeper/pkg/auth_v1/auth.pb.go:295.14,297.3 1 0
github.com/igortoigildin/goph-keeper/pkg/auth_v1/auth.pb.go:298.2,298.11 1 0
github.com/igortoigildin/goph-keeper/pkg/auth_v1/auth.pb.go:310.35,315.2 4 0
github.com/igortoigildin/goph-keeper/pkg/auth_v1/auth.pb.go:317.43,319.2 1 0
github.com/igortoigildin/goph-keeper/pkg/auth_v1/auth.pb.go:321.41,321.42 0 0
github.com/igortoigildin/goph-keeper/pkg/auth_v1/auth.pb.go:323.63,325.14 2 0
github.com/igortoigildin/goph-keeper/pkg/auth_v1/auth.pb.go:325.14,327.34 2 0
github.com/igortoigildin/goph-keeper/pkg/auth_v1/auth.pb.go:327.34,329.4 1 0
github.com/igortoigildin/goph-keeper/pkg/auth_v1/auth.pb.go:330.3,330.12 1 0
github.com/igortoigildin/goph-keeper/pkg/auth_v1/auth.pb.go:332.2,332.24 1 0
github.com/igortoigildin/goph-keeper/pkg/auth_v1/auth.pb.go:336.54,338.2 1 0
github.com/igortoigildin/goph-keeper/pkg/auth_v1/auth.pb.go:340.45,341.14 1 0
github.com/igortoigildin/goph-keeper/pkg/auth_v1/auth.pb.go:341.14,343.3 1 0
github.com/igortoigildin/goph-keeper/pkg/auth_v1/auth.pb.go:344.2,344.11 1 0
github.com/igortoigildin/goph-keeper/pkg/auth_v1/auth.pb.go:347.48,348.14 1 0
github.com/igortoigildin/goph-keeper/pkg/auth_v1/auth.pb.go:348.14,350.3 1 0
github.com/igortoigildin/goph-keeper/pkg/auth_v1/auth.pb.go:351.2,351.11 1 0
github.com/igortoigildin/goph-keeper/pkg/auth_v1/auth.pb.go:362.36,367.2 4 0
github.com/igortoigildin/goph-keeper/pkg/auth_v1/auth.pb.go:369.44,371.2 1 0
github.com/igortoigildin/goph-keeper/pkg/auth_v1/auth.pb.go:373.42,373.43 0 0
github.com/igortoigildin/goph-keeper/pkg/auth_v1/auth.pb.go:375.64,377.14 2 0
github.com/igortoigildin/goph-keeper/pkg/auth_v1/auth.pb.go:377.14,379.34 2 0
github.com/igortoigildin/goph-keeper/pkg/auth_v1/auth.pb.go:379.34,381.4 1 0
github.com/igortoigildin/goph-keeper/pkg/auth_v1/auth.pb.go:382.3,382.12 1 0
github.com/igortoigildin/goph-keeper/pkg/auth_v1/auth.pb.go:384.2,384.24 1 0
github.com/igortoigildin/goph-keeper/pkg/auth_v1/auth.pb.go:388.55,390.2 1 0
github.com/igortoigildin/goph-keeper/pkg/auth_v1/auth.pb.go:392.46,393.14 1 0
github.com/igortoigildin/goph-keeper/pkg/auth_v1/auth.pb.go:393.14,395.3 1 0
github.com/igortoigildin/goph-keeper/pkg/auth_v1/auth.pb.go:396.2,396.10 1 0
github.com/igortoigildin/goph-keeper/pkg/auth_v1/auth.pb.go:464.43,465.40 1 0
github.com/igortoigildin/goph-keeper/pkg/auth_v1/auth.pb.go:465.40,467.3 1 0
github.com/igortoigildin/goph-keeper/pkg/auth_v1/auth.pb.go:468.2,468.36 1 0
github.com/igortoigildin/goph-keeper/pkg/auth_v1/auth.pb.go:498.13,498.39 1 0
github.com/igortoigildin/goph-keeper/pkg/auth_v1/auth.pb.go:499.29,500.28 1 0
github.com/igortoigildin/goph-keeper/pkg/auth_v1/auth.pb.go:500.28,502.3 1 0
github.com/igortoigildin/goph-keeper/pkg/auth_v1/auth.pb.go:503.2,520.31 6 0
github.com/igortoigildin/goph-keeper/pkg/auth_v1/auth_grpc.pb.go:42.64,44.2 1 0
github.com/igortoigildin/goph-keeper/pkg/auth_v1/auth_grpc.pb.go:46.127,50.16 4 0
github.com/igortoigildin/goph-keeper/pkg/auth_v1/auth_grpc.pb.go:50.16,52.3 1 0
github.com/igortoigildin/goph-keeper/pkg/auth_v1/auth_grpc.pb.go:53.2,53.17 1 0
github.com/igortoigildin/goph-keeper/pkg/auth_v1/auth_grpc.pb.go:56.118,60.16 4 0
github.com/igortoigildin/goph-keeper/pkg/auth_v1/auth_grpc.pb.go:60.16,62.3 1 0
github.com/igortoigildin/goph-keeper/pkg/auth_v1/auth_grpc.pb.go:63.2,63.17 1 0
github.com/igortoigildin/goph-keeper/pkg/auth_v1/auth_grpc.pb.go:66.148,70.16 4 0
github.com/igortoigildin/goph-keeper/pkg/auth_v1/auth_grpc.pb.go:70.16,72.3 1 0
github.com/igortoigildin/goph-keeper/pkg/auth_v1/auth_grpc.pb.go:73.2,73.17 1 0
github.com/igortoigildin/goph-keeper/pkg/auth_v1/auth_grpc.pb.go:76.145,80.16 4 0
github.com/igortoigildin/goph-keeper/pkg/auth_v1/auth_grpc.pb.go:80.16,82.3 1 0
github.com/igortoigildin/goph-keeper/pkg/auth_v1/auth_grpc.pb.go:83.2,83.17 1 0
github.com/igortoigildin/goph-keeper/pkg/auth_v1/auth_grpc.pb.go:104.105,106.2 1 0
github.com/igortoigildin/goph-keeper/pkg/auth_v1/auth_grpc.pb.go:107.96,109.2 1 0
github.com/igortoigildin/goph-keeper/pkg/auth_v1/auth_grpc.pb.go:110.126,112.2 1 0
github.com/igortoigildin/goph-keeper/pkg/auth_v1/auth_grpc.pb.go:113.123,115.2 1 0
github.com/igortoigildin/goph-keeper/pkg/auth_v1/auth_grpc.pb.go:116.72,116.73 0 0
github.com/igortoigildin/goph-keeper/pkg/auth_v1/auth_grpc.pb.go:117.72,117.73 0 0
github.com/igortoigildin/goph-keeper/pkg/auth_v1/auth_grpc.pb.go:126.70,131.59 1 0
github.com/igortoigildin/goph-keeper/pkg/auth_v1/auth_grpc.pb.go:131.59,133.3 1 0
github.com/igortoigildin/goph-keeper/pkg/auth_v1/auth_grpc.pb.go:134.2,134.45 1 0
github.com/igortoigildin/goph-keeper/pkg/auth_v1/auth_grpc.pb.go:137.160,139.32 2 0
github.com/igortoigildin/goph-keeper/pkg/auth_v1/auth_grpc.pb.go:139.32,141.3 1 0
github.com/igortoigildin/goph-keeper/pkg/auth_v1/auth_grpc.pb.go:142.2,142.24 1 0
github.com/igortoigildin/goph-keeper/pkg/auth_v1/auth_grpc.pb.go:142.24,144.3 1 0
github.com/igortoigildin/goph-keeper/pkg/auth_v1/auth_grpc.pb.go:145.2,149.77 2 0
github.com/igortoigildin/goph-keeper/pkg/auth_v1/auth_grpc.pb.go:149.77,151.3 1 0
github.com/igortoigildin/goph-keeper/pkg/auth_v1/auth_grpc.pb.go:152.2,152.44 1 0
github.com/igortoigildin/goph-keeper/pkg/auth_v1/auth_grpc.pb.go:155.157,157.32 2 0
github.com/igortoigildin/goph-keeper/pkg/auth_v1/auth_grpc.pb.go:157.32,159.3 1 0
github.com/igortoigildin/goph-keeper/pkg/auth_v1/auth_grpc.pb.go:160.2,160.24 1 0
github.com/igortoigildin/goph-keeper/pkg/auth_v1/auth_grpc.pb.go:160.24,162.3 1 0
github.com/igortoigildin/goph-keeper/pkg/auth_v1/auth_grpc.pb.go:163.2,167.77 2 0
github.com/igortoigildin/goph-keeper/pkg/auth_v1/auth_grpc.pb.go:167.77,169.3 1 0
github.com/igortoigildin/goph-keeper/pkg/auth_v1/auth_grpc.pb.go:170.2,170.44 1 0
github.com/igortoigildin/goph-keeper/pkg/auth_v1/auth_grpc.pb.go:173.167,175.32 2 0
github.com/igortoigildin/goph-keeper/pkg/auth_v1/auth_grpc.pb.go:175.32,177.3 1 0
github.com/igortoigildin/goph-keeper/pkg/auth_v1/auth_grpc.pb.go:178.2,178.24 1 0
github.com/igortoigildin/goph-keeper/pkg/auth_v1/auth_grpc.pb.go:178.24,180.3 1 0
github.com/igortoigildin/goph-keeper/pkg/auth_v1/auth_grpc.pb.go:181.2,185.77 2 0
github.com/igortoigildin/goph-keeper/pkg/auth_v1/auth_grpc.pb.go:185.77,187.3 1 0
github.com/igortoigildin/goph-keeper/pkg/auth_v1/auth_grpc.pb.go:188.2,188.44 1 0
github.com/igortoigildin/goph-keeper/pkg/auth_v1/auth_grpc.pb.go:191.166,193.32 2 0
github.com/igortoigildin/goph-keeper/pkg/auth_v1/auth_grpc.pb.go:193.32,195.3 1 0
github.com/igortoigildin/goph-keeper/pkg/auth_v1/auth_grpc.pb.go:196.2,196.24 1 0
github.com/igortoigildin/goph-keeper/pkg/auth_v1/auth_grpc.pb.go:196.24,198.3 1 0
github.com/igortoigildin/goph-keeper/pkg/auth_v1/auth_grpc.pb.go:199.2,203.77 2 0
github.com/igortoigildin/goph-keeper/pkg/auth_v1/auth_grpc.pb.go:203.77,205.3 1 0
github.com/igortoigildin/goph-keeper/pkg/auth_v1/auth_grpc.pb.go:206.2,206.44 1 0
github.com/igortoigildin/goph-keeper/pkg/logger/logger.go:14.54,16.2 1 0
github.com/igortoigildin/goph-keeper/pkg/logger/logger.go:18.45,20.2 1 0
github.com/igortoigildin/goph-keeper/pkg/logger/logger.go:22.44,24.2 1 0
github.com/igortoigildin/goph-keeper/pkg/logger/logger.go:26.44,28.2 1 0
github.com/igortoigildin/goph-keeper/pkg/logger/logger.go:30.45,32.2 1 0
github.com/igortoigildin/goph-keeper/pkg/logger/logger.go:34.45,36.2 1 0
github.com/igortoigildin/goph-keeper/pkg/logger/logger.go:38.50,40.2 1 0
github.com/igortoigildin/goph-keeper/pkg/logger/logger.go:42.50,66.2 10 0
github.com/igortoigildin/goph-keeper/pkg/logger/logger.go:68.51,70.16 2 0
github.com/igortoigildin/goph-keeper/pkg/logger/logger.go:70.16,72.3 1 0
github.com/igortoigildin/goph-keeper/pkg/logger/logger.go:73.2,73.12 1 0
github.com/igortoigildin/goph-keeper/pkg/file/file.go:16.22,20.2 1 0
github.com/igortoigildin/goph-keeper/pkg/file/file.go:22.53,24.16 2 0
github.com/igortoigildin/goph-keeper/pkg/file/file.go:24.16,26.3 1 0
github.com/igortoigildin/goph-keeper/pkg/file/file.go:27.2,29.16 3 0
github.com/igortoigildin/goph-keeper/pkg/file/file.go:29.16,31.3 1 0
github.com/igortoigildin/goph-keeper/pkg/file/file.go:32.2,33.12 2 0
github.com/igortoigildin/goph-keeper/pkg/file/file.go:36.42,37.25 1 0
github.com/igortoigildin/goph-keeper/pkg/file/file.go:37.25,39.3 1 0
github.com/igortoigildin/goph-keeper/pkg/file/file.go:40.2,41.12 2 0
github.com/igortoigildin/goph-keeper/pkg/file/file.go:44.30,46.2 1 0
github.com/igortoigildin/goph-keeper/pkg/file/file.go:48.31,50.16 2 0
github.com/igortoigildin/goph-keeper/pkg/file/file.go:50.16,52.3 1 0
github.com/igortoigildin/goph-keeper/pkg/file/file.go:54.2,54.12 1 0
github.com/igortoigildin/goph-keeper/pkg/download_v1/download.pb.go:31.39,36.2 4 0
github.com/igortoigildin/goph-keeper/pkg/download_v1/download.pb.go:38.47,40.2 1 0
github.com/igortoigildin/goph-keeper/pkg/download_v1/download.pb.go:42.45,42.46 0 0
github.com/igortoigildin/goph-keeper/pkg/download_v1/download.pb.go:44.67,46.14 2 0
github.com/igortoigildin/goph-keeper/pkg/download_v1/download.pb.go:46.14,48.34 2 0
github.com/igortoigildin/goph-keeper/pkg/download_v1/download.pb.go:48.34,50.4 1 0
github.com/igortoigildin/goph-keeper/pkg/download_v1/download.pb.go:51.3,51.12 1 0
github.com/igortoigildin/goph-keeper/pkg/download_v1/download.pb.go:53.2,53.24 1 0
github.com/igortoigildin/goph-keeper/pkg/download_v1/download.pb.go:57.58,59.2 1 0
github.com/igortoigildin/goph-keeper/pkg/download_v1/download.pb.go:61.48,62.14 1 0
github.com/igortoigildin/goph-keeper/pkg/download_v1/download.pb.go:62.14,64.3 1 0
github.com/igortoigildin/goph-keeper/pkg/download_v1/download.pb.go:65.2,65.11 1 0
github.com/igortoigildin/goph-keeper/pkg/download_v1/download.pb.go:77.40,82.2 4 0
github.com/igortoigildin/goph-keeper/pkg/download_v1/download.pb.go:84.48,86.2 1 0
github.com/igortoigildin/goph-keeper/pkg/download_v1/download.pb.go:88.46,88.47 0 0
github.com/igortoigildin/goph-keeper/pkg/download_v1/download.pb.go:90.68,92.14 2 0
github.com/igortoigildin/goph-keeper/pkg/download_v1/download.pb.go:92.14,94.34 2 0
github.com/igortoigildin/goph-keeper/pkg/download_v1/download.pb.go:94.34,96.4 1 0
github.com/igortoigildin/goph-keeper/pkg/download_v1/download.pb.go:97.3,97.12 1 0
github.com/igortoigildin/goph-keeper/pkg/download_v1/download.pb.go:99.2,99.24 1 0
github.com/igortoigildin/goph-keeper/pkg/download_v1/download.pb.go:103.59,105.2 1 0
github.com/igortoigildin/goph-keeper/pkg/download_v1/download.pb.go:107.49,108.14 1 0
github.com/igortoigildin/goph-keeper/pkg/download_v1/download.pb.go:108.14,110.3 1 0
github.com/igortoigildin/goph-keeper/pkg/download_v1/download.pb.go:111.2,111.11 1 0
github.com/igortoigildin/goph-keeper/pkg/download_v1/download.pb.go:114.50,115.14 1 0
github.com/igortoigildin/goph-keeper/pkg/download_v1/download.pb.go:115.14,117.3 1 0
github.com/igortoigildin/goph-keeper/pkg/download_v1/download.pb.go:118.2,118.12 1 0
github.com/igortoigildin/goph-keeper/pkg/download_v1/download.pb.go:129.43,134.2 4 0
github.com/igortoigildin/goph-keeper/pkg/download_v1/download.pb.go:136.51,138.2 1 0
github.com/igortoigildin/goph-keeper/pkg/download_v1/download.pb.go:140.49,140.50 0 0
github.com/igortoigildin/goph-keeper/pkg/download_v1/download.pb.go:142.71,144.14 2 0
github.com/igortoigildin/goph-keeper/pkg/download_v1/download.pb.go:144.14,146.34 2 0
github.com/igortoigildin/goph-keeper/pkg/download_v1/download.pb.go:146.34,148.4 1 0
github.com/igortoigildin/goph-keeper/pkg/download_v1/download.pb.go:149.3,149.12 1 0
github.com/igortoigildin/goph-keeper/pkg/download_v1/download.pb.go:151.2,151.24 1 0
github.com/igortoigildin/goph-keeper/pkg/download_v1/download.pb.go:155.62,157.2 1 0
github.com/igortoigildin/goph-keeper/pkg/download_v1/download.pb.go:159.52,160.14 1 0
github.com/igortoigildin/goph-keeper/pkg/download_v1/download.pb.go:160.14,162.3 1 0
github.com/igortoigildin/goph-keeper/pkg/download_v1/download.pb.go:163.2,163.11 1 0
github.com/igortoigildin/goph-keeper/pkg/download_v1/download.pb.go:174.44,179.2 4 0
github.com/igortoigildin/goph-keeper/pkg/download_v1/download.pb.go:181.52,183.2 1 0
github.com/igortoigildin/goph-keeper/pkg/download_v1/download.pb.go:185.50,185.51 0 0
github.com/igortoigildin/goph-keeper/pkg/download_v1/download.pb.go:187.72,189.14 2 0
github.com/igortoigildin/goph-keeper/pkg/download_v1/download.pb.go:189.14,191.34 2 0
github.com/igortoigildin/goph-keeper/pkg/download_v1/download.pb.go:191.34,193.4 1 0
github.com/igortoigildin/goph-keeper/pkg/download_v1/download.pb.go:194.3,194.12 1 0
github.com/igortoigildin/goph-keeper/pkg/download_v1/download.pb.go:196.2,196.24 1 0
github.com/igortoigildin/goph-keeper/pkg/download_v1/download.pb.go:200.63,202.2 1 0
github.com/igortoigildin/goph-keeper/pkg/download_v1/download.pb.go:204.64,205.14 1 0
github.com/igortoigildin/goph-keeper/pkg/download_v1/download.pb.go:205.14,207.3 1 0
github.com/igortoigildin/goph-keeper/pkg/download_v1/download.pb.go:208.2,208.12 1 0
github.com/igortoigildin/goph-keeper/pkg/download_v1/download.pb.go:219.39,224.2 4 0
github.com/igortoigildin/goph-keeper/pkg/download_v1/download.pb.go:226.47,228.2 1 0
github.com/igortoigildin/goph-keeper/pkg/download_v1/download.pb.go:230.45,230.46 0 0
github.com/igortoigildin/goph-keeper/pkg/download_v1/download.pb.go:232.67,234.14 2 0
github.com/igortoigildin/goph-keeper/pkg/download_v1/download.pb.go:234.14,236.34 2 0
github.com/igortoigildin/goph-keeper/pkg/download_v1/download.pb.go:236.34,238.4 1 0
github.com/igortoigildin/goph-keeper/pkg/download_v1/download.pb.go:239.3,239.12 1 0
github.com/igortoigildin/goph-keeper/pkg/download_v1/download.pb.go:241.2,241.24 1 0
github.com/igortoigildin/goph-keeper/pkg/download_v1/download.pb.go:245.58,247.2 1 0
github.com/igortoigildin/goph-keeper/pkg/download_v1/download.pb.go:249.48,250.14 1 0
github.com/igortoigildin/goph-keeper/pkg/download_v1/download.pb.go:250.14,252.3 1 0
github.com/igortoigildin/goph-keeper/pkg/download_v1/download.pb.go:253.2,253.11 1 0
github.com/igortoigildin/goph-keeper/pkg/download_v1/download.pb.go:264.40,269.2 4 0
github.com/igortoigildin/goph-keeper/pkg/download_v1/download.pb.go:271.48,273.2 1 0
github.com/igortoigildin/goph-keeper/pkg/download_v1/download.pb.go:275.46,275.47 0 0
github.com/igortoigildin/goph-keeper/pkg/download_v1/download.pb.go:277.68,279.14 2 0
github.com/igortoigildin/goph-keeper/pkg/download_v1/download.pb.go:279.14,281.34 2 0
github.com/igortoigildin/goph-keeper/pkg/download_v1/download.pb.go:281.34,283.4 1 0
github.com/igortoigildin/goph-keeper/pkg/download_v1/download.pb.go:284.3,284.12 1 0
github.com/igortoigildin/goph-keeper/pkg/download_v1/download.pb.go:286.2,286.24 1 0
github.com/igortoigildin/goph-keeper/pkg/download_v1/download.pb.go:290.59,292.2 1 0
github.com/igortoigildin/goph-keeper/pkg/download_v1/download.pb.go:294.49,295.14 1 0
github.com/igortoigildin/goph-keeper/pkg/download_v1/download.pb.go:295.14,297.3 1 0
github.com/igortoigildin/goph-keeper/pkg/download_v1/download.pb.go:298.2,298.11 1 0
github.com/igortoigildin/goph-keeper/pkg/download_v1/download.pb.go:309.43,314.2 4 0
github.com/igortoigildin/goph-keeper/pkg/download_v1/download.pb.go:316.51,318.2 1 0
github.com/igortoigildin/goph-keeper/pkg/download_v1/download.pb.go:320.49,320.50 0 0
github.com/igortoigildin/goph-keeper/pkg/download_v1/download.pb.go:322.71,324.14 2 0
github.com/igortoigildin/goph-keeper/pkg/download_v1/download.pb.go:324.14,326.34 2 0
github.com/igortoigildin/goph-keeper/pkg/download_v1/download.pb.go:326.34,328.4 1 0
github.com/igortoigildin/goph-keeper/pkg/download_v1/download.pb.go:329.3,329.12 1 0
github.com/igortoigildin/goph-keeper/pkg/download_v1/download.pb.go:331.2,331.24 1 0
github.com/igortoigildin/goph-keeper/pkg/download_v1/download.pb.go:335.62,337.2 1 0
github.com/igortoigildin/goph-keeper/pkg/download_v1/download.pb.go:339.52,340.14 1 0
github.com/igortoigildin/goph-keeper/pkg/download_v1/download.pb.go:340.14,342.3 1 0
github.com/igortoigildin/goph-keeper/pkg/download_v1/download.pb.go:343.2,343.11 1 0
github.com/igortoigildin/goph-keeper/pkg/download_v1/download.pb.go:354.44,359.2 4 0
github.com/igortoigildin/goph-keeper/pkg/download_v1/download.pb.go:361.52,363.2 1 0
github.com/igortoigildin/goph-keeper/pkg/download_v1/download.pb.go:365.50,365.51 0 0
github.com/igortoigildin/goph-keeper/pkg/download_v1/download.pb.go:367.72,369.14 2 0
github.com/igortoigildin/goph-keeper/pkg/download_v1/download.pb.go:369.14,371.34 2 0
github.com/igortoigildin/goph-keeper/pkg/download_v1/download.pb.go:371.34,373.4 1 0
github.com/igortoigildin/goph-keeper/pkg/download_v1/download.pb.go:374.3,374.12 1 0
github.com/igortoigildin/goph-keeper/pkg/download_v1/download.pb.go:376.2,376.24 1 0
github.com/igortoigildin/goph-keeper/pkg/download_v1/download.pb.go:380.63,382.2 1 0
github.com/igortoigildin/goph-keeper/pkg/download_v1/download.pb.go:384.64,385.14 1 0
github.com/igortoigildin/goph-keeper/pkg/download_v1/download.pb.go:385.14,387.3 1 0
github.com/igortoigildin/goph-keeper/pkg/download_v1/download.pb.go:388.2,388.12 1 0
github.com/igortoigildin/goph-keeper/pkg/download_v1/download.pb.go:469.47,470.44 1 0
github.com/igortoigildin/goph-keeper/pkg/download_v1/download.pb.go:470.44,472.3 1 0
github.com/igortoigildin/goph-keeper/pkg/download_v1/download.pb.go:473.2,473.40 1 0
github.com/igortoigildin/goph-keeper/pkg/download_v1/download.pb.go:507.13,507.43 1 0
github.com/igortoigildin/goph-keeper/pkg/download_v1/download.pb.go:508.33,509.32 1 0
github.com/igortoigildin/goph-keeper/pkg/download_v1/download.pb.go:509.32,511.3 1 0
github.com/igortoigildin/goph-keeper/pkg/download_v1/download.pb.go:512.2,529.35 6 0
github.com/igortoigildin/goph-keeper/pkg/download_v1/download_grpc.pb.go:42.72,44.2 1 0
github.com/igortoigildin/goph-keeper/pkg/download_v1/download_grpc.pb.go:46.155,50.16 4 0
github.com/igortoigildin/goph-keeper/pkg/download_v1/download_grpc.pb.go:50.16,52.3 1 0
github.com/igortoigildin/goph-keeper/pkg/download_v1/download_grpc.pb.go:53.2,53.17 1 0
github.com/igortoigildin/goph-keeper/pkg/download_v1/download_grpc.pb.go:56.143,60.16 4 0
github.com/igortoigildin/goph-keeper/pkg/download_v1/download_grpc.pb.go:60.16,62.3 1 0
github.com/igortoigildin/goph-keeper/pkg/download_v1/download_grpc.pb.go:63.2,63.17 1 0
github.com/igortoigildin/goph-keeper/pkg/download_v1/download_grpc.pb.go:66.170,69.16 3 0
github.com/igortoigildin/goph-keeper/pkg/download_v1/download_grpc.pb.go:69.16,71.3 1 0
github.com/igortoigildin/goph-keeper/pkg/download_v1/download_grpc.pb.go:72.2,73.51 2 0
github.com/igortoigildin/goph-keeper/pkg/download_v1/download_grpc.pb.go:73.51,75.3 1 0
github.com/igortoigildin/goph-keeper/pkg/download_v1/download_grpc.pb.go:76.2,76.51 1 0
github.com/igortoigildin/goph-keeper/pkg/download_v1/download_grpc.pb.go:76.51,78.3 1 0
github.com/igortoigildin/goph-keeper/pkg/download_v1/download_grpc.pb.go:79.2,79.15 1 0
github.com/igortoigildin/goph-keeper/pkg/download_v1/download_grpc.pb.go:85.155,89.16 4 0
github.com/igortoigildin/goph-keeper/pkg/download_v1/download_grpc.pb.go:89.16,91.3 1 0
github.com/igortoigildin/goph-keeper/pkg/download_v1/download_grpc.pb.go:92.2,92.17 1 0
github.com/igortoigildin/goph-keeper/pkg/download_v1/download_grpc.pb.go:113.133,115.2 1 0
github.com/igortoigildin/goph-keeper/pkg/download_v1/download_grpc.pb.go:116.121,118.2 1 0
github.com/igortoigildin/goph-keeper/pkg/download_v1/download_grpc.pb.go:119.129,121.2 1 0
github.com/igortoigildin/goph-keeper/pkg/download_v1/download_grpc.pb.go:122.133,124.2 1 0
github.com/igortoigildin/goph-keeper/pkg/download_v1/download_grpc.pb.go:125.80,125.81 0 0
github.com/igortoigildin/goph-keeper/pkg/download_v1/download_grpc.pb.go:126.80,126.81 0 0
github.com/igortoigildin/goph-keeper/pkg/download_v1/download_grpc.pb.go:135.78,140.59 1 0
github.com/igortoigildin/goph-keeper/pkg/download_v1/download_grpc.pb.go:140.59,142.3 1 0
github.com/igortoigildin/goph-keeper/pkg/download_v1/download_grpc.pb.go:143.2,143.49 1 0
github.com/igortoigildin/goph-keeper/pkg/download_v1/download_grpc.pb.go:146.172,148.32 2 0
[...]
github.com/igortoigildin/goph-keeper/pkg/download_v1/download.pb.go:354.44,359.2 4 0
github.com/igortoigildin/goph-keeper/pkg/download_v1/download.pb.go:361.52,363.2 1 0
github.com/igortoigildin/goph-keeper/pkg/download_v1/download.pb.go:365.50,365.51 0 0
github.com/igortoigildin/goph-keeper/pkg/download_v1/download.pb.go:367.72,369.14 2 0
github.com/igortoigildin/goph-keeper/pkg/download_v1/download.pb.go:369.14,371.34 2 0
github.com/igortoigildin/goph-keeper/pkg/download_v1/download.pb.go:371.34,373.4 1 0
github.com/igortoigildin/goph-keeper/pkg/download_v1/download.pb.go:374.3,374.12 1 0
github.com/igortoigildin/goph-keeper/pkg/download_v1/download.pb.go:376.2,376.24 1 0
github.com/igortoigildin/goph-keeper/pkg/download_v1/download.pb.go:380.63,382.2 1 0
github.com/igortoigildin/goph-keeper/pkg/download_v1/download.pb.go:384.64,385.14 1 0
github.com/igortoigildin/goph-keeper/pkg/download_v1/download.pb.go:385.14,387.3 1 0
github.com/igortoigildin/goph-keeper/pkg/download_v1/download.pb.go:388.2,388.12 1 0
github.com/igortoigildin/goph-keeper/pkg/download_v1/download.pb.go:469.47,470.44 1 0
github.com/igortoigildin/goph-keeper/pkg/download_v1/download.pb.go:470.44,472.3 1 0
github.com/igortoigildin/goph-keeper/pkg/download_v1/download.pb.go:473.2,473.40 1 0
github.com/igortoigildin/goph-keeper/pkg/download_v1/download.pb.go:507.13,507.43 1 1
github.com/igortoigildin/goph-keeper/pkg/download_v1/download.pb.go:508.33,509.32 1 1
github.com/igortoigildin/goph-keeper/pkg/download_v1/download.pb.go:509.32,511.3 1 0
github.com/igortoigildin/goph-keeper/pkg/download_v1/download.pb.go:512.2,529.35 6 1
github.com/igortoigildin/goph-keeper/pkg/download_v1/download_grpc.pb.go:42.72,44.2 1 1
github.com/igortoigildin/goph-keeper/pkg/download_v1/download_grpc.pb.go:46.155,50.16 4 0
github.com/igortoigildin/goph-keeper/pkg/download_v1/download_grpc.pb.go:50.16,52.3 1 0
github.com/igortoigildin/goph-keeper/pkg/download_v1/download_grpc.pb.go:53.2,53.17 1 0
github.com/igortoigildin/goph-keeper/pkg/download_v1/download_grpc.pb.go:56.143,60.16 4 1
github.com/igortoigildin/goph-keeper/pkg/download_v1/download_grpc.pb.go:60.16,62.3 1 1
github.com/igortoigildin/goph-keeper/pkg/download_v1/download_grpc.pb.go:63.2,63.17 1 0
github.com/igortoigildin/goph-keeper/pkg/download_v1/download_grpc.pb.go:66.170,69.16 3 0
github.com/igortoigildin/goph-keeper/pkg/download_v1/download_grpc.pb.go:69.16,71.3 1 0
github.com/igortoigildin/goph-keeper/pkg/download_v1/download_grpc.pb.go:72.2,73.51 2 0
github.com/igortoigildin/goph-keeper/pkg/download_v1/download_grpc.pb.go:73.51,75.3 1 0
github.com/igortoigildin/goph-keeper/pkg/download_v1/download_grpc.pb.go:76.2,76.51 1 0
github.com/igortoigildin/goph-keeper/pkg/download_v1/download_grpc.pb.go:76.51,78.3 1 0
github.com/igortoigildin/goph-keeper/pkg/download_v1/download_grpc.pb.go:79.2,79.15 1 0
github.com/igortoigildin/goph-keeper/pkg/download_v1/download_grpc.pb.go:85.155,89.16 4 1
github.com/igortoigildin/goph-keeper/pkg/download_v1/download_grpc.pb.go:89.16,91.3 1 1
github.com/igortoigildin/goph-keeper/pkg/download_v1/download_grpc.pb.go:92.2,92.17 1 0
github.com/igortoigildin/goph-keeper/pkg/download_v1/download_grpc.pb.go:113.133,115.2 1 0
github.com/igortoigildin/goph-keeper/pkg/download_v1/download_grpc.pb.go:116.121,118.2 1 0
github.com/igortoigildin/goph-keeper/pkg/download_v1/download_grpc.pb.go:119.129,121.2 1 0
github.com/igortoigildin/goph-keeper/pkg/download_v1/download_grpc.pb.go:122.133,124.2 1 0
github.com/igortoigildin/goph-keeper/pkg/download_v1/download_grpc.pb.go:125.80,125.81 0 0
github.com/igortoigildin/goph-keeper/pkg/download_v1/download_grpc.pb.go:126.80,126.81 0 0
github.com/igortoigildin/goph-keeper/pkg/download_v1/download_grpc.pb.go:135.78,140.59 1 0
github.com/igortoigildin/goph-keeper/pkg/download_v1/download_grpc.pb.go:140.59,142.3 1 0
github.com/igortoigildin/goph-keeper/pkg/download_v1/download_grpc.pb.go:143.2,143.49 1 0
github.com/igortoigildin/goph-keeper/pkg/download_v1/download_grpc.pb.go:146.172,148.32 2 0
github.com/igortoigildin/goph-keeper/pkg/download_v1/download_grpc.pb.go:148.32,150.3 1 0
github.com/igortoigildin/goph-keeper/pkg/download_v1/download_grpc.pb.go:151.2,151.24 1 0
github.com/igortoigildin/goph-keeper/pkg/download_v1/download_grpc.pb.go:151.24,153.3 1 0
github.com/igortoigildin/goph-keeper/pkg/download_v1/download_grpc.pb.go:154.2,158.77 2 0
github.com/igortoigildin/goph-keeper/pkg/download_v1/download_grpc.pb.go:158.77,160.3 1 0
github.com/igortoigildin/goph-keeper/pkg/download_v1/download_grpc.pb.go:161.2,161.44 1 0
github.com/igortoigildin/goph-keeper/pkg/download_v1/download_grpc.pb.go:164.168,166.32 2 0
github.com/igortoigildin/goph-keeper/pkg/download_v1/download_grpc.pb.go:166.32,168.3 1 0
github.com/igortoigildin/goph-keeper/pkg/download_v1/download_grpc.pb.go:169.2,169.24 1 0
github.com/igortoigildin/goph-keeper/pkg/download_v1/download_grpc.pb.go:169.24,171.3 1 0
github.com/igortoigildin/goph-keeper/pkg/download_v1/download_grpc.pb.go:172.2,176.77 2 0
github.com/igortoigildin/goph-keeper/pkg/download_v1/download_grpc.pb.go:176.77,178.3 1 0
github.com/igortoigildin/goph-keeper/pkg/download_v1/download_grpc.pb.go:179.2,179.44 1 0
github.com/igortoigildin/goph-keeper/pkg/download_v1/download_grpc.pb.go:182.88,184.42 2 0
github.com/igortoigildin/goph-keeper/pkg/download_v1/download_grpc.pb.go:184.42,186.3 1 0
github.com/igortoigildin/goph-keeper/pkg/download_v1/download_grpc.pb.go:187.2,187.139 1 0
github.com/igortoigildin/goph-keeper/pkg/download_v1/download_grpc.pb.go:193.172,195.32 2 0
github.com/igortoigildin/goph-keeper/pkg/download_v1/download_grpc.pb.go:195.32,197.3 1 0
github.com/igortoigildin/goph-keeper/pkg/download_v1/download_grpc.pb.go:198.2,198.24 1 0
github.com/igortoigildin/goph-keeper/pkg/download_v1/download_grpc.pb.go:198.24,200.3 1 0
github.com/igortoigildin/goph-keeper/pkg/download_v1/download_grpc.pb.go:201.2,205.77 2 0
github.com/igortoigildin/goph-keeper/pkg/download_v1/download_grpc.pb.go:205.77,207.3 1 0
github.com/igortoigildin/goph-keeper/pkg/download_v1/download_grpc.pb.go:208.2,208.44 1 0
github.com/igortoigildin/goph-keeper/pkg/file/file.go:16.22,20.2 1 0
github.com/igortoigildin/goph-keeper/pkg/file/file.go:22.53,24.16 2 0
github.com/igortoigildin/goph-keeper/pkg/file/file.go:24.16,26.3 1 0
github.com/igortoigildin/goph-keeper/pkg/file/file.go:27.2,29.16 3 0
github.com/igortoigildin/goph-keeper/pkg/file/file.go:29.16,31.3 1 0
github.com/igortoigildin/goph-keeper/pkg/file/file.go:32.2,33.12 2 0
github.com/igortoigildin/goph-keeper/pkg/file/file.go:36.42,37.25 1 0
github.com/igortoigildin/goph-keeper/pkg/file/file.go:37.25,39.3 1 0
github.com/igortoigildin/goph-keeper/pkg/file/file.go:40.2,41.12 2 0
github.com/igortoigildin/goph-keeper/pkg/file/file.go:44.30,46.2 1 0
github.com/igortoigildin/goph-keeper/pkg/file/file.go:48.31,50.16 2 0
github.com/igortoigildin/goph-keeper/pkg/file/file.go:50.16,52.3 1 0
github.com/igortoigildin/goph-keeper/pkg/file/file.go:54.2,54.12 1 0
github.com/igortoigildin/goph-keeper/pkg/logger/logger.go:14.54,16.2 1 0
github.com/igortoigildin/goph-keeper/pkg/logger/logger.go:18.45,20.2 1 0
github.com/igortoigildin/goph-keeper/pkg/logger/logger.go:22.44,24.2 1 0
github.com/igortoigildin/goph-keeper/pkg/logger/logger.go:26.44,28.2 1 0
github.com/igortoigildin/goph-keeper/pkg/logger/logger.go:30.45,32.2 1 0
github.com/igortoigildin/goph-keeper/pkg/logger/logger.go:34.45,36.2 1 0
github.com/igortoigildin/goph-keeper/pkg/logger/logger.go:38.50,40.2 1 0
github.com/igortoigildin/goph-keeper/pkg/logger/logger.go:42.50,66.2 10 0
github.com/igortoigildin/goph-keeper/pkg/logger/logger.go:68.51,70.16 2 0
github.com/igortoigildin/goph-keeper/pkg/logger/logger.go:70.16,72.3 1 0
github.com/igortoigildin/goph-keeper/pkg/logger/logger.go:73.2,73.12 1 0
github.com/igortoigildin/goph-keeper/pkg/session/session.go:20.46,22.16 2 0
github.com/igortoigildin/goph-keeper/pkg/session/session.go:22.16,24.3 1 0
github.com/igortoigildin/goph-keeper/pkg/session/session.go:26.2,27.16 2 0
github.com/igortoigildin/goph-keeper/pkg/session/session.go:27.16,29.3 1 0
github.com/igortoigildin/goph-keeper/pkg/session/session.go:31.2,31.45 1 0
github.com/igortoigildin/goph-keeper/pkg/session/session.go:34.38,36.16 2 0
github.com/igortoigildin/goph-keeper/pkg/session/session.go:36.16,38.3 1 0
github.com/igortoigildin/goph-keeper/pkg/session/session.go:39.2,44.16 5 0
github.com/igortoigildin/goph-keeper/pkg/session/session.go:44.16,46.3 1 0
github.com/igortoigildin/goph-keeper/pkg/session/session.go:48.2,48.22 1 0
github.com/igortoigildin/goph-keeper/pkg/session/session.go:51.42,53.16 2 0
github.com/igortoigildin/goph-keeper/pkg/session/session.go:53.16,55.3 1 0
github.com/igortoigildin/goph-keeper/pkg/session/session.go:56.2,60.16 4 0
github.com/igortoigildin/goph-keeper/pkg/session/session.go:60.16,62.3 1 0
github.com/igortoigildin/goph-keeper/pkg/session/session.go:64.2,64.12 1 0
github.com/igortoigildin/goph-keeper/pkg/upload_v1/upload.pb.go:33.37,38.2 4 0
github.com/igortoigildin/goph-keeper/pkg/upload_v1/upload.pb.go:40.45,42.2 1 0
github.com/igortoigildin/goph-keeper/pkg/upload_v1/upload.pb.go:44.43,44.44 0 0
github.com/igortoigildin/goph-keeper/pkg/upload_v1/upload.pb.go:46.65,48.14 2 0
github.com/igortoigildin/goph-keeper/pkg/upload_v1/upload.pb.go:48.14,50.34 2 0
github.com/igortoigildin/goph-keeper/pkg/upload_v1/upload.pb.go:50.34,52.4 1 0
github.com/igortoigildin/goph-keeper/pkg/upload_v1/upload.pb.go:53.3,53.12 1 0
github.com/igortoigildin/goph-keeper/pkg/upload_v1/upload.pb.go:55.2,55.24 1 0
github.com/igortoigildin/goph-keeper/pkg/upload_v1/upload.pb.go:59.56,61.2 1 0
github.com/igortoigildin/goph-keeper/pkg/upload_v1/upload.pb.go:63.50,64.14 1 0
github.com/igortoigildin/goph-keeper/pkg/upload_v1/upload.pb.go:64.14,66.3 1 0
github.com/igortoigildin/goph-keeper/pkg/upload_v1/upload.pb.go:67.2,67.11 1 0
github.com/igortoigildin/goph-keeper/pkg/upload_v1/upload.pb.go:70.47,71.14 1 0
github.com/igortoigildin/goph-keeper/pkg/upload_v1/upload.pb.go:71.14,73.3 1 0
github.com/igortoigildin/goph-keeper/pkg/upload_v1/upload.pb.go:74.2,74.12 1 0
github.com/igortoigildin/goph-keeper/pkg/upload_v1/upload.pb.go:86.38,91.2 4 0
github.com/igortoigildin/goph-keeper/pkg/upload_v1/upload.pb.go:93.46,95.2 1 0
github.com/igortoigildin/goph-keeper/pkg/upload_v1/upload.pb.go:97.44,97.45 0 0
github.com/igortoigildin/goph-keeper/pkg/upload_v1/upload.pb.go:99.66,101.14 2 0
github.com/igortoigildin/goph-keeper/pkg/upload_v1/upload.pb.go:101.14,103.34 2 0
github.com/igortoigildin/goph-keeper/pkg/upload_v1/upload.pb.go:103.34,105.4 1 0
github.com/igortoigildin/goph-keeper/pkg/upload_v1/upload.pb.go:106.3,106.12 1 0
github.com/igortoigildin/goph-keeper/pkg/upload_v1/upload.pb.go:108.2,108.24 1 0
github.com/igortoigildin/goph-keeper/pkg/upload_v1/upload.pb.go:112.57,114.2 1 0
github.com/igortoigildin/goph-keeper/pkg/upload_v1/upload.pb.go:116.51,117.14 1 0
github.com/igortoigildin/goph-keeper/pkg/upload_v1/upload.pb.go:117.14,119.3 1 0
github.com/igortoigildin/goph-keeper/pkg/upload_v1/upload.pb.go:120.2,120.11 1 0
github.com/igortoigildin/goph-keeper/pkg/upload_v1/upload.pb.go:123.47,124.14 1 0
github.com/igortoigildin/goph-keeper/pkg/upload_v1/upload.pb.go:124.14,126.3 1 0
github.com/igortoigildin/goph-keeper/pkg/upload_v1/upload.pb.go:127.2,127.10 1 0
github.com/igortoigildin/goph-keeper/pkg/upload_v1/upload.pb.go:138.41,143.2 4 0
github.com/igortoigildin/goph-keeper/pkg/upload_v1/upload.pb.go:145.49,147.2 1 0
github.com/igortoigildin/goph-keeper/pkg/upload_v1/upload.pb.go:149.47,149.48 0 0
github.com/igortoigildin/goph-keeper/pkg/upload_v1/upload.pb.go:151.69,153.14 2 0
github.com/igortoigildin/goph-keeper/pkg/upload_v1/upload.pb.go:153.14,155.34 2 0
github.com/igortoigildin/goph-keeper/pkg/upload_v1/upload.pb.go:155.34,157.4 1 0
github.com/igortoigildin/goph-keeper/pkg/upload_v1/upload.pb.go:158.3,158.12 1 0
github.com/igortoigildin/goph-keeper/pkg/upload_v1/upload.pb.go:160.2,160.24 1 0
github.com/igortoigildin/goph-keeper/pkg/upload_v1/upload.pb.go:164.60,166.2 1 0
github.com/igortoigildin/goph-keeper/pkg/upload_v1/upload.pb.go:168.61,169.14 1 0
github.com/igortoigildin/goph-keeper/pkg/upload_v1/upload.pb.go:169.14,171.3 1 0
github.com/igortoigildin/goph-keeper/pkg/upload_v1/upload.pb.go:172.2,172.12 1 0
github.com/igortoigildin/goph-keeper/pkg/upload_v1/upload.pb.go:183.37,188.2 4 0
github.com/igortoigildin/goph-keeper/pkg/upload_v1/upload.pb.go:190.45,192.2 1 0
github.com/igortoigildin/goph-keeper/pkg/upload_v1/upload.pb.go:194.43,194.44 0 0
github.com/igortoigildin/goph-keeper/pkg/upload_v1/upload.pb.go:196.65,198.14 2 1
github.com/igortoigildin/goph-keeper/pkg/upload_v1/upload.pb.go:198.14,200.34 2 1
github.com/igortoigildin/goph-keeper/pkg/upload_v1/upload.pb.go:200.34,202.4 1 1
github.com/igortoigildin/goph-keeper/pkg/upload_v1/upload.pb.go:203.3,203.12 1 1
github.com/igortoigildin/goph-keeper/pkg/upload_v1/upload.pb.go:205.2,205.24 1 0
github.com/igortoigildin/goph-keeper/pkg/upload_v1/upload.pb.go:209.56,211.2 1 0
github.com/igortoigildin/goph-keeper/pkg/upload_v1/upload.pb.go:213.46,214.14 1 0
github.com/igortoigildin/goph-keeper/pkg/upload_v1/upload.pb.go:214.14,216.3 1 0
github.com/igortoigildin/goph-keeper/pkg/upload_v1/upload.pb.go:217.2,217.11 1 0
github.com/igortoigildin/goph-keeper/pkg/upload_v1/upload.pb.go:228.41,233.2 4 0
github.com/igortoigildin/goph-keeper/pkg/upload_v1/upload.pb.go:235.49,237.2 1 0
github.com/igortoigildin/goph-keeper/pkg/upload_v1/upload.pb.go:239.47,239.48 0 0
github.com/igortoigildin/goph-keeper/pkg/upload_v1/upload.pb.go:241.69,243.14 2 1
github.com/igortoigildin/goph-keeper/pkg/upload_v1/upload.pb.go:243.14,245.34 2 1
github.com/igortoigildin/goph-keeper/pkg/upload_v1/upload.pb.go:245.34,247.4 1 1
github.com/igortoigildin/goph-keeper/pkg/upload_v1/upload.pb.go:248.3,248.12 1 1
github.com/igortoigildin/goph-keeper/pkg/upload_v1/upload.pb.go:250.2,250.24 1 0
github.com/igortoigildin/goph-keeper/pkg/upload_v1/upload.pb.go:254.60,256.2 1 0
github.com/igortoigildin/goph-keeper/pkg/upload_v1/upload.pb.go:258.61,259.14 1 0
github.com/igortoigildin/goph-keeper/pkg/upload_v1/upload.pb.go:259.14,261.3 1 0
github.com/igortoigildin/goph-keeper/pkg/upload_v1/upload.pb.go:262.2,262.12 1 0
github.com/igortoigildin/goph-keeper/pkg/upload_v1/upload.pb.go:333.45,334.42 1 0
github.com/igortoigildin/goph-keeper/pkg/upload_v1/upload.pb.go:334.42,336.3 1 0
github.com/igortoigildin/goph-keeper/pkg/upload_v1/upload.pb.go:337.2,337.38 1 0
github.com/igortoigildin/goph-keeper/pkg/upload_v1/upload.pb.go:369.13,369.41 1 1
github.com/igortoigildin/goph-keeper/pkg/upload_v1/upload.pb.go:370.31,371.30 1 1
github.com/igortoigildin/goph-keeper/pkg/upload_v1/upload.pb.go:371.30,373.3 1 0
github.com/igortoigildin/goph-keeper/pkg/upload_v1/upload.pb.go:374.2,391.33 6 1
github.com/igortoigildin/goph-keeper/pkg/upload_v1/upload_grpc.pb.go:43.68,45.2 1 1
github.com/igortoigildin/goph-keeper/pkg/upload_v1/upload_grpc.pb.go:47.138,51.16 4 0
github.com/igortoigildin/goph-keeper/pkg/upload_v1/upload_grpc.pb.go:51.16,53.3 1 0
github.com/igortoigildin/goph-keeper/pkg/upload_v1/upload_grpc.pb.go:54.2,54.17 1 0
github.com/igortoigildin/goph-keeper/pkg/upload_v1/upload_grpc.pb.go:57.130,61.16 4 1
github.com/igortoigildin/goph-keeper/pkg/upload_v1/upload_grpc.pb.go:61.16,63.3 1 1
github.com/igortoigildin/goph-keeper/pkg/upload_v1/upload_grpc.pb.go:64.2,64.17 1 1
github.com/igortoigildin/goph-keeper/pkg/upload_v1/upload_grpc.pb.go:67.158,70.16 3 0
github.com/igortoigildin/goph-keeper/pkg/upload_v1/upload_grpc.pb.go:70.16,72.3 1 0
github.com/igortoigildin/goph-keeper/pkg/upload_v1/upload_grpc.pb.go:73.2,74.15 2 0
github.com/igortoigildin/goph-keeper/pkg/upload_v1/upload_grpc.pb.go:80.138,84.16 4 1
github.com/igortoigildin/goph-keeper/pkg/upload_v1/upload_grpc.pb.go:84.16,86.3 1 1
github.com/igortoigildin/goph-keeper/pkg/upload_v1/upload_grpc.pb.go:87.2,87.17 1 1
github.com/igortoigildin/goph-keeper/pkg/upload_v1/upload_grpc.pb.go:108.116,110.2 1 0
github.com/igortoigildin/goph-keeper/pkg/upload_v1/upload_grpc.pb.go:111.108,113.2 1 0
github.com/igortoigildin/goph-keeper/pkg/upload_v1/upload_grpc.pb.go:114.120,116.2 1 0
github.com/igortoigildin/goph-keeper/pkg/upload_v1/upload_grpc.pb.go:117.116,119.2 1 0
github.com/igortoigildin/goph-keeper/pkg/upload_v1/upload_grpc.pb.go:120.76,120.77 0 0
github.com/igortoigildin/goph-keeper/pkg/upload_v1/upload_grpc.pb.go:121.76,121.77 0 0
github.com/igortoigildin/goph-keeper/pkg/upload_v1/upload_grpc.pb.go:130.74,135.59 1 0
github.com/igortoigildin/goph-keeper/pkg/upload_v1/upload_grpc.pb.go:135.59,137.3 1 0
github.com/igortoigildin/goph-keeper/pkg/upload_v1/upload_grpc.pb.go:138.2,138.47 1 0
github.com/igortoigildin/goph-keeper/pkg/upload_v1/upload_grpc.pb.go:141.168,143.32 2 0
github.com/igortoigildin/goph-keeper/pkg/upload_v1/upload_grpc.pb.go:143.32,145.3 1 0
github.com/igortoigildin/goph-keeper/pkg/upload_v1/upload_grpc.pb.go:146.2,146.24 1 0
github.com/igortoigildin/goph-keeper/pkg/upload_v1/upload_grpc.pb.go:146.24,148.3 1 0
github.com/igortoigildin/goph-keeper/pkg/upload_v1/upload_grpc.pb.go:149.2,153.77 2 0
github.com/igortoigildin/goph-keeper/pkg/upload_v1/upload_grpc.pb.go:153.77,155.3 1 0
github.com/igortoigildin/goph-keeper/pkg/upload_v1/upload_grpc.pb.go:156.2,156.44 1 0
github.com/igortoigildin/goph-keeper/pkg/upload_v1/upload_grpc.pb.go:159.164,161.32 2 0
github.com/igortoigildin/goph-keeper/pkg/upload_v1/upload_grpc.pb.go:161.32,163.3 1 0
github.com/igortoigildin/goph-keeper/pkg/upload_v1/upload_grpc.pb.go:164.2,164.24 1 0
github.com/igortoigildin/goph-keeper/pkg/upload_v1/upload_grpc.pb.go:164.24,166.3 1 0
github.com/igortoigildin/goph-keeper/pkg/upload_v1/upload_grpc.pb.go:167.2,171.77 2 0
github.com/igortoigildin/goph-keeper/pkg/upload_v1/upload_grpc.pb.go:171.77,173.3 1 0
github.com/igortoigildin/goph-keeper/pkg/upload_v1/upload_grpc.pb.go:174.2,174.44 1 0
github.com/igortoigildin/goph-keeper/pkg/upload_v1/upload_grpc.pb.go:177.84,179.2 1 0
github.com/igortoigildin/goph-keeper/pkg/upload_v1/upload_grpc.pb.go:184.168,186.32 2 0
github.com/igortoigildin/goph-keeper/pkg/upload_v1/upload_grpc.pb.go:186.32,188.3 1 0
github.com/igortoigildin/goph-keeper/pkg/upload_v1/upload_grpc.pb.go:189.2,189.24 1 0
github.com/igortoigildin/goph-keeper/pkg/upload_v1/upload_grpc.pb.go:189.24,191.3 1 0
github.com/igortoigildin/goph-keeper/pkg/upload_v1/upload_grpc.pb.go:192.2,196.77 2 0
github.com/igortoigildin/goph-keeper/pkg/upload_v1/upload_grpc.pb.go:196.77,198.3 1 0
github.com/igortoigildin/goph-keeper/pkg/upload_v1/upload_grpc.pb.go:199.2,199.44 1 0
github.com/igortoigildin/goph-keeper/pkg/utils/token.go:11.99,22.2 3 0
github.com/igortoigildin/goph-keeper/pkg/utils/token.go:24.80,28.47 1 0
github.com/igortoigildin/goph-keeper/pkg/utils/token.go:28.47,30.11 2 0
github.com/igortoigildin/goph-keeper/pkg/utils/token.go:30.11,32.5 1 0
github.com/igortoigildin/goph-keeper/pkg/utils/token.go:34.4,34.25 1 0
github.com/igortoigildin/goph-keeper/pkg/utils/token.go:38.2,38.16 1 0
github.com/igortoigildin/goph-keeper/pkg/utils/token.go:38.16,40.3 1 0
github.com/igortoigildin/goph-keeper/pkg/utils/token.go:42.2,43.9 2 0
github.com/igortoigildin/goph-keeper/pkg/utils/token.go:43.9,45.3 1 0
github.com/igortoigildin/goph-keeper/pkg/utils/token.go:47.2,47.20 1 0
github.com/igortoigildin/goph-keeper/pkg/utils/utils.go:5.75,8.2 2 0
github.com/igortoigildin/goph-keeper/tests/suite/suite.go:29.50,37.19 5 1
github.com/igortoigildin/goph-keeper/tests/suite/suite.go:37.19,40.3 2 1
github.com/igortoigildin/goph-keeper/tests/suite/suite.go:42.2,45.16 2 1
github.com/igortoigildin/goph-keeper/tests/suite/suite.go:45.16,47.3 1 0
github.com/igortoigildin/goph-keeper/tests/suite/suite.go:49.2,55.3 1 1
github.com/igortoigildin/goph-keeper/tests/suite/suite.go:58.26,61.34 2 1
github.com/igortoigildin/goph-keeper/tests/suite/suite.go:61.34,63.3 1 0
github.com/igortoigildin/goph-keeper/tests/suite/suite.go:65.2,65.37 1 1
