mode: set
github.com/igortoigildin/goph-keeper/internal/client/grpc/service/download/service.go:35.27,37.2 1 0
github.com/igortoigildin/goph-keeper/internal/client/grpc/service/download/service.go:39.65,41.16 2 0
github.com/igortoigildin/goph-keeper/internal/client/grpc/service/download/service.go:41.16,43.3 1 0
github.com/igortoigildin/goph-keeper/internal/client/grpc/service/download/service.go:44.2,48.16 4 0
github.com/igortoigildin/goph-keeper/internal/client/grpc/service/download/service.go:48.16,50.3 1 0
github.com/igortoigildin/goph-keeper/internal/client/grpc/service/download/service.go:52.2,57.16 4 0
github.com/igortoigildin/goph-keeper/internal/client/grpc/service/download/service.go:57.16,59.3 1 0
github.com/igortoigildin/goph-keeper/internal/client/grpc/service/download/service.go:61.2,65.12 3 0
github.com/igortoigildin/goph-keeper/internal/client/grpc/service/download/service.go:68.61,70.16 2 0
github.com/igortoigildin/goph-keeper/internal/client/grpc/service/download/service.go:70.16,72.3 1 0
github.com/igortoigildin/goph-keeper/internal/client/grpc/service/download/service.go:73.2,77.16 4 0
github.com/igortoigildin/goph-keeper/internal/client/grpc/service/download/service.go:77.16,79.3 1 0
github.com/igortoigildin/goph-keeper/internal/client/grpc/service/download/service.go:81.2,86.16 4 0
github.com/igortoigildin/goph-keeper/internal/client/grpc/service/download/service.go:86.16,88.3 1 0
github.com/igortoigildin/goph-keeper/internal/client/grpc/service/download/service.go:90.2,94.12 3 0
github.com/igortoigildin/goph-keeper/internal/client/grpc/service/download/service.go:97.78,99.16 2 0
github.com/igortoigildin/goph-keeper/internal/client/grpc/service/download/service.go:99.16,101.3 1 0
github.com/igortoigildin/goph-keeper/internal/client/grpc/service/download/service.go:102.2,106.16 4 0
github.com/igortoigildin/goph-keeper/internal/client/grpc/service/download/service.go:106.16,108.3 1 0
github.com/igortoigildin/goph-keeper/internal/client/grpc/service/download/service.go:110.2,114.16 4 0
github.com/igortoigildin/goph-keeper/internal/client/grpc/service/download/service.go:114.16,116.3 1 0
github.com/igortoigildin/goph-keeper/internal/client/grpc/service/download/service.go:118.2,121.15 4 0
github.com/igortoigildin/goph-keeper/internal/client/grpc/service/download/service.go:121.15,122.49 1 0
github.com/igortoigildin/goph-keeper/internal/client/grpc/service/download/service.go:122.49,124.4 1 0
github.com/igortoigildin/goph-keeper/internal/client/grpc/service/download/service.go:127.2,127.6 1 0
github.com/igortoigildin/goph-keeper/internal/client/grpc/service/download/service.go:127.6,129.26 2 0
github.com/igortoigildin/goph-keeper/internal/client/grpc/service/download/service.go:129.26,131.4 1 0
github.com/igortoigildin/goph-keeper/internal/client/grpc/service/download/service.go:132.3,132.20 1 0
github.com/igortoigildin/goph-keeper/internal/client/grpc/service/download/service.go:132.20,133.9 1 0
github.com/igortoigildin/goph-keeper/internal/client/grpc/service/download/service.go:136.3,136.17 1 0
github.com/igortoigildin/goph-keeper/internal/client/grpc/service/download/service.go:136.17,138.4 1 0
github.com/igortoigildin/goph-keeper/internal/client/grpc/service/download/service.go:140.3,144.43 4 0
github.com/igortoigildin/goph-keeper/internal/client/grpc/service/download/service.go:144.43,146.4 1 0
github.com/igortoigildin/goph-keeper/internal/client/grpc/service/download/service.go:149.2,149.12 1 0
github.com/igortoigildin/goph-keeper/internal/client/grpc/service/download/service.go:152.68,154.16 2 0
github.com/igortoigildin/goph-keeper/internal/client/grpc/service/download/service.go:154.16,156.3 1 0
github.com/igortoigildin/goph-keeper/internal/client/grpc/service/download/service.go:157.2,161.16 4 0
github.com/igortoigildin/goph-keeper/internal/client/grpc/service/download/service.go:161.16,163.3 1 0
github.com/igortoigildin/goph-keeper/internal/client/grpc/service/download/service.go:165.2,169.16 4 0
github.com/igortoigildin/goph-keeper/internal/client/grpc/service/download/service.go:169.16,171.3 1 0
github.com/igortoigildin/goph-keeper/internal/client/grpc/service/download/service.go:173.2,180.12 3 0
github.com/igortoigildin/goph-keeper/internal/server/storage/pg/access/access.go:24.52,28.2 1 0
github.com/igortoigildin/goph-keeper/internal/server/storage/pg/access/access.go:30.112,38.16 3 0
github.com/igortoigildin/goph-keeper/internal/server/storage/pg/access/access.go:38.16,40.3 1 0
github.com/igortoigildin/goph-keeper/internal/server/storage/pg/access/access.go:42.2,49.16 4 0
github.com/igortoigildin/goph-keeper/internal/server/storage/pg/access/access.go:49.16,51.3 1 0
github.com/igortoigildin/goph-keeper/internal/server/storage/pg/access/access.go:53.2,53.19 1 0
github.com/igortoigildin/goph-keeper/internal/server/storage/pg/access/access.go:56.93,63.16 3 0
github.com/igortoigildin/goph-keeper/internal/server/storage/pg/access/access.go:63.16,65.3 1 0
github.com/igortoigildin/goph-keeper/internal/server/storage/pg/access/access.go:67.2,73.16 3 0
github.com/igortoigildin/goph-keeper/internal/server/storage/pg/access/access.go:73.16,75.3 1 0
github.com/igortoigildin/goph-keeper/internal/server/storage/pg/access/access.go:77.2,77.12 1 0
github.com/igortoigildin/goph-keeper/internal/server/service/download/download.go:31.104,33.2 1 0
github.com/igortoigildin/goph-keeper/internal/server/service/download/download.go:37.88,39.9 2 0
github.com/igortoigildin/goph-keeper/internal/server/service/download/download.go:39.9,43.3 2 0
github.com/igortoigildin/goph-keeper/internal/server/service/download/download.go:43.8,43.26 1 0
github.com/igortoigildin/goph-keeper/internal/server/service/download/download.go:43.26,47.3 2 0
github.com/igortoigildin/goph-keeper/internal/server/service/download/download.go:49.2,49.28 1 0
github.com/igortoigildin/goph-keeper/internal/server/service/download/download.go:49.28,53.3 2 0
github.com/igortoigildin/goph-keeper/internal/server/service/download/download.go:55.2,61.16 4 0
github.com/igortoigildin/goph-keeper/internal/server/service/download/download.go:61.16,65.3 2 0
github.com/igortoigildin/goph-keeper/internal/server/service/download/download.go:68.2,68.29 1 0
github.com/igortoigildin/goph-keeper/internal/server/service/download/download.go:68.29,72.3 2 0
github.com/igortoigildin/goph-keeper/internal/server/service/download/download.go:74.2,75.16 2 0
github.com/igortoigildin/goph-keeper/internal/server/service/download/download.go:75.16,77.3 1 0
github.com/igortoigildin/goph-keeper/internal/server/service/download/download.go:79.2,81.26 2 0
github.com/igortoigildin/goph-keeper/internal/server/service/download/download.go:84.103,86.9 2 0
github.com/igortoigildin/goph-keeper/internal/server/service/download/download.go:86.9,90.3 2 0
github.com/igortoigildin/goph-keeper/internal/server/service/download/download.go:90.8,90.26 1 0
github.com/igortoigildin/goph-keeper/internal/server/service/download/download.go:90.26,94.3 2 0
github.com/igortoigildin/goph-keeper/internal/server/service/download/download.go:96.2,96.28 1 0
github.com/igortoigildin/goph-keeper/internal/server/service/download/download.go:96.28,100.3 2 0
github.com/igortoigildin/goph-keeper/internal/server/service/download/download.go:102.2,108.16 4 0
github.com/igortoigildin/goph-keeper/internal/server/service/download/download.go:108.16,112.3 2 0
github.com/igortoigildin/goph-keeper/internal/server/service/download/download.go:115.2,115.29 1 0
github.com/igortoigildin/goph-keeper/internal/server/service/download/download.go:115.29,119.3 2 0
github.com/igortoigildin/goph-keeper/internal/server/service/download/download.go:121.2,122.16 2 0
github.com/igortoigildin/goph-keeper/internal/server/service/download/download.go:122.16,124.3 1 0
github.com/igortoigildin/goph-keeper/internal/server/service/download/download.go:126.2,129.16 3 0
github.com/igortoigildin/goph-keeper/internal/server/service/download/download.go:129.16,133.3 2 0
github.com/igortoigildin/goph-keeper/internal/server/service/download/download.go:135.2,135.17 1 0
github.com/igortoigildin/goph-keeper/internal/server/service/download/download.go:138.88,140.9 2 0
github.com/igortoigildin/goph-keeper/internal/server/service/download/download.go:140.9,144.3 2 0
github.com/igortoigildin/goph-keeper/internal/server/service/download/download.go:144.8,144.26 1 0
github.com/igortoigildin/goph-keeper/internal/server/service/download/download.go:144.26,148.3 2 0
github.com/igortoigildin/goph-keeper/internal/server/service/download/download.go:150.2,150.28 1 0
github.com/igortoigildin/goph-keeper/internal/server/service/download/download.go:150.28,154.3 2 0
github.com/igortoigildin/goph-keeper/internal/server/service/download/download.go:156.2,162.16 4 0
github.com/igortoigildin/goph-keeper/internal/server/service/download/download.go:162.16,166.3 2 0
github.com/igortoigildin/goph-keeper/internal/server/service/download/download.go:168.2,171.29 2 0
github.com/igortoigildin/goph-keeper/internal/server/service/download/download.go:171.29,175.3 2 0
github.com/igortoigildin/goph-keeper/internal/server/service/download/download.go:177.2,178.16 2 0
github.com/igortoigildin/goph-keeper/internal/server/service/download/download.go:178.16,180.3 1 0
github.com/igortoigildin/goph-keeper/internal/server/service/download/download.go:182.2,182.26 1 0
github.com/igortoigildin/goph-keeper/internal/server/service/download/download.go:185.108,187.9 2 0
github.com/igortoigildin/goph-keeper/internal/server/service/download/download.go:187.9,191.3 2 0
github.com/igortoigildin/goph-keeper/internal/server/service/download/download.go:191.8,191.26 1 0
github.com/igortoigildin/goph-keeper/internal/server/service/download/download.go:191.26,195.3 2 0
github.com/igortoigildin/goph-keeper/internal/server/service/download/download.go:197.2,197.28 1 0
github.com/igortoigildin/goph-keeper/internal/server/service/download/download.go:197.28,201.3 2 0
github.com/igortoigildin/goph-keeper/internal/server/service/download/download.go:203.2,209.16 4 0
github.com/igortoigildin/goph-keeper/internal/server/service/download/download.go:209.16,213.3 2 0
github.com/igortoigildin/goph-keeper/internal/server/service/download/download.go:216.2,216.29 1 0
github.com/igortoigildin/goph-keeper/internal/server/service/download/download.go:216.29,220.3 2 0
github.com/igortoigildin/goph-keeper/internal/server/service/download/download.go:222.2,223.16 2 0
github.com/igortoigildin/goph-keeper/internal/server/service/download/download.go:223.16,227.3 2 0
github.com/igortoigildin/goph-keeper/internal/server/service/download/download.go:229.2,232.16 3 0
github.com/igortoigildin/goph-keeper/internal/server/service/download/download.go:232.16,236.3 2 0
github.com/igortoigildin/goph-keeper/internal/server/service/download/download.go:238.2,238.17 1 0
github.com/igortoigildin/goph-keeper/internal/server/service/upload/upload.go:35.102,37.2 1 0
github.com/igortoigildin/goph-keeper/internal/server/service/upload/upload.go:39.89,41.9 2 0
github.com/igortoigildin/goph-keeper/internal/server/service/upload/upload.go:41.9,45.3 2 0
github.com/igortoigildin/goph-keeper/internal/server/service/upload/upload.go:45.8,45.26 1 0
github.com/igortoigildin/goph-keeper/internal/server/service/upload/upload.go:45.26,49.3 2 0
github.com/igortoigildin/goph-keeper/internal/server/service/upload/upload.go:51.2,51.28 1 0
github.com/igortoigildin/goph-keeper/internal/server/service/upload/upload.go:51.28,55.3 2 0
github.com/igortoigildin/goph-keeper/internal/server/service/upload/upload.go:55.8,55.27 1 0
github.com/igortoigildin/goph-keeper/internal/server/service/upload/upload.go:55.27,59.3 2 0
github.com/igortoigildin/goph-keeper/internal/server/service/upload/upload.go:59.8,59.32 1 0
github.com/igortoigildin/goph-keeper/internal/server/service/upload/upload.go:59.32,63.3 2 0
github.com/igortoigildin/goph-keeper/internal/server/service/upload/upload.go:65.2,73.16 5 0
github.com/igortoigildin/goph-keeper/internal/server/service/upload/upload.go:73.16,77.3 2 0
github.com/igortoigildin/goph-keeper/internal/server/service/upload/upload.go:79.2,80.16 2 0
github.com/igortoigildin/goph-keeper/internal/server/service/upload/upload.go:80.16,84.3 2 0
github.com/igortoigildin/goph-keeper/internal/server/service/upload/upload.go:86.2,86.12 1 0
github.com/igortoigildin/goph-keeper/internal/server/service/upload/upload.go:89.74,91.9 2 0
github.com/igortoigildin/goph-keeper/internal/server/service/upload/upload.go:91.9,95.3 2 0
github.com/igortoigildin/goph-keeper/internal/server/service/upload/upload.go:95.8,95.26 1 0
github.com/igortoigildin/goph-keeper/internal/server/service/upload/upload.go:95.26,99.3 2 0
github.com/igortoigildin/goph-keeper/internal/server/service/upload/upload.go:101.2,101.28 1 0
github.com/igortoigildin/goph-keeper/internal/server/service/upload/upload.go:101.28,105.3 2 0
github.com/igortoigildin/goph-keeper/internal/server/service/upload/upload.go:105.8,105.32 1 0
github.com/igortoigildin/goph-keeper/internal/server/service/upload/upload.go:105.32,109.3 2 0
github.com/igortoigildin/goph-keeper/internal/server/service/upload/upload.go:111.2,118.16 5 0
github.com/igortoigildin/goph-keeper/internal/server/service/upload/upload.go:118.16,122.3 2 0
github.com/igortoigildin/goph-keeper/internal/server/service/upload/upload.go:124.2,125.16 2 0
github.com/igortoigildin/goph-keeper/internal/server/service/upload/upload.go:125.16,129.3 2 0
github.com/igortoigildin/goph-keeper/internal/server/service/upload/upload.go:131.2,131.12 1 0
github.com/igortoigildin/goph-keeper/internal/server/service/upload/upload.go:134.94,136.9 2 0
github.com/igortoigildin/goph-keeper/internal/server/service/upload/upload.go:136.9,140.3 2 0
github.com/igortoigildin/goph-keeper/internal/server/service/upload/upload.go:140.8,140.26 1 0
github.com/igortoigildin/goph-keeper/internal/server/service/upload/upload.go:140.26,144.3 2 0
github.com/igortoigildin/goph-keeper/internal/server/service/upload/upload.go:146.2,146.28 1 0
github.com/igortoigildin/goph-keeper/internal/server/service/upload/upload.go:146.28,150.3 2 0
github.com/igortoigildin/goph-keeper/internal/server/service/upload/upload.go:152.2,159.16 5 0
github.com/igortoigildin/goph-keeper/internal/server/service/upload/upload.go:159.16,163.3 2 0
github.com/igortoigildin/goph-keeper/internal/server/service/upload/upload.go:165.2,166.16 2 0
github.com/igortoigildin/goph-keeper/internal/server/service/upload/upload.go:166.16,170.3 2 0
github.com/igortoigildin/goph-keeper/internal/server/service/upload/upload.go:172.2,172.12 1 0
github.com/igortoigildin/goph-keeper/internal/server/service/upload/upload.go:175.79,179.15 4 0
github.com/igortoigildin/goph-keeper/internal/server/service/upload/upload.go:179.15,180.49 1 0
github.com/igortoigildin/goph-keeper/internal/server/service/upload/upload.go:180.49,182.4 1 0
github.com/igortoigildin/goph-keeper/internal/server/service/upload/upload.go:185.2,185.6 1 0
github.com/igortoigildin/goph-keeper/internal/server/service/upload/upload.go:185.6,187.26 2 0
github.com/igortoigildin/goph-keeper/internal/server/service/upload/upload.go:187.26,189.4 1 0
github.com/igortoigildin/goph-keeper/internal/server/service/upload/upload.go:190.3,190.20 1 0
github.com/igortoigildin/goph-keeper/internal/server/service/upload/upload.go:190.20,191.9 1 0
github.com/igortoigildin/goph-keeper/internal/server/service/upload/upload.go:194.3,194.17 1 0
github.com/igortoigildin/goph-keeper/internal/server/service/upload/upload.go:194.17,198.4 2 0
github.com/igortoigildin/goph-keeper/internal/server/service/upload/upload.go:200.3,205.43 4 0
github.com/igortoigildin/goph-keeper/internal/server/service/upload/upload.go:205.43,209.4 2 0
github.com/igortoigildin/goph-keeper/internal/server/service/upload/upload.go:212.2,213.9 2 0
github.com/igortoigildin/goph-keeper/internal/server/service/upload/upload.go:213.9,217.3 2 0
github.com/igortoigildin/goph-keeper/internal/server/service/upload/upload.go:217.8,217.26 1 0
github.com/igortoigildin/goph-keeper/internal/server/service/upload/upload.go:217.26,221.3 2 0
github.com/igortoigildin/goph-keeper/internal/server/service/upload/upload.go:222.2,222.28 1 0
github.com/igortoigildin/goph-keeper/internal/server/service/upload/upload.go:222.28,226.3 2 0
github.com/igortoigildin/goph-keeper/internal/server/service/upload/upload.go:228.2,235.16 5 0
github.com/igortoigildin/goph-keeper/internal/server/service/upload/upload.go:235.16,239.3 2 0
github.com/igortoigildin/goph-keeper/internal/server/service/upload/upload.go:241.2,245.16 4 0
github.com/igortoigildin/goph-keeper/internal/server/service/upload/upload.go:245.16,249.3 2 0
github.com/igortoigildin/goph-keeper/internal/server/service/upload/upload.go:252.2,253.16 2 0
github.com/igortoigildin/goph-keeper/internal/server/service/upload/upload.go:253.16,257.3 2 0
github.com/igortoigildin/goph-keeper/internal/server/service/upload/upload.go:259.2,259.90 1 0
github.com/igortoigildin/goph-keeper/internal/server/service/auth/auth.go:39.55,43.2 1 0
github.com/igortoigildin/goph-keeper/internal/server/service/auth/auth.go:48.87,54.16 4 0
github.com/igortoigildin/goph-keeper/internal/server/service/auth/auth.go:54.16,55.46 1 0
github.com/igortoigildin/goph-keeper/internal/server/service/auth/auth.go:55.46,59.4 2 0
github.com/igortoigildin/goph-keeper/internal/server/service/auth/auth.go:61.3,63.43 2 0
github.com/igortoigildin/goph-keeper/internal/server/service/auth/auth.go:67.2,67.56 1 0
github.com/igortoigildin/goph-keeper/internal/server/service/auth/auth.go:67.56,69.3 1 0
github.com/igortoigildin/goph-keeper/internal/server/service/auth/auth.go:72.2,73.16 2 0
github.com/igortoigildin/goph-keeper/internal/server/service/auth/auth.go:73.16,75.3 1 0
github.com/igortoigildin/goph-keeper/internal/server/service/auth/auth.go:77.2,79.26 2 0
github.com/igortoigildin/goph-keeper/internal/server/service/auth/auth.go:84.99,88.16 3 0
github.com/igortoigildin/goph-keeper/internal/server/service/auth/auth.go:88.16,92.3 2 0
github.com/igortoigildin/goph-keeper/internal/server/service/auth/auth.go:94.2,95.16 2 0
github.com/igortoigildin/goph-keeper/internal/server/service/auth/auth.go:95.16,99.3 2 0
github.com/igortoigildin/goph-keeper/internal/server/service/auth/auth.go:101.2,103.16 2 0
github.com/igortoigildin/goph-keeper/internal/server/storage/minio/data.go:28.38,30.2 1 0
github.com/igortoigildin/goph-keeper/internal/server/storage/minio/data.go:32.102,37.16 2 0
github.com/igortoigildin/goph-keeper/internal/server/storage/minio/data.go:37.16,41.3 2 0
github.com/igortoigildin/goph-keeper/internal/server/storage/minio/data.go:44.2,49.16 4 0
github.com/igortoigildin/goph-keeper/internal/server/storage/minio/data.go:49.16,50.121 1 0
github.com/igortoigildin/goph-keeper/internal/server/storage/minio/data.go:50.121,52.4 1 0
github.com/igortoigildin/goph-keeper/internal/server/storage/minio/data.go:52.9,56.4 2 0
github.com/igortoigildin/goph-keeper/internal/server/storage/minio/data.go:60.2,61.16 2 0
github.com/igortoigildin/goph-keeper/internal/server/storage/minio/data.go:61.16,65.3 2 0
github.com/igortoigildin/goph-keeper/internal/server/storage/minio/data.go:66.2,77.16 3 0
github.com/igortoigildin/goph-keeper/internal/server/storage/minio/data.go:77.16,81.3 2 0
github.com/igortoigildin/goph-keeper/internal/server/storage/minio/data.go:83.2,85.12 2 0
github.com/igortoigildin/goph-keeper/internal/server/storage/minio/data.go:88.114,93.16 2 0
github.com/igortoigildin/goph-keeper/internal/server/storage/minio/data.go:93.16,97.3 2 0
github.com/igortoigildin/goph-keeper/internal/server/storage/minio/data.go:99.2,100.16 2 0
github.com/igortoigildin/goph-keeper/internal/server/storage/minio/data.go:100.16,102.3 1 0
github.com/igortoigildin/goph-keeper/internal/server/storage/minio/data.go:103.2,108.16 4 0
github.com/igortoigildin/goph-keeper/internal/server/storage/minio/data.go:108.16,112.3 2 0
github.com/igortoigildin/goph-keeper/internal/server/storage/minio/data.go:114.2,116.17 2 0
github.com/igortoigildin/goph-keeper/internal/server/storage/minio/data.go:119.101,124.16 2 0
github.com/igortoigildin/goph-keeper/internal/server/storage/minio/data.go:124.16,128.3 2 0
github.com/igortoigildin/goph-keeper/internal/server/storage/minio/data.go:131.2,132.16 2 0
github.com/igortoigildin/goph-keeper/internal/server/storage/minio/data.go:132.16,136.3 2 0
github.com/igortoigildin/goph-keeper/internal/server/storage/minio/data.go:139.2,147.16 5 0
github.com/igortoigildin/goph-keeper/internal/server/storage/minio/data.go:147.16,148.121 1 0
github.com/igortoigildin/goph-keeper/internal/server/storage/minio/data.go:148.121,150.4 1 0
github.com/igortoigildin/goph-keeper/internal/server/storage/minio/data.go:150.9,154.4 2 0
github.com/igortoigildin/goph-keeper/internal/server/storage/minio/data.go:157.2,160.16 2 0
github.com/igortoigildin/goph-keeper/internal/server/storage/minio/data.go:160.16,164.3 2 0
github.com/igortoigildin/goph-keeper/internal/server/storage/minio/data.go:166.2,168.12 2 0
github.com/igortoigildin/goph-keeper/internal/server/storage/minio/data.go:171.111,176.16 2 0
github.com/igortoigildin/goph-keeper/internal/server/storage/minio/data.go:176.16,180.3 2 0
github.com/igortoigildin/goph-keeper/internal/server/storage/minio/data.go:182.2,183.16 2 0
github.com/igortoigildin/goph-keeper/internal/server/storage/minio/data.go:183.16,187.3 2 0
github.com/igortoigildin/goph-keeper/internal/server/storage/minio/data.go:188.2,193.16 4 0
github.com/igortoigildin/goph-keeper/internal/server/storage/minio/data.go:193.16,197.3 2 0
github.com/igortoigildin/goph-keeper/internal/server/storage/minio/data.go:199.2,203.17 3 0
github.com/igortoigildin/goph-keeper/internal/server/storage/pg/user/user.go:24.50,28.2 1 0
github.com/igortoigildin/goph-keeper/internal/server/storage/pg/user/user.go:30.104,38.16 3 0
github.com/igortoigildin/goph-keeper/internal/server/storage/pg/user/user.go:38.16,40.3 1 0
github.com/igortoigildin/goph-keeper/internal/server/storage/pg/user/user.go:42.2,49.16 4 0
github.com/igortoigildin/goph-keeper/internal/server/storage/pg/user/user.go:49.16,51.3 1 0
github.com/igortoigildin/goph-keeper/internal/server/storage/pg/user/user.go:53.2,53.16 1 0
github.com/igortoigildin/goph-keeper/internal/server/storage/pg/user/user.go:56.97,64.16 3 0
github.com/igortoigildin/goph-keeper/internal/server/storage/pg/user/user.go:64.16,66.3 1 0
github.com/igortoigildin/goph-keeper/internal/server/storage/pg/user/user.go:68.2,75.16 4 0
github.com/igortoigildin/goph-keeper/internal/server/storage/pg/user/user.go:75.16,77.3 1 0
github.com/igortoigildin/goph-keeper/internal/server/storage/pg/user/user.go:79.2,79.19 1 0
github.com/igortoigildin/goph-keeper/tests/suite/suite.go:29.50,37.19 5 0
github.com/igortoigildin/goph-keeper/tests/suite/suite.go:37.19,40.3 2 0
github.com/igortoigildin/goph-keeper/tests/suite/suite.go:42.2,45.16 2 0
github.com/igortoigildin/goph-keeper/tests/suite/suite.go:45.16,47.3 1 0
github.com/igortoigildin/goph-keeper/tests/suite/suite.go:49.2,55.3 1 0
github.com/igortoigildin/goph-keeper/tests/suite/suite.go:58.26,61.34 2 0
github.com/igortoigildin/goph-keeper/tests/suite/suite.go:61.34,63.3 1 0
github.com/igortoigildin/goph-keeper/tests/suite/suite.go:65.2,65.37 1 0
github.com/igortoigildin/goph-keeper/internal/client/grpc/service/auth/service.go:19.36,23.2 1 0
github.com/igortoigildin/goph-keeper/internal/client/grpc/service/auth/service.go:25.89,27.16 2 0
github.com/igortoigildin/goph-keeper/internal/client/grpc/service/auth/service.go:27.16,29.3 1 0
github.com/igortoigildin/goph-keeper/internal/client/grpc/service/auth/service.go:30.2,35.16 4 0
github.com/igortoigildin/goph-keeper/internal/client/grpc/service/auth/service.go:35.16,36.41 1 0
github.com/igortoigildin/goph-keeper/internal/client/grpc/service/auth/service.go:36.41,37.39 1 0
github.com/igortoigildin/goph-keeper/internal/client/grpc/service/auth/service.go:37.39,39.5 1 0
github.com/igortoigildin/goph-keeper/internal/client/grpc/service/auth/service.go:39.10,39.48 1 0
github.com/igortoigildin/goph-keeper/internal/client/grpc/service/auth/service.go:39.48,41.5 1 0
github.com/igortoigildin/goph-keeper/internal/client/grpc/service/auth/service.go:41.10,43.5 1 0
github.com/igortoigildin/goph-keeper/internal/client/grpc/service/auth/service.go:44.9,46.4 1 0
github.com/igortoigildin/goph-keeper/internal/client/grpc/service/auth/service.go:49.2,49.12 1 0
github.com/igortoigildin/goph-keeper/internal/client/grpc/service/auth/service.go:52.89,54.16 2 0
github.com/igortoigildin/goph-keeper/internal/client/grpc/service/auth/service.go:54.16,56.3 1 0
github.com/igortoigildin/goph-keeper/internal/client/grpc/service/auth/service.go:57.2,62.16 4 0
github.com/igortoigildin/goph-keeper/internal/client/grpc/service/auth/service.go:62.16,64.3 1 0
github.com/igortoigildin/goph-keeper/internal/client/grpc/service/auth/service.go:66.2,66.31 1 0
github.com/igortoigildin/goph-keeper/internal/client/grpc/service/download/service.go:35.27,37.2 1 0
github.com/igortoigildin/goph-keeper/internal/client/grpc/service/download/service.go:39.65,41.16 2 0
github.com/igortoigildin/goph-keeper/internal/client/grpc/service/download/service.go:41.16,43.3 1 0
github.com/igortoigildin/goph-keeper/internal/client/grpc/service/download/service.go:44.2,48.16 4 0
github.com/igortoigildin/goph-keeper/internal/client/grpc/service/download/service.go:48.16,50.3 1 0
github.com/igortoigildin/goph-keeper/internal/client/grpc/service/download/service.go:52.2,57.16 4 0
github.com/igortoigildin/goph-keeper/internal/client/grpc/service/download/service.go:57.16,59.3 1 0
github.com/igortoigildin/goph-keeper/internal/client/grpc/service/download/service.go:61.2,65.12 3 0
github.com/igortoigildin/goph-keeper/internal/client/grpc/service/download/service.go:68.61,70.16 2 0
github.com/igortoigildin/goph-keeper/internal/client/grpc/service/download/service.go:70.16,72.3 1 0
github.com/igortoigildin/goph-keeper/internal/client/grpc/service/download/service.go:73.2,77.16 4 0
github.com/igortoigildin/goph-keeper/internal/client/grpc/service/download/service.go:77.16,79.3 1 0
github.com/igortoigildin/goph-keeper/internal/client/grpc/service/download/service.go:81.2,86.16 4 0
github.com/igortoigildin/goph-keeper/internal/client/grpc/service/download/service.go:86.16,88.3 1 0
github.com/igortoigildin/goph-keeper/internal/client/grpc/service/download/service.go:90.2,94.12 3 0
github.com/igortoigildin/goph-keeper/internal/client/grpc/service/download/service.go:97.78,99.16 2 0
github.com/igortoigildin/goph-keeper/internal/client/grpc/service/download/service.go:99.16,101.3 1 0
github.com/igortoigildin/goph-keeper/internal/client/grpc/service/download/service.go:102.2,106.16 4 0
github.com/igortoigildin/goph-keeper/internal/client/grpc/service/download/service.go:106.16,108.3 1 0
github.com/igortoigildin/goph-keeper/internal/client/grpc/service/download/service.go:110.2,114.16 4 0
github.com/igortoigildin/goph-keeper/internal/client/grpc/service/download/service.go:114.16,116.3 1 0
github.com/igortoigildin/goph-keeper/internal/client/grpc/service/download/service.go:118.2,121.15 4 0
github.com/igortoigildin/goph-keeper/internal/client/grpc/service/download/service.go:121.15,122.49 1 0
github.com/igortoigildin/goph-keeper/internal/client/grpc/service/download/service.go:122.49,124.4 1 0
github.com/igortoigildin/goph-keeper/internal/client/grpc/service/download/service.go:127.2,127.6 1 0
github.com/igortoigildin/goph-keeper/internal/client/grpc/service/download/service.go:127.6,129.26 2 0
github.com/igortoigildin/goph-keeper/internal/client/grpc/service/download/service.go:129.26,131.4 1 0
github.com/igortoigildin/goph-keeper/internal/client/grpc/service/download/service.go:132.3,132.20 1 0
github.com/igortoigildin/goph-keeper/internal/client/grpc/service/download/service.go:132.20,133.9 1 0
github.com/igortoigildin/goph-keeper/internal/client/grpc/service/download/service.go:136.3,136.17 1 0
github.com/igortoigildin/goph-keeper/internal/client/grpc/service/download/service.go:136.17,138.4 1 0
github.com/igortoigildin/goph-keeper/internal/client/grpc/service/download/service.go:140.3,144.43 4 0
github.com/igortoigildin/goph-keeper/internal/client/grpc/service/download/service.go:144.43,146.4 1 0
github.com/igortoigildin/goph-keeper/internal/client/grpc/service/download/service.go:149.2,149.12 1 0
github.com/igortoigildin/goph-keeper/internal/client/grpc/service/download/service.go:152.68,154.16 2 0
github.com/igortoigildin/goph-keeper/internal/client/grpc/service/download/service.go:154.16,156.3 1 0
github.com/igortoigildin/goph-keeper/internal/client/grpc/service/download/service.go:157.2,161.16 4 0
github.com/igortoigildin/goph-keeper/internal/client/grpc/service/download/service.go:161.16,163.3 1 0
github.com/igortoigildin/goph-keeper/internal/client/grpc/service/download/service.go:165.2,169.16 4 0
github.com/igortoigildin/goph-keeper/internal/client/grpc/service/download/service.go:169.16,171.3 1 0
github.com/igortoigildin/goph-keeper/internal/client/grpc/service/download/service.go:173.2,180.12 3 0
github.com/igortoigildin/goph-keeper/internal/client/grpc/service/upload/service.go:32.27,34.2 1 0
github.com/igortoigildin/goph-keeper/internal/client/grpc/service/upload/service.go:36.87,38.16 2 0
github.com/igortoigildin/goph-keeper/internal/client/grpc/service/upload/service.go:38.16,40.3 1 0
github.com/igortoigildin/goph-keeper/internal/client/grpc/service/upload/service.go:41.2,46.16 4 0
github.com/igortoigildin/goph-keeper/internal/client/grpc/service/upload/service.go:46.16,48.3 1 0
github.com/igortoigildin/goph-keeper/internal/client/grpc/service/upload/service.go:50.2,54.64 3 0
github.com/igortoigildin/goph-keeper/internal/client/grpc/service/upload/service.go:54.64,57.3 1 0
github.com/igortoigildin/goph-keeper/internal/client/grpc/service/upload/service.go:59.2,59.12 1 0
github.com/igortoigildin/goph-keeper/internal/client/grpc/service/upload/service.go:62.93,68.16 5 0
github.com/igortoigildin/goph-keeper/internal/client/grpc/service/upload/service.go:68.16,70.3 1 0
github.com/igortoigildin/goph-keeper/internal/client/grpc/service/upload/service.go:72.2,72.12 1 0
github.com/igortoigildin/goph-keeper/internal/client/grpc/service/upload/service.go:75.97,77.16 2 0
github.com/igortoigildin/goph-keeper/internal/client/grpc/service/upload/service.go:77.16,79.3 1 0
github.com/igortoigildin/goph-keeper/internal/client/grpc/service/upload/service.go:80.2,85.16 4 0
github.com/igortoigildin/goph-keeper/internal/client/grpc/service/upload/service.go:85.16,87.3 1 0
github.com/igortoigildin/goph-keeper/internal/client/grpc/service/upload/service.go:89.2,93.74 3 0
github.com/igortoigildin/goph-keeper/internal/client/grpc/service/upload/service.go:93.74,95.3 1 0
github.com/igortoigildin/goph-keeper/internal/client/grpc/service/upload/service.go:97.2,97.12 1 0
github.com/igortoigildin/goph-keeper/internal/client/grpc/service/upload/service.go:100.103,107.16 6 0
github.com/igortoigildin/goph-keeper/internal/client/grpc/service/upload/service.go:107.16,109.3 1 0
github.com/igortoigildin/goph-keeper/internal/client/grpc/service/upload/service.go:111.2,111.12 1 0
github.com/igortoigildin/goph-keeper/internal/client/grpc/service/upload/service.go:114.70,116.16 2 0
github.com/igortoigildin/goph-keeper/internal/client/grpc/service/upload/service.go:116.16,118.3 1 0
github.com/igortoigildin/goph-keeper/internal/client/grpc/service/upload/service.go:119.2,124.16 4 0
github.com/igortoigildin/goph-keeper/internal/client/grpc/service/upload/service.go:124.16,126.3 1 0
github.com/igortoigildin/goph-keeper/internal/client/grpc/service/upload/service.go:128.2,131.47 3 0
github.com/igortoigildin/goph-keeper/internal/client/grpc/service/upload/service.go:131.47,133.3 1 0
github.com/igortoigildin/goph-keeper/internal/client/grpc/service/upload/service.go:135.2,135.12 1 0
github.com/igortoigildin/goph-keeper/internal/client/grpc/service/upload/service.go:138.76,140.16 2 0
github.com/igortoigildin/goph-keeper/internal/client/grpc/service/upload/service.go:140.16,142.3 1 0
github.com/igortoigildin/goph-keeper/internal/client/grpc/service/upload/service.go:144.2,144.12 1 0
github.com/igortoigildin/goph-keeper/internal/client/grpc/service/upload/service.go:147.96,149.16 2 0
github.com/igortoigildin/goph-keeper/internal/client/grpc/service/upload/service.go:149.16,151.3 1 0
github.com/igortoigildin/goph-keeper/internal/client/grpc/service/upload/service.go:152.2,157.16 4 0
github.com/igortoigildin/goph-keeper/internal/client/grpc/service/upload/service.go:157.16,159.3 1 0
github.com/igortoigildin/goph-keeper/internal/client/grpc/service/upload/service.go:161.2,164.62 3 0
github.com/igortoigildin/goph-keeper/internal/client/grpc/service/upload/service.go:164.62,166.3 1 0
github.com/igortoigildin/goph-keeper/internal/client/grpc/service/upload/service.go:168.2,168.12 1 0
github.com/igortoigildin/goph-keeper/internal/client/grpc/service/upload/service.go:171.95,173.16 2 0
github.com/igortoigildin/goph-keeper/internal/client/grpc/service/upload/service.go:173.16,175.3 1 0
github.com/igortoigildin/goph-keeper/internal/client/grpc/service/upload/service.go:177.2,178.16 2 0
github.com/igortoigildin/goph-keeper/internal/client/grpc/service/upload/service.go:178.16,180.3 1 0
github.com/igortoigildin/goph-keeper/internal/client/grpc/service/upload/service.go:181.2,183.6 3 0
github.com/igortoigildin/goph-keeper/internal/client/grpc/service/upload/service.go:183.6,185.20 2 0
github.com/igortoigildin/goph-keeper/internal/client/grpc/service/upload/service.go:185.20,186.9 1 0
github.com/igortoigildin/goph-keeper/internal/client/grpc/service/upload/service.go:188.3,188.17 1 0
github.com/igortoigildin/goph-keeper/internal/client/grpc/service/upload/service.go:188.17,190.4 1 0
github.com/igortoigildin/goph-keeper/internal/client/grpc/service/upload/service.go:191.3,193.96 2 0
github.com/igortoigildin/goph-keeper/internal/client/grpc/service/upload/service.go:193.96,195.4 1 0
github.com/igortoigildin/goph-keeper/internal/client/grpc/service/upload/service.go:197.3,197.19 1 0
github.com/igortoigildin/goph-keeper/internal/client/grpc/service/upload/service.go:199.2,200.16 2 0
github.com/igortoigildin/goph-keeper/internal/client/grpc/service/upload/service.go:200.16,202.3 1 0
github.com/igortoigildin/goph-keeper/internal/client/grpc/service/upload/service.go:204.2,204.12 1 0
github.com/igortoigildin/goph-keeper/internal/server/service/auth/auth.go:39.55,43.2 1 0
github.com/igortoigildin/goph-keeper/internal/server/service/auth/auth.go:48.87,54.16 4 0
github.com/igortoigildin/goph-keeper/internal/server/service/auth/auth.go:54.16,55.46 1 0
github.com/igortoigildin/goph-keeper/internal/server/service/auth/auth.go:55.46,59.4 2 0
github.com/igortoigildin/goph-keeper/internal/server/service/auth/auth.go:61.3,63.43 2 0
github.com/igortoigildin/goph-keeper/internal/server/service/auth/auth.go:67.2,67.56 1 0
github.com/igortoigildin/goph-keeper/internal/server/service/auth/auth.go:67.56,69.3 1 0
github.com/igortoigildin/goph-keeper/internal/server/service/auth/auth.go:72.2,73.16 2 0
github.com/igortoigildin/goph-keeper/internal/server/service/auth/auth.go:73.16,75.3 1 0
github.com/igortoigildin/goph-keeper/internal/server/service/auth/auth.go:77.2,79.26 2 0
github.com/igortoigildin/goph-keeper/internal/server/service/auth/auth.go:84.99,88.16 3 0
github.com/igortoigildin/goph-keeper/internal/server/service/auth/auth.go:88.16,92.3 2 0
github.com/igortoigildin/goph-keeper/internal/server/service/auth/auth.go:94.2,95.16 2 0
github.com/igortoigildin/goph-keeper/internal/server/service/auth/auth.go:95.16,99.3 2 0
github.com/igortoigildin/goph-keeper/internal/server/service/auth/auth.go:101.2,103.16 2 0
github.com/igortoigildin/goph-keeper/internal/server/service/download/download.go:31.104,33.2 1 0
github.com/igortoigildin/goph-keeper/internal/server/service/download/download.go:37.88,39.9 2 0
github.com/igortoigildin/goph-keeper/internal/server/service/download/download.go:39.9,43.3 2 0
github.com/igortoigildin/goph-keeper/internal/server/service/download/download.go:43.8,43.26 1 0
github.com/igortoigildin/goph-keeper/internal/server/service/download/download.go:43.26,47.3 2 0
github.com/igortoigildin/goph-keeper/internal/server/service/download/download.go:49.2,49.28 1 0
github.com/igortoigildin/goph-keeper/internal/server/service/download/download.go:49.28,53.3 2 0
github.com/igortoigildin/goph-keeper/internal/server/service/download/download.go:55.2,61.16 4 0
github.com/igortoigildin/goph-keeper/internal/server/service/download/download.go:61.16,65.3 2 0
github.com/igortoigildin/goph-keeper/internal/server/service/download/download.go:68.2,68.29 1 0
github.com/igortoigildin/goph-keeper/internal/server/service/download/download.go:68.29,72.3 2 0
github.com/igortoigildin/goph-keeper/internal/server/service/download/download.go:74.2,75.16 2 0
github.com/igortoigildin/goph-keeper/internal/server/service/download/download.go:75.16,77.3 1 0
github.com/igortoigildin/goph-keeper/internal/server/service/download/download.go:79.2,81.26 2 0
github.com/igortoigildin/goph-keeper/internal/server/service/download/download.go:84.103,86.9 2 0
github.com/igortoigildin/goph-keeper/internal/server/service/download/download.go:86.9,90.3 2 0
github.com/igortoigildin/goph-keeper/internal/server/service/download/download.go:90.8,90.26 1 0
github.com/igortoigildin/goph-keeper/internal/server/service/download/download.go:90.26,94.3 2 0
github.com/igortoigildin/goph-keeper/internal/server/service/download/download.go:96.2,96.28 1 0
github.com/igortoigildin/goph-keeper/internal/server/service/download/download.go:96.28,100.3 2 0
github.com/igortoigildin/goph-keeper/internal/server/service/download/download.go:102.2,108.16 4 0
github.com/igortoigildin/goph-keeper/internal/server/service/download/download.go:108.16,112.3 2 0
github.com/igortoigildin/goph-keeper/internal/server/service/download/download.go:115.2,115.29 1 0
github.com/igortoigildin/goph-keeper/internal/server/service/download/download.go:115.29,119.3 2 0
github.com/igortoigildin/goph-keeper/internal/server/service/download/download.go:121.2,122.16 2 0
github.com/igortoigildin/goph-keeper/internal/server/service/download/download.go:122.16,124.3 1 0
github.com/igortoigildin/goph-keeper/internal/server/service/download/download.go:126.2,129.16 3 0
github.com/igortoigildin/goph-keeper/internal/server/service/download/download.go:129.16,133.3 2 0
github.com/igortoigildin/goph-keeper/internal/server/service/download/download.go:135.2,135.17 1 0
github.com/igortoigildin/goph-keeper/internal/server/service/download/download.go:138.88,140.9 2 0
github.com/igortoigildin/goph-keeper/internal/server/service/download/download.go:140.9,144.3 2 0
github.com/igortoigildin/goph-keeper/internal/server/service/download/download.go:144.8,144.26 1 0
github.com/igortoigildin/goph-keeper/internal/server/service/download/download.go:144.26,148.3 2 0
github.com/igortoigildin/goph-keeper/internal/server/service/download/download.go:150.2,150.28 1 0
github.com/igortoigildin/goph-keeper/internal/server/service/download/download.go:150.28,154.3 2 0
github.com/igortoigildin/goph-keeper/internal/server/service/download/download.go:156.2,162.16 4 0
github.com/igortoigildin/goph-keeper/internal/server/service/download/download.go:162.16,166.3 2 0
github.com/igortoigildin/goph-keeper/internal/server/service/download/download.go:168.2,171.29 2 0
github.com/igortoigildin/goph-keeper/internal/server/service/download/download.go:171.29,175.3 2 0
github.com/igortoigildin/goph-keeper/internal/server/service/download/download.go:177.2,178.16 2 0
github.com/igortoigildin/goph-keeper/internal/server/service/download/download.go:178.16,180.3 1 0
github.com/igortoigildin/goph-keeper/internal/server/service/download/download.go:182.2,182.26 1 0
github.com/igortoigildin/goph-keeper/internal/server/service/download/download.go:185.108,187.9 2 0
github.com/igortoigildin/goph-keeper/internal/server/service/download/download.go:187.9,191.3 2 0
github.com/igortoigildin/goph-keeper/internal/server/service/download/download.go:191.8,191.26 1 0
github.com/igortoigildin/goph-keeper/internal/server/service/download/download.go:191.26,195.3 2 0
github.com/igortoigildin/goph-keeper/internal/server/service/download/download.go:197.2,197.28 1 0
github.com/igortoigildin/goph-keeper/internal/server/service/download/download.go:197.28,201.3 2 0
github.com/igortoigildin/goph-keeper/internal/server/service/download/download.go:203.2,209.16 4 0
github.com/igortoigildin/goph-keeper/internal/server/service/download/download.go:209.16,213.3 2 0
github.com/igortoigildin/goph-keeper/internal/server/service/download/download.go:216.2,216.29 1 0
github.com/igortoigildin/goph-keeper/internal/server/service/download/download.go:216.29,220.3 2 0
github.com/igortoigildin/goph-keeper/internal/server/service/download/download.go:222.2,223.16 2 0
github.com/igortoigildin/goph-keeper/internal/server/service/download/download.go:223.16,227.3 2 0
github.com/igortoigildin/goph-keeper/internal/server/service/download/download.go:229.2,232.16 3 0
github.com/igortoigildin/goph-keeper/internal/server/service/download/download.go:232.16,236.3 2 0
github.com/igortoigildin/goph-keeper/internal/server/service/download/download.go:238.2,238.17 1 0
github.com/igortoigildin/goph-keeper/internal/server/service/upload/upload.go:35.102,37.2 1 0
github.com/igortoigildin/goph-keeper/internal/server/service/upload/upload.go:39.89,41.9 2 0
github.com/igortoigildin/goph-keeper/internal/server/service/upload/upload.go:41.9,45.3 2 0
github.com/igortoigildin/goph-keeper/internal/server/service/upload/upload.go:45.8,45.26 1 0
github.com/igortoigildin/goph-keeper/internal/server/service/upload/upload.go:45.26,49.3 2 0
github.com/igortoigildin/goph-keeper/internal/server/service/upload/upload.go:51.2,51.28 1 0
github.com/igortoigildin/goph-keeper/internal/server/service/upload/upload.go:51.28,55.3 2 0
github.com/igortoigildin/goph-keeper/internal/server/service/upload/upload.go:55.8,55.27 1 0
github.com/igortoigildin/goph-keeper/internal/server/service/upload/upload.go:55.27,59.3 2 0
github.com/igortoigildin/goph-keeper/internal/server/service/upload/upload.go:59.8,59.32 1 0
github.com/igortoigildin/goph-keeper/internal/server/service/upload/upload.go:59.32,63.3 2 0
github.com/igortoigildin/goph-keeper/internal/server/service/upload/upload.go:65.2,73.16 5 0
github.com/igortoigildin/goph-keeper/internal/server/service/upload/upload.go:73.16,77.3 2 0
github.com/igortoigildin/goph-keeper/internal/server/service/upload/upload.go:79.2,80.16 2 0
github.com/igortoigildin/goph-keeper/internal/server/service/upload/upload.go:80.16,84.3 2 0
github.com/igortoigildin/goph-keeper/internal/server/service/upload/upload.go:86.2,86.12 1 0
github.com/igortoigildin/goph-keeper/internal/server/service/upload/upload.go:89.74,91.9 2 0
github.com/igortoigildin/goph-keeper/internal/server/service/upload/upload.go:91.9,95.3 2 0
github.com/igortoigildin/goph-keeper/internal/server/service/upload/upload.go:95.8,95.26 1 0
github.com/igortoigildin/goph-keeper/internal/server/service/upload/upload.go:95.26,99.3 2 0
github.com/igortoigildin/goph-keeper/internal/server/service/upload/upload.go:101.2,101.28 1 0
github.com/igortoigildin/goph-keeper/internal/server/service/upload/upload.go:101.28,105.3 2 0
github.com/igortoigildin/goph-keeper/internal/server/service/upload/upload.go:105.8,105.32 1 0
github.com/igortoigildin/goph-keeper/internal/server/service/upload/upload.go:105.32,109.3 2 0
github.com/igortoigildin/goph-keeper/internal/server/service/upload/upload.go:111.2,118.16 5 0
github.com/igortoigildin/goph-keeper/internal/server/service/upload/upload.go:118.16,122.3 2 0
github.com/igortoigildin/goph-keeper/internal/server/service/upload/upload.go:124.2,125.16 2 0
github.com/igortoigildin/goph-keeper/internal/server/service/upload/upload.go:125.16,129.3 2 0
github.com/igortoigildin/goph-keeper/internal/server/service/upload/upload.go:131.2,131.12 1 0
github.com/igortoigildin/goph-keeper/internal/server/service/upload/upload.go:134.94,136.9 2 0
github.com/igortoigildin/goph-keeper/internal/server/service/upload/upload.go:136.9,140.3 2 0
github.com/igortoigildin/goph-keeper/internal/server/service/upload/upload.go:140.8,140.26 1 0
github.com/igortoigildin/goph-keeper/internal/server/service/upload/upload.go:140.26,144.3 2 0
github.com/igortoigildin/goph-keeper/internal/server/service/upload/upload.go:146.2,146.28 1 0
github.com/igortoigildin/goph-keeper/internal/server/service/upload/upload.go:146.28,150.3 2 0
github.com/igortoigildin/goph-keeper/internal/server/service/upload/upload.go:152.2,159.16 5 0
github.com/igortoigildin/goph-keeper/internal/server/service/upload/upload.go:159.16,163.3 2 0
github.com/igortoigildin/goph-keeper/internal/server/service/upload/upload.go:165.2,166.16 2 0
github.com/igortoigildin/goph-keeper/internal/server/service/upload/upload.go:166.16,170.3 2 0
github.com/igortoigildin/goph-keeper/internal/server/service/upload/upload.go:172.2,172.12 1 0
github.com/igortoigildin/goph-keeper/internal/server/service/upload/upload.go:175.79,179.15 4 0
github.com/igortoigildin/goph-keeper/internal/server/service/upload/upload.go:179.15,180.49 1 0
github.com/igortoigildin/goph-keeper/internal/server/service/upload/upload.go:180.49,182.4 1 0
github.com/igortoigildin/goph-keeper/internal/server/service/upload/upload.go:185.2,185.6 1 0
github.com/igortoigildin/goph-keeper/internal/server/service/upload/upload.go:185.6,187.26 2 0
github.com/igortoigildin/goph-keeper/internal/server/service/upload/upload.go:187.26,189.4 1 0
github.com/igortoigildin/goph-keeper/internal/server/service/upload/upload.go:190.3,190.20 1 0
github.com/igortoigildin/goph-keeper/internal/server/service/upload/upload.go:190.20,191.9 1 0
github.com/igortoigildin/goph-keeper/internal/server/service/upload/upload.go:194.3,194.17 1 0
github.com/igortoigildin/goph-keeper/internal/server/service/upload/upload.go:194.17,198.4 2 0
github.com/igortoigildin/goph-keeper/internal/server/service/upload/upload.go:200.3,205.43 4 0
github.com/igortoigildin/goph-keeper/internal/server/service/upload/upload.go:205.43,209.4 2 0
github.com/igortoigildin/goph-keeper/internal/server/service/upload/upload.go:212.2,213.9 2 0
github.com/igortoigildin/goph-keeper/internal/server/service/upload/upload.go:213.9,217.3 2 0
github.com/igortoigildin/goph-keeper/internal/server/service/upload/upload.go:217.8,217.26 1 0
github.com/igortoigildin/goph-keeper/internal/server/service/upload/upload.go:217.26,221.3 2 0
github.com/igortoigildin/goph-keeper/internal/server/service/upload/upload.go:222.2,222.28 1 0
github.com/igortoigildin/goph-keeper/internal/server/service/upload/upload.go:222.28,226.3 2 0
github.com/igortoigildin/goph-keeper/internal/server/service/upload/upload.go:228.2,235.16 5 0
github.com/igortoigildin/goph-keeper/internal/server/service/upload/upload.go:235.16,239.3 2 0
github.com/igortoigildin/goph-keeper/internal/server/service/upload/upload.go:241.2,245.16 4 0
github.com/igortoigildin/goph-keeper/internal/server/service/upload/upload.go:245.16,249.3 2 0
github.com/igortoigildin/goph-keeper/internal/server/service/upload/upload.go:252.2,253.16 2 0
github.com/igortoigildin/goph-keeper/internal/server/service/upload/upload.go:253.16,257.3 2 0
github.com/igortoigildin/goph-keeper/internal/server/service/upload/upload.go:259.2,259.90 1 0
github.com/igortoigildin/goph-keeper/internal/server/storage/minio/data.go:28.38,30.2 1 0
github.com/igortoigildin/goph-keeper/internal/server/storage/minio/data.go:32.102,37.16 2 0
github.com/igortoigildin/goph-keeper/internal/server/storage/minio/data.go:37.16,41.3 2 0
github.com/igortoigildin/goph-keeper/internal/server/storage/minio/data.go:44.2,49.16 4 0
github.com/igortoigildin/goph-keeper/internal/server/storage/minio/data.go:49.16,50.121 1 0
github.com/igortoigildin/goph-keeper/internal/server/storage/minio/data.go:50.121,52.4 1 0
github.com/igortoigildin/goph-keeper/internal/server/storage/minio/data.go:52.9,56.4 2 0
github.com/igortoigildin/goph-keeper/internal/server/storage/minio/data.go:60.2,61.16 2 0
github.com/igortoigildin/goph-keeper/internal/server/storage/minio/data.go:61.16,65.3 2 0
github.com/igortoigildin/goph-keeper/internal/server/storage/minio/data.go:66.2,77.16 3 0
github.com/igortoigildin/goph-keeper/internal/server/storage/minio/data.go:77.16,81.3 2 0
github.com/igortoigildin/goph-keeper/internal/server/storage/minio/data.go:83.2,85.12 2 0
github.com/igortoigildin/goph-keeper/internal/server/storage/minio/data.go:88.114,93.16 2 0
github.com/igortoigildin/goph-keeper/internal/server/storage/minio/data.go:93.16,97.3 2 0
github.com/igortoigildin/goph-keeper/internal/server/storage/minio/data.go:99.2,100.16 2 0
github.com/igortoigildin/goph-keeper/internal/server/storage/minio/data.go:100.16,102.3 1 0
github.com/igortoigildin/goph-keeper/internal/server/storage/minio/data.go:103.2,108.16 4 0
github.com/igortoigildin/goph-keeper/internal/server/storage/minio/data.go:108.16,112.3 2 0
github.com/igortoigildin/goph-keeper/internal/server/storage/minio/data.go:114.2,116.17 2 0
github.com/igortoigildin/goph-keeper/internal/server/storage/minio/data.go:119.101,124.16 2 0
github.com/igortoigildin/goph-keeper/internal/server/storage/minio/data.go:124.16,128.3 2 0
github.com/igortoigildin/goph-keeper/internal/server/storage/minio/data.go:131.2,132.16 2 0
github.com/igortoigildin/goph-keeper/internal/server/storage/minio/data.go:132.16,136.3 2 0
github.com/igortoigildin/goph-keeper/internal/server/storage/minio/data.go:139.2,147.16 5 0
github.com/igortoigildin/goph-keeper/internal/server/storage/minio/data.go:147.16,148.121 1 0
github.com/igortoigildin/goph-keeper/internal/server/storage/minio/data.go:148.121,150.4 1 0
github.com/igortoigildin/goph-keeper/internal/server/storage/minio/data.go:150.9,154.4 2 0
github.com/igortoigildin/goph-keeper/internal/server/storage/minio/data.go:157.2,160.16 2 0
github.com/igortoigildin/goph-keeper/internal/server/storage/minio/data.go:160.16,164.3 2 0
github.com/igortoigildin/goph-keeper/internal/server/storage/minio/data.go:166.2,168.12 2 0
github.com/igortoigildin/goph-keeper/internal/server/storage/minio/data.go:171.111,176.16 2 0
github.com/igortoigildin/goph-keeper/internal/server/storage/minio/data.go:176.16,180.3 2 0
github.com/igortoigildin/goph-keeper/internal/server/storage/minio/data.go:182.2,183.16 2 0
github.com/igortoigildin/goph-keeper/internal/server/storage/minio/data.go:183.16,187.3 2 0
github.com/igortoigildin/goph-keeper/internal/server/storage/minio/data.go:188.2,193.16 4 0
github.com/igortoigildin/goph-keeper/internal/server/storage/minio/data.go:193.16,197.3 2 0
github.com/igortoigildin/goph-keeper/internal/server/storage/minio/data.go:199.2,203.17 3 0
github.com/igortoigildin/goph-keeper/internal/server/storage/pg/access/access.go:24.52,28.2 1 0
github.com/igortoigildin/goph-keeper/internal/server/storage/pg/access/access.go:30.112,38.16 3 0
github.com/igortoigildin/goph-keeper/internal/server/storage/pg/access/access.go:38.16,40.3 1 0
github.com/igortoigildin/goph-keeper/internal/server/storage/pg/access/access.go:42.2,49.16 4 0
github.com/igortoigildin/goph-keeper/internal/server/storage/pg/access/access.go:49.16,51.3 1 0
github.com/igortoigildin/goph-keeper/internal/server/storage/pg/access/access.go:53.2,53.19 1 0
github.com/igortoigildin/goph-keeper/internal/server/storage/pg/access/access.go:56.93,63.16 3 0
github.com/igortoigildin/goph-keeper/internal/server/storage/pg/access/access.go:63.16,65.3 1 0
github.com/igortoigildin/goph-keeper/internal/server/storage/pg/access/access.go:67.2,73.16 3 0
github.com/igortoigildin/goph-keeper/internal/server/storage/pg/access/access.go:73.16,75.3 1 0
github.com/igortoigildin/goph-keeper/internal/server/storage/pg/access/access.go:77.2,77.12 1 0
github.com/igortoigildin/goph-keeper/internal/server/storage/pg/user/user.go:24.50,28.2 1 0
github.com/igortoigildin/goph-keeper/internal/server/storage/pg/user/user.go:30.104,38.16 3 0
github.com/igortoigildin/goph-keeper/internal/server/storage/pg/user/user.go:38.16,40.3 1 0
github.com/igortoigildin/goph-keeper/internal/server/storage/pg/user/user.go:42.2,49.16 4 0
github.com/igortoigildin/goph-keeper/internal/server/storage/pg/user/user.go:49.16,51.3 1 0
github.com/igortoigildin/goph-keeper/internal/server/storage/pg/user/user.go:53.2,53.16 1 0
github.com/igortoigildin/goph-keeper/internal/server/storage/pg/user/user.go:56.97,64.16 3 0
github.com/igortoigildin/goph-keeper/internal/server/storage/pg/user/user.go:64.16,66.3 1 0
github.com/igortoigildin/goph-keeper/internal/server/storage/pg/user/user.go:68.2,75.16 4 0
github.com/igortoigildin/goph-keeper/internal/server/storage/pg/user/user.go:75.16,77.3 1 0
github.com/igortoigildin/goph-keeper/internal/server/storage/pg/user/user.go:79.2,79.19 1 0
github.com/igortoigildin/goph-keeper/tests/suite/suite.go:29.50,37.19 5 1
github.com/igortoigildin/goph-keeper/tests/suite/suite.go:37.19,40.3 2 1
github.com/igortoigildin/goph-keeper/tests/suite/suite.go:42.2,45.16 2 1
github.com/igortoigildin/goph-keeper/tests/suite/suite.go:45.16,47.3 1 0
github.com/igortoigildin/goph-keeper/tests/suite/suite.go:49.2,55.3 1 1
github.com/igortoigildin/goph-keeper/tests/suite/suite.go:58.26,61.34 2 1
github.com/igortoigildin/goph-keeper/tests/suite/suite.go:61.34,63.3 1 0
github.com/igortoigildin/goph-keeper/tests/suite/suite.go:65.2,65.37 1 1
github.com/igortoigildin/goph-keeper/internal/client/grpc/service/auth/service.go:19.36,23.2 1 1
github.com/igortoigildin/goph-keeper/internal/client/grpc/service/auth/service.go:25.89,27.16 2 1
github.com/igortoigildin/goph-keeper/internal/client/grpc/service/auth/service.go:27.16,29.3 1 0
github.com/igortoigildin/goph-keeper/internal/client/grpc/service/auth/service.go:30.2,35.16 4 1
github.com/igortoigildin/goph-keeper/internal/client/grpc/service/auth/service.go:35.16,36.41 1 1
github.com/igortoigildin/goph-keeper/internal/client/grpc/service/auth/service.go:36.41,37.39 1 1
github.com/igortoigildin/goph-keeper/internal/client/grpc/service/auth/service.go:37.39,39.5 1 0
github.com/igortoigildin/goph-keeper/internal/client/grpc/service/auth/service.go:39.10,39.48 1 1
github.com/igortoigildin/goph-keeper/internal/client/grpc/service/auth/service.go:39.48,41.5 1 1
github.com/igortoigildin/goph-keeper/internal/client/grpc/service/auth/service.go:41.10,43.5 1 0
github.com/igortoigildin/goph-keeper/internal/client/grpc/service/auth/service.go:44.9,46.4 1 0
github.com/igortoigildin/goph-keeper/internal/client/grpc/service/auth/service.go:49.2,49.12 1 1
github.com/igortoigildin/goph-keeper/internal/client/grpc/service/auth/service.go:52.89,54.16 2 1
github.com/igortoigildin/goph-keeper/internal/client/grpc/service/auth/service.go:54.16,56.3 1 0
github.com/igortoigildin/goph-keeper/internal/client/grpc/service/auth/service.go:57.2,62.16 4 1
github.com/igortoigildin/goph-keeper/internal/client/grpc/service/auth/service.go:62.16,64.3 1 0
github.com/igortoigildin/goph-keeper/internal/client/grpc/service/auth/service.go:66.2,66.31 1 1
github.com/igortoigildin/goph-keeper/internal/client/grpc/service/download/service.go:35.27,37.2 1 0
github.com/igortoigildin/goph-keeper/internal/client/grpc/service/download/service.go:39.65,41.16 2 0
github.com/igortoigildin/goph-keeper/internal/client/grpc/service/download/service.go:41.16,43.3 1 0
github.com/igortoigildin/goph-keeper/internal/client/grpc/service/download/service.go:44.2,48.16 4 0
github.com/igortoigildin/goph-keeper/internal/client/grpc/service/download/service.go:48.16,50.3 1 0
github.com/igortoigildin/goph-keeper/internal/client/grpc/service/download/service.go:52.2,57.16 4 0
github.com/igortoigildin/goph-keeper/internal/client/grpc/service/download/service.go:57.16,59.3 1 0
github.com/igortoigildin/goph-keeper/internal/client/grpc/service/download/service.go:61.2,65.12 3 0
github.com/igortoigildin/goph-keeper/internal/client/grpc/service/download/service.go:68.61,70.16 2 0
github.com/igortoigildin/goph-keeper/internal/client/grpc/service/download/service.go:70.16,72.3 1 0
github.com/igortoigildin/goph-keeper/internal/client/grpc/service/download/service.go:73.2,77.16 4 0
github.com/igortoigildin/goph-keeper/internal/client/grpc/service/download/service.go:77.16,79.3 1 0
github.com/igortoigildin/goph-keeper/internal/client/grpc/service/download/service.go:81.2,86.16 4 0
github.com/igortoigildin/goph-keeper/internal/client/grpc/service/download/service.go:86.16,88.3 1 0
github.com/igortoigildin/goph-keeper/internal/client/grpc/service/download/service.go:90.2,94.12 3 0
github.com/igortoigildin/goph-keeper/internal/client/grpc/service/download/service.go:97.78,99.16 2 0
github.com/igortoigildin/goph-keeper/internal/client/grpc/service/download/service.go:99.16,101.3 1 0
github.com/igortoigildin/goph-keeper/internal/client/grpc/service/download/service.go:102.2,106.16 4 0
github.com/igortoigildin/goph-keeper/internal/client/grpc/service/download/service.go:106.16,108.3 1 0
github.com/igortoigildin/goph-keeper/internal/client/grpc/service/download/service.go:110.2,114.16 4 0
github.com/igortoigildin/goph-keeper/internal/client/grpc/service/download/service.go:114.16,116.3 1 0
github.com/igortoigildin/goph-keeper/internal/client/grpc/service/download/service.go:118.2,121.15 4 0
github.com/igortoigildin/goph-keeper/internal/client/grpc/service/download/service.go:121.15,122.49 1 0
github.com/igortoigildin/goph-keeper/internal/client/grpc/service/download/service.go:122.49,124.4 1 0
github.com/igortoigildin/goph-keeper/internal/client/grpc/service/download/service.go:127.2,127.6 1 0
github.com/igortoigildin/goph-keeper/internal/client/grpc/service/download/service.go:127.6,129.26 2 0
github.com/igortoigildin/goph-keeper/internal/client/grpc/service/download/service.go:129.26,131.4 1 0
github.com/igortoigildin/goph-keeper/internal/client/grpc/service/download/service.go:132.3,132.20 1 0
github.com/igortoigildin/goph-keeper/internal/client/grpc/service/download/service.go:132.20,133.9 1 0
github.com/igortoigildin/goph-keeper/internal/client/grpc/service/download/service.go:136.3,136.17 1 0
github.com/igortoigildin/goph-keeper/internal/client/grpc/service/download/service.go:136.17,138.4 1 0
github.com/igortoigildin/goph-keeper/internal/client/grpc/service/download/service.go:140.3,144.43 4 0
github.com/igortoigildin/goph-keeper/internal/client/grpc/service/download/service.go:144.43,146.4 1 0
github.com/igortoigildin/goph-keeper/internal/client/grpc/service/download/service.go:149.2,149.12 1 0
github.com/igortoigildin/goph-keeper/internal/client/grpc/service/download/service.go:152.68,154.16 2 0
github.com/igortoigildin/goph-keeper/internal/client/grpc/service/download/service.go:154.16,156.3 1 0
github.com/igortoigildin/goph-keeper/internal/client/grpc/service/download/service.go:157.2,161.16 4 0
github.com/igortoigildin/goph-keeper/internal/client/grpc/service/download/service.go:161.16,163.3 1 0
github.com/igortoigildin/goph-keeper/internal/client/grpc/service/download/service.go:165.2,169.16 4 0
github.com/igortoigildin/goph-keeper/internal/client/grpc/service/download/service.go:169.16,171.3 1 0
github.com/igortoigildin/goph-keeper/internal/client/grpc/service/download/service.go:173.2,180.12 3 0
github.com/igortoigildin/goph-keeper/internal/client/grpc/service/upload/service.go:32.27,34.2 1 0
github.com/igortoigildin/goph-keeper/internal/client/grpc/service/upload/service.go:36.87,38.16 2 0
github.com/igortoigildin/goph-keeper/internal/client/grpc/service/upload/service.go:38.16,40.3 1 0
github.com/igortoigildin/goph-keeper/internal/client/grpc/service/upload/service.go:41.2,46.16 4 0
github.com/igortoigildin/goph-keeper/internal/client/grpc/service/upload/service.go:46.16,48.3 1 0
github.com/igortoigildin/goph-keeper/internal/client/grpc/service/upload/service.go:50.2,54.64 3 0
github.com/igortoigildin/goph-keeper/internal/client/grpc/service/upload/service.go:54.64,57.3 1 0
github.com/igortoigildin/goph-keeper/internal/client/grpc/service/upload/service.go:59.2,59.12 1 0
github.com/igortoigildin/goph-keeper/internal/client/grpc/service/upload/service.go:62.93,68.16 5 0
github.com/igortoigildin/goph-keeper/internal/client/grpc/service/upload/service.go:68.16,70.3 1 0
github.com/igortoigildin/goph-keeper/internal/client/grpc/service/upload/service.go:72.2,72.12 1 0
github.com/igortoigildin/goph-keeper/internal/client/grpc/service/upload/service.go:75.97,77.16 2 0
github.com/igortoigildin/goph-keeper/internal/client/grpc/service/upload/service.go:77.16,79.3 1 0
github.com/igortoigildin/goph-keeper/internal/client/grpc/service/upload/service.go:80.2,85.16 4 0
github.com/igortoigildin/goph-keeper/internal/client/grpc/service/upload/service.go:85.16,87.3 1 0
github.com/igortoigildin/goph-keeper/internal/client/grpc/service/upload/service.go:89.2,93.74 3 0
github.com/igortoigildin/goph-keeper/internal/client/grpc/service/upload/service.go:93.74,95.3 1 0
github.com/igortoigildin/goph-keeper/internal/client/grpc/service/upload/service.go:97.2,97.12 1 0
github.com/igortoigildin/goph-keeper/internal/client/grpc/service/upload/service.go:100.103,107.16 6 0
github.com/igortoigildin/goph-keeper/internal/client/grpc/service/upload/service.go:107.16,109.3 1 0
github.com/igortoigildin/goph-keeper/internal/client/grpc/service/upload/service.go:111.2,111.12 1 0
github.com/igortoigildin/goph-keeper/internal/client/grpc/service/upload/service.go:114.70,116.16 2 0
github.com/igortoigildin/goph-keeper/internal/client/grpc/service/upload/service.go:116.16,118.3 1 0
github.com/igortoigildin/goph-keeper/internal/client/grpc/service/upload/service.go:119.2,124.16 4 0
github.com/igortoigildin/goph-keeper/internal/client/grpc/service/upload/service.go:124.16,126.3 1 0
github.com/igortoigildin/goph-keeper/internal/client/grpc/service/upload/service.go:128.2,131.47 3 0
github.com/igortoigildin/goph-keeper/internal/client/grpc/service/upload/service.go:131.47,133.3 1 0
github.com/igortoigildin/goph-keeper/internal/client/grpc/service/upload/service.go:135.2,135.12 1 0
github.com/igortoigildin/goph-keeper/internal/client/grpc/service/upload/service.go:138.76,140.16 2 0
github.com/igortoigildin/goph-keeper/internal/client/grpc/service/upload/service.go:140.16,142.3 1 0
github.com/igortoigildin/goph-keeper/internal/client/grpc/service/upload/service.go:144.2,144.12 1 0
github.com/igortoigildin/goph-keeper/internal/client/grpc/service/upload/service.go:147.96,149.16 2 0
github.com/igortoigildin/goph-keeper/internal/client/grpc/service/upload/service.go:149.16,151.3 1 0
github.com/igortoigildin/goph-keeper/internal/client/grpc/service/upload/service.go:152.2,157.16 4 0
github.com/igortoigildin/goph-keeper/internal/client/grpc/service/upload/service.go:157.16,159.3 1 0
github.com/igortoigildin/goph-keeper/internal/client/grpc/service/upload/service.go:161.2,164.62 3 0
github.com/igortoigildin/goph-keeper/internal/client/grpc/service/upload/service.go:164.62,166.3 1 0
github.com/igortoigildin/goph-keeper/internal/client/grpc/service/upload/service.go:168.2,168.12 1 0
github.com/igortoigildin/goph-keeper/internal/client/grpc/service/upload/service.go:171.95,173.16 2 0
github.com/igortoigildin/goph-keeper/internal/client/grpc/service/upload/service.go:173.16,175.3 1 0
github.com/igortoigildin/goph-keeper/internal/client/grpc/service/upload/service.go:177.2,178.16 2 0
github.com/igortoigildin/goph-keeper/internal/client/grpc/service/upload/service.go:178.16,180.3 1 0
github.com/igortoigildin/goph-keeper/internal/client/grpc/service/upload/service.go:181.2,183.6 3 0
github.com/igortoigildin/goph-keeper/internal/client/grpc/service/upload/service.go:183.6,185.20 2 0
github.com/igortoigildin/goph-keeper/internal/client/grpc/service/upload/service.go:185.20,186.9 1 0
github.com/igortoigildin/goph-keeper/internal/client/grpc/service/upload/service.go:188.3,188.17 1 0
github.com/igortoigildin/goph-keeper/internal/client/grpc/service/upload/service.go:188.17,190.4 1 0
github.com/igortoigildin/goph-keeper/internal/client/grpc/service/upload/service.go:191.3,193.96 2 0
github.com/igortoigildin/goph-keeper/internal/client/grpc/service/upload/service.go:193.96,195.4 1 0
github.com/igortoigildin/goph-keeper/internal/client/grpc/service/upload/service.go:197.3,197.19 1 0
github.com/igortoigildin/goph-keeper/internal/client/grpc/service/upload/service.go:199.2,200.16 2 0
github.com/igortoigildin/goph-keeper/internal/client/grpc/service/upload/service.go:200.16,202.3 1 0
github.com/igortoigildin/goph-keeper/internal/client/grpc/service/upload/service.go:204.2,204.12 1 0
github.com/igortoigildin/goph-keeper/internal/server/service/auth/auth.go:39.55,43.2 1 0
github.com/igortoigildin/goph-keeper/internal/server/service/auth/auth.go:48.87,54.16 4 0
github.com/igortoigildin/goph-keeper/internal/server/service/auth/auth.go:54.16,55.46 1 0
github.com/igortoigildin/goph-keeper/internal/server/service/auth/auth.go:55.46,59.4 2 0
github.com/igortoigildin/goph-keeper/internal/server/service/auth/auth.go:61.3,63.43 2 0
github.com/igortoigildin/goph-keeper/internal/server/service/auth/auth.go:67.2,67.56 1 0
github.com/igortoigildin/goph-keeper/internal/server/service/auth/auth.go:67.56,69.3 1 0
github.com/igortoigildin/goph-keeper/internal/server/service/auth/auth.go:72.2,73.16 2 0
github.com/igortoigildin/goph-keeper/internal/server/service/auth/auth.go:73.16,75.3 1 0
github.com/igortoigildin/goph-keeper/internal/server/service/auth/auth.go:77.2,79.26 2 0
github.com/igortoigildin/goph-keeper/internal/server/service/auth/auth.go:84.99,88.16 3 0
github.com/igortoigildin/goph-keeper/internal/server/service/auth/auth.go:88.16,92.3 2 0
github.com/igortoigildin/goph-keeper/internal/server/service/auth/auth.go:94.2,95.16 2 0
github.com/igortoigildin/goph-keeper/internal/server/service/auth/auth.go:95.16,99.3 2 0
github.com/igortoigildin/goph-keeper/internal/server/service/auth/auth.go:101.2,103.16 2 0
github.com/igortoigildin/goph-keeper/internal/server/service/download/download.go:31.104,33.2 1 0
github.com/igortoigildin/goph-keeper/internal/server/service/download/download.go:37.88,39.9 2 0
github.com/igortoigildin/goph-keeper/internal/server/service/download/download.go:39.9,43.3 2 0
github.com/igortoigildin/goph-keeper/internal/server/service/download/download.go:43.8,43.26 1 0
github.com/igortoigildin/goph-keeper/internal/server/service/download/download.go:43.26,47.3 2 0
github.com/igortoigildin/goph-keeper/internal/server/service/download/download.go:49.2,49.28 1 0
github.com/igortoigildin/goph-keeper/internal/server/service/download/download.go:49.28,53.3 2 0
github.com/igortoigildin/goph-keeper/internal/server/service/download/download.go:55.2,61.16 4 0
github.com/igortoigildin/goph-keeper/internal/server/service/download/download.go:61.16,65.3 2 0
github.com/igortoigildin/goph-keeper/internal/server/service/download/download.go:68.2,68.29 1 0
github.com/igortoigildin/goph-keeper/internal/server/service/download/download.go:68.29,72.3 2 0
github.com/igortoigildin/goph-keeper/internal/server/service/download/download.go:74.2,75.16 2 0
github.com/igortoigildin/goph-keeper/internal/server/service/download/download.go:75.16,77.3 1 0
github.com/igortoigildin/goph-keeper/internal/server/service/download/download.go:79.2,81.26 2 0
github.com/igortoigildin/goph-keeper/internal/server/service/download/download.go:84.103,86.9 2 0
github.com/igortoigildin/goph-keeper/internal/server/service/download/download.go:86.9,90.3 2 0
github.com/igortoigildin/goph-keeper/internal/server/service/download/download.go:90.8,90.26 1 0
github.com/igortoigildin/goph-keeper/internal/server/service/download/download.go:90.26,94.3 2 0
github.com/igortoigildin/goph-keeper/internal/server/service/download/download.go:96.2,96.28 1 0
github.com/igortoigildin/goph-keeper/internal/server/service/download/download.go:96.28,100.3 2 0
github.com/igortoigildin/goph-keeper/internal/server/service/download/download.go:102.2,108.16 4 0
github.com/igortoigildin/goph-keeper/internal/server/service/download/download.go:108.16,112.3 2 0
github.com/igortoigildin/goph-keeper/internal/server/service/download/download.go:115.2,115.29 1 0
github.com/igortoigildin/goph-keeper/internal/server/service/download/download.go:115.29,119.3 2 0
github.com/igortoigildin/goph-keeper/internal/server/service/download/download.go:121.2,122.16 2 0
github.com/igortoigildin/goph-keeper/internal/server/service/download/download.go:122.16,124.3 1 0
github.com/igortoigildin/goph-keeper/internal/server/service/download/download.go:126.2,129.16 3 0
github.com/igortoigildin/goph-keeper/internal/server/service/download/download.go:129.16,133.3 2 0
github.com/igortoigildin/goph-keeper/internal/server/service/download/download.go:135.2,135.17 1 0
github.com/igortoigildin/goph-keeper/internal/server/service/download/download.go:138.88,140.9 2 0
github.com/igortoigildin/goph-keeper/internal/server/service/download/download.go:140.9,144.3 2 0
github.com/igortoigildin/goph-keeper/internal/server/service/download/download.go:144.8,144.26 1 0
github.com/igortoigildin/goph-keeper/internal/server/service/download/download.go:144.26,148.3 2 0
github.com/igortoigildin/goph-keeper/internal/server/service/download/download.go:150.2,150.28 1 0
github.com/igortoigildin/goph-keeper/internal/server/service/download/download.go:150.28,154.3 2 0
github.com/igortoigildin/goph-keeper/internal/server/service/download/download.go:156.2,162.16 4 0
github.com/igortoigildin/goph-keeper/internal/server/service/download/download.go:162.16,166.3 2 0
github.com/igortoigildin/goph-keeper/internal/server/service/download/download.go:168.2,171.29 2 0
github.com/igortoigildin/goph-keeper/internal/server/service/download/download.go:171.29,175.3 2 0
github.com/igortoigildin/goph-keeper/internal/server/service/download/download.go:177.2,178.16 2 0
github.com/igortoigildin/goph-keeper/internal/server/service/download/download.go:178.16,180.3 1 0
github.com/igortoigildin/goph-keeper/internal/server/service/download/download.go:182.2,182.26 1 0
github.com/igortoigildin/goph-keeper/internal/server/service/download/download.go:185.108,187.9 2 0
github.com/igortoigildin/goph-keeper/internal/server/service/download/download.go:187.9,191.3 2 0
github.com/igortoigildin/goph-keeper/internal/server/service/download/download.go:191.8,191.26 1 0
github.com/igortoigildin/goph-keeper/internal/server/service/download/download.go:191.26,195.3 2 0
github.com/igortoigildin/goph-keeper/internal/server/service/download/download.go:197.2,197.28 1 0
github.com/igortoigildin/goph-keeper/internal/server/service/download/download.go:197.28,201.3 2 0
github.com/igortoigildin/goph-keeper/internal/server/service/download/download.go:203.2,209.16 4 0
github.com/igortoigildin/goph-keeper/internal/server/service/download/download.go:209.16,213.3 2 0
github.com/igortoigildin/goph-keeper/internal/server/service/download/download.go:216.2,216.29 1 0
github.com/igortoigildin/goph-keeper/internal/server/service/download/download.go:216.29,220.3 2 0
github.com/igortoigildin/goph-keeper/internal/server/service/download/download.go:222.2,223.16 2 0
github.com/igortoigildin/goph-keeper/internal/server/service/download/download.go:223.16,227.3 2 0
github.com/igortoigildin/goph-keeper/internal/server/service/download/download.go:229.2,232.16 3 0
github.com/igortoigildin/goph-keeper/internal/server/service/download/download.go:232.16,236.3 2 0
github.com/igortoigildin/goph-keeper/internal/server/service/download/download.go:238.2,238.17 1 0
github.com/igortoigildin/goph-keeper/internal/server/service/upload/upload.go:35.102,37.2 1 0
github.com/igortoigildin/goph-keeper/internal/server/service/upload/upload.go:39.89,41.9 2 0
github.com/igortoigildin/goph-keeper/internal/server/service/upload/upload.go:41.9,45.3 2 0
github.com/igortoigildin/goph-keeper/internal/server/service/upload/upload.go:45.8,45.26 1 0
github.com/igortoigildin/goph-keeper/internal/server/service/upload/upload.go:45.26,49.3 2 0
github.com/igortoigildin/goph-keeper/internal/server/service/upload/upload.go:51.2,51.28 1 0
github.com/igortoigildin/goph-keeper/internal/server/service/upload/upload.go:51.28,55.3 2 0
github.com/igortoigildin/goph-keeper/internal/server/service/upload/upload.go:55.8,55.27 1 0
github.com/igortoigildin/goph-keeper/internal/server/service/upload/upload.go:55.27,59.3 2 0
github.com/igortoigildin/goph-keeper/internal/server/service/upload/upload.go:59.8,59.32 1 0
github.com/igortoigildin/goph-keeper/internal/server/service/upload/upload.go:59.32,63.3 2 0
github.com/igortoigildin/goph-keeper/internal/server/service/upload/upload.go:65.2,73.16 5 0
github.com/igortoigildin/goph-keeper/internal/server/service/upload/upload.go:73.16,77.3 2 0
github.com/igortoigildin/goph-keeper/internal/server/service/upload/upload.go:79.2,80.16 2 0
github.com/igortoigildin/goph-keeper/internal/server/service/upload/upload.go:80.16,84.3 2 0
github.com/igortoigildin/goph-keeper/internal/server/service/upload/upload.go:86.2,86.12 1 0
github.com/igortoigildin/goph-keeper/internal/server/service/upload/upload.go:89.74,91.9 2 0
github.com/igortoigildin/goph-keeper/internal/server/service/upload/upload.go:91.9,95.3 2 0
github.com/igortoigildin/goph-keeper/internal/server/service/upload/upload.go:95.8,95.26 1 0
github.com/igortoigildin/goph-keeper/internal/server/service/upload/upload.go:95.26,99.3 2 0
github.com/igortoigildin/goph-keeper/internal/server/service/upload/upload.go:101.2,101.28 1 0
github.com/igortoigildin/goph-keeper/internal/server/service/upload/upload.go:101.28,105.3 2 0
github.com/igortoigildin/goph-keeper/internal/server/service/upload/upload.go:105.8,105.32 1 0
github.com/igortoigildin/goph-keeper/internal/server/service/upload/upload.go:105.32,109.3 2 0
github.com/igortoigildin/goph-keeper/internal/server/service/upload/upload.go:111.2,118.16 5 0
github.com/igortoigildin/goph-keeper/internal/server/service/upload/upload.go:118.16,122.3 2 0
github.com/igortoigildin/goph-keeper/internal/server/service/upload/upload.go:124.2,125.16 2 0
github.com/igortoigildin/goph-keeper/internal/server/service/upload/upload.go:125.16,129.3 2 0
github.com/igortoigildin/goph-keeper/internal/server/service/upload/upload.go:131.2,131.12 1 0
github.com/igortoigildin/goph-keeper/internal/server/service/upload/upload.go:134.94,136.9 2 0
github.com/igortoigildin/goph-keeper/internal/server/service/upload/upload.go:136.9,140.3 2 0
github.com/igortoigildin/goph-keeper/internal/server/service/upload/upload.go:140.8,140.26 1 0
github.com/igortoigildin/goph-keeper/internal/server/service/upload/upload.go:140.26,144.3 2 0
github.com/igortoigildin/goph-keeper/internal/server/service/upload/upload.go:146.2,146.28 1 0
github.com/igortoigildin/goph-keeper/internal/server/service/upload/upload.go:146.28,150.3 2 0
github.com/igortoigildin/goph-keeper/internal/server/service/upload/upload.go:152.2,159.16 5 0
github.com/igortoigildin/goph-keeper/internal/server/service/upload/upload.go:159.16,163.3 2 0
github.com/igortoigildin/goph-keeper/internal/server/service/upload/upload.go:165.2,166.16 2 0
github.com/igortoigildin/goph-keeper/internal/server/service/upload/upload.go:166.16,170.3 2 0
github.com/igortoigildin/goph-keeper/internal/server/service/upload/upload.go:172.2,172.12 1 0
github.com/igortoigildin/goph-keeper/internal/server/service/upload/upload.go:175.79,179.15 4 0
github.com/igortoigildin/goph-keeper/internal/server/service/upload/upload.go:179.15,180.49 1 0
github.com/igortoigildin/goph-keeper/internal/server/service/upload/upload.go:180.49,182.4 1 0
github.com/igortoigildin/goph-keeper/internal/server/service/upload/upload.go:185.2,185.6 1 0
github.com/igortoigildin/goph-keeper/internal/server/service/upload/upload.go:185.6,187.26 2 0
github.com/igortoigildin/goph-keeper/internal/server/service/upload/upload.go:187.26,189.4 1 0
github.com/igortoigildin/goph-keeper/internal/server/service/upload/upload.go:190.3,190.20 1 0
github.com/igortoigildin/goph-keeper/internal/server/service/upload/upload.go:190.20,191.9 1 0
github.com/igortoigildin/goph-keeper/internal/server/service/upload/upload.go:194.3,194.17 1 0
github.com/igortoigildin/goph-keeper/internal/server/service/upload/upload.go:194.17,198.4 2 0
github.com/igortoigildin/goph-keeper/internal/server/service/upload/upload.go:200.3,205.43 4 0
github.com/igortoigildin/goph-keeper/internal/server/service/upload/upload.go:205.43,209.4 2 0
github.com/igortoigildin/goph-keeper/internal/server/service/upload/upload.go:212.2,213.9 2 0
github.com/igortoigildin/goph-keeper/internal/server/service/upload/upload.go:213.9,217.3 2 0
github.com/igortoigildin/goph-keeper/internal/server/service/upload/upload.go:217.8,217.26 1 0
github.com/igortoigildin/goph-keeper/internal/server/service/upload/upload.go:217.26,221.3 2 0
github.com/igortoigildin/goph-keeper/internal/server/service/upload/upload.go:222.2,222.28 1 0
github.com/igortoigildin/goph-keeper/internal/server/service/upload/upload.go:222.28,226.3 2 0
github.com/igortoigildin/goph-keeper/internal/server/service/upload/upload.go:228.2,235.16 5 0
github.com/igortoigildin/goph-keeper/internal/server/service/upload/upload.go:235.16,239.3 2 0
github.com/igortoigildin/goph-keeper/internal/server/service/upload/upload.go:241.2,245.16 4 0
github.com/igortoigildin/goph-keeper/internal/server/service/upload/upload.go:245.16,249.3 2 0
github.com/igortoigildin/goph-keeper/internal/server/service/upload/upload.go:252.2,253.16 2 0
github.com/igortoigildin/goph-keeper/internal/server/service/upload/upload.go:253.16,257.3 2 0
github.com/igortoigildin/goph-keeper/internal/server/service/upload/upload.go:259.2,259.90 1 0
github.com/igortoigildin/goph-keeper/internal/server/storage/minio/data.go:28.38,30.2 1 0
github.com/igortoigildin/goph-keeper/internal/server/storage/minio/data.go:32.102,37.16 2 0
github.com/igortoigildin/goph-keeper/internal/server/storage/minio/data.go:37.16,41.3 2 0
github.com/igortoigildin/goph-keeper/internal/server/storage/minio/data.go:44.2,49.16 4 0
github.com/igortoigildin/goph-keeper/internal/server/storage/minio/data.go:49.16,50.121 1 0
github.com/igortoigildin/goph-keeper/internal/server/storage/minio/data.go:50.121,52.4 1 0
github.com/igortoigildin/goph-keeper/internal/server/storage/minio/data.go:52.9,56.4 2 0
github.com/igortoigildin/goph-keeper/internal/server/storage/minio/data.go:60.2,61.16 2 0
github.com/igortoigildin/goph-keeper/internal/server/storage/minio/data.go:61.16,65.3 2 0
github.com/igortoigildin/goph-keeper/internal/server/storage/minio/data.go:66.2,77.16 3 0
github.com/igortoigildin/goph-keeper/internal/server/storage/minio/data.go:77.16,81.3 2 0
github.com/igortoigildin/goph-keeper/internal/server/storage/minio/data.go:83.2,85.12 2 0
github.com/igortoigildin/goph-keeper/internal/server/storage/minio/data.go:88.114,93.16 2 0
github.com/igortoigildin/goph-keeper/internal/server/storage/minio/data.go:93.16,97.3 2 0
github.com/igortoigildin/goph-keeper/internal/server/storage/minio/data.go:99.2,100.16 2 0
github.com/igortoigildin/goph-keeper/internal/server/storage/minio/data.go:100.16,102.3 1 0
github.com/igortoigildin/goph-keeper/internal/server/storage/minio/data.go:103.2,108.16 4 0
github.com/igortoigildin/goph-keeper/internal/server/storage/minio/data.go:108.16,112.3 2 0
github.com/igortoigildin/goph-keeper/internal/server/storage/minio/data.go:114.2,116.17 2 0
github.com/igortoigildin/goph-keeper/internal/server/storage/minio/data.go:119.101,124.16 2 0
github.com/igortoigildin/goph-keeper/internal/server/storage/minio/data.go:124.16,128.3 2 0
github.com/igortoigildin/goph-keeper/internal/server/storage/minio/data.go:131.2,132.16 2 0
github.com/igortoigildin/goph-keeper/internal/server/storage/minio/data.go:132.16,136.3 2 0
[...]
github.com/igortoigildin/goph-keeper/internal/client/grpc/service/upload/service.go:188.3,188.17 1 0
github.com/igortoigildin/goph-keeper/internal/client/grpc/service/upload/service.go:188.17,190.4 1 0
github.com/igortoigildin/goph-keeper/internal/client/grpc/service/upload/service.go:191.3,193.96 2 0
github.com/igortoigildin/goph-keeper/internal/client/grpc/service/upload/service.go:193.96,195.4 1 0
github.com/igortoigildin/goph-keeper/internal/client/grpc/service/upload/service.go:197.3,197.19 1 0
github.com/igortoigildin/goph-keeper/internal/client/grpc/service/upload/service.go:199.2,200.16 2 0
github.com/igortoigildin/goph-keeper/internal/client/grpc/service/upload/service.go:200.16,202.3 1 0
github.com/igortoigildin/goph-keeper/internal/client/grpc/service/upload/service.go:204.2,204.12 1 0
github.com/igortoigildin/goph-keeper/internal/server/service/auth/auth.go:39.55,43.2 1 0
github.com/igortoigildin/goph-keeper/internal/server/service/auth/auth.go:48.87,54.16 4 0
github.com/igortoigildin/goph-keeper/internal/server/service/auth/auth.go:54.16,55.46 1 0
github.com/igortoigildin/goph-keeper/internal/server/service/auth/auth.go:55.46,59.4 2 0
github.com/igortoigildin/goph-keeper/internal/server/service/auth/auth.go:61.3,63.43 2 0
github.com/igortoigildin/goph-keeper/internal/server/service/auth/auth.go:67.2,67.56 1 0
github.com/igortoigildin/goph-keeper/internal/server/service/auth/auth.go:67.56,69.3 1 0
github.com/igortoigildin/goph-keeper/internal/server/service/auth/auth.go:72.2,73.16 2 0
github.com/igortoigildin/goph-keeper/internal/server/service/auth/auth.go:73.16,75.3 1 0
github.com/igortoigildin/goph-keeper/internal/server/service/auth/auth.go:77.2,79.26 2 0
github.com/igortoigildin/goph-keeper/internal/server/service/auth/auth.go:84.99,88.16 3 0
github.com/igortoigildin/goph-keeper/internal/server/service/auth/auth.go:88.16,92.3 2 0
github.com/igortoigildin/goph-keeper/internal/server/service/auth/auth.go:94.2,95.16 2 0
github.com/igortoigildin/goph-keeper/internal/server/service/auth/auth.go:95.16,99.3 2 0
github.com/igortoigildin/goph-keeper/internal/server/service/auth/auth.go:101.2,103.16 2 0
github.com/igortoigildin/goph-keeper/internal/server/service/download/download.go:31.104,33.2 1 0
github.com/igortoigildin/goph-keeper/internal/server/service/download/download.go:37.88,39.9 2 0
github.com/igortoigildin/goph-keeper/internal/server/service/download/download.go:39.9,43.3 2 0
github.com/igortoigildin/goph-keeper/internal/server/service/download/download.go:43.8,43.26 1 0
github.com/igortoigildin/goph-keeper/internal/server/service/download/download.go:43.26,47.3 2 0
github.com/igortoigildin/goph-keeper/internal/server/service/download/download.go:49.2,49.28 1 0
github.com/igortoigildin/goph-keeper/internal/server/service/download/download.go:49.28,53.3 2 0
github.com/igortoigildin/goph-keeper/internal/server/service/download/download.go:55.2,61.16 4 0
github.com/igortoigildin/goph-keeper/internal/server/service/download/download.go:61.16,65.3 2 0
github.com/igortoigildin/goph-keeper/internal/server/service/download/download.go:68.2,68.29 1 0
github.com/igortoigildin/goph-keeper/internal/server/service/download/download.go:68.29,72.3 2 0
github.com/igortoigildin/goph-keeper/internal/server/service/download/download.go:74.2,75.16 2 0
github.com/igortoigildin/goph-keeper/internal/server/service/download/download.go:75.16,77.3 1 0
github.com/igortoigildin/goph-keeper/internal/server/service/download/download.go:79.2,81.26 2 0
github.com/igortoigildin/goph-keeper/internal/server/service/download/download.go:84.103,86.9 2 0
github.com/igortoigildin/goph-keeper/internal/server/service/download/download.go:86.9,90.3 2 0
github.com/igortoigildin/goph-keeper/internal/server/service/download/download.go:90.8,90.26 1 0
github.com/igortoigildin/goph-keeper/internal/server/service/download/download.go:90.26,94.3 2 0
github.com/igortoigildin/goph-keeper/internal/server/service/download/download.go:96.2,96.28 1 0
github.com/igortoigildin/goph-keeper/internal/server/service/download/download.go:96.28,100.3 2 0
github.com/igortoigildin/goph-keeper/internal/server/service/download/download.go:102.2,108.16 4 0
github.com/igortoigildin/goph-keeper/internal/server/service/download/download.go:108.16,112.3 2 0
github.com/igortoigildin/goph-keeper/internal/server/service/download/download.go:115.2,115.29 1 0
github.com/igortoigildin/goph-keeper/internal/server/service/download/download.go:115.29,119.3 2 0
github.com/igortoigildin/goph-keeper/internal/server/service/download/download.go:121.2,122.16 2 0
github.com/igortoigildin/goph-keeper/internal/server/service/download/download.go:122.16,124.3 1 0
github.com/igortoigildin/goph-keeper/internal/server/service/download/download.go:126.2,129.16 3 0
github.com/igortoigildin/goph-keeper/internal/server/service/download/download.go:129.16,133.3 2 0
github.com/igortoigildin/goph-keeper/internal/server/service/download/download.go:135.2,135.17 1 0
github.com/igortoigildin/goph-keeper/internal/server/service/download/download.go:138.88,140.9 2 0
github.com/igortoigildin/goph-keeper/internal/server/service/download/download.go:140.9,144.3 2 0
github.com/igortoigildin/goph-keeper/internal/server/service/download/download.go:144.8,144.26 1 0
github.com/igortoigildin/goph-keeper/internal/server/service/download/download.go:144.26,148.3 2 0
github.com/igortoigildin/goph-keeper/internal/server/service/download/download.go:150.2,150.28 1 0
github.com/igortoigildin/goph-keeper/internal/server/service/download/download.go:150.28,154.3 2 0
github.com/igortoigildin/goph-keeper/internal/server/service/download/download.go:156.2,162.16 4 0
github.com/igortoigildin/goph-keeper/internal/server/service/download/download.go:162.16,166.3 2 0
github.com/igortoigildin/goph-keeper/internal/server/service/download/download.go:168.2,171.29 2 0
github.com/igortoigildin/goph-keeper/internal/server/service/download/download.go:171.29,175.3 2 0
github.com/igortoigildin/goph-keeper/internal/server/service/download/download.go:177.2,178.16 2 0
github.com/igortoigildin/goph-keeper/internal/server/service/download/download.go:178.16,180.3 1 0
github.com/igortoigildin/goph-keeper/internal/server/service/download/download.go:182.2,182.26 1 0
github.com/igortoigildin/goph-keeper/internal/server/service/download/download.go:185.108,187.9 2 0
github.com/igortoigildin/goph-keeper/internal/server/service/download/download.go:187.9,191.3 2 0
github.com/igortoigildin/goph-keeper/internal/server/service/download/download.go:191.8,191.26 1 0
github.com/igortoigildin/goph-keeper/internal/server/service/download/download.go:191.26,195.3 2 0
github.com/igortoigildin/goph-keeper/internal/server/service/download/download.go:197.2,197.28 1 0
github.com/igortoigildin/goph-keeper/internal/server/service/download/download.go:197.28,201.3 2 0
github.com/igortoigildin/goph-keeper/internal/server/service/download/download.go:203.2,209.16 4 0
github.com/igortoigildin/goph-keeper/internal/server/service/download/download.go:209.16,213.3 2 0
github.com/igortoigildin/goph-keeper/internal/server/service/download/download.go:216.2,216.29 1 0
github.com/igortoigildin/goph-keeper/internal/server/service/download/download.go:216.29,220.3 2 0
github.com/igortoigildin/goph-keeper/internal/server/service/download/download.go:222.2,223.16 2 0
github.com/igortoigildin/goph-keeper/internal/server/service/download/download.go:223.16,227.3 2 0
github.com/igortoigildin/goph-keeper/internal/server/service/download/download.go:229.2,232.16 3 0
github.com/igortoigildin/goph-keeper/internal/server/service/download/download.go:232.16,236.3 2 0
github.com/igortoigildin/goph-keeper/internal/server/service/download/download.go:238.2,238.17 1 0
github.com/igortoigildin/goph-keeper/internal/server/service/upload/upload.go:35.102,37.2 1 0
github.com/igortoigildin/goph-keeper/internal/server/service/upload/upload.go:39.89,41.9 2 0
github.com/igortoigildin/goph-keeper/internal/server/service/upload/upload.go:41.9,45.3 2 0
github.com/igortoigildin/goph-keeper/internal/server/service/upload/upload.go:45.8,45.26 1 0
github.com/igortoigildin/goph-keeper/internal/server/service/upload/upload.go:45.26,49.3 2 0
github.com/igortoigildin/goph-keeper/internal/server/service/upload/upload.go:51.2,51.28 1 0
github.com/igortoigildin/goph-keeper/internal/server/service/upload/upload.go:51.28,55.3 2 0
github.com/igortoigildin/goph-keeper/internal/server/service/upload/upload.go:55.8,55.27 1 0
github.com/igortoigildin/goph-keeper/internal/server/service/upload/upload.go:55.27,59.3 2 0
github.com/igortoigildin/goph-keeper/internal/server/service/upload/upload.go:59.8,59.32 1 0
github.com/igortoigildin/goph-keeper/internal/server/service/upload/upload.go:59.32,63.3 2 0
github.com/igortoigildin/goph-keeper/internal/server/service/upload/upload.go:65.2,73.16 5 0
github.com/igortoigildin/goph-keeper/internal/server/service/upload/upload.go:73.16,77.3 2 0
github.com/igortoigildin/goph-keeper/internal/server/service/upload/upload.go:79.2,80.16 2 0
github.com/igortoigildin/goph-keeper/internal/server/service/upload/upload.go:80.16,84.3 2 0
github.com/igortoigildin/goph-keeper/internal/server/service/upload/upload.go:86.2,86.12 1 0
github.com/igortoigildin/goph-keeper/internal/server/service/upload/upload.go:89.74,91.9 2 0
github.com/igortoigildin/goph-keeper/internal/server/service/upload/upload.go:91.9,95.3 2 0
github.com/igortoigildin/goph-keeper/internal/server/service/upload/upload.go:95.8,95.26 1 0
github.com/igortoigildin/goph-keeper/internal/server/service/upload/upload.go:95.26,99.3 2 0
github.com/igortoigildin/goph-keeper/internal/server/service/upload/upload.go:101.2,101.28 1 0
github.com/igortoigildin/goph-keeper/internal/server/service/upload/upload.go:101.28,105.3 2 0
github.com/igortoigildin/goph-keeper/internal/server/service/upload/upload.go:105.8,105.32 1 0
github.com/igortoigildin/goph-keeper/internal/server/service/upload/upload.go:105.32,109.3 2 0
github.com/igortoigildin/goph-keeper/internal/server/service/upload/upload.go:111.2,118.16 5 0
github.com/igortoigildin/goph-keeper/internal/server/service/upload/upload.go:118.16,122.3 2 0
github.com/igortoigildin/goph-keeper/internal/server/service/upload/upload.go:124.2,125.16 2 0
github.com/igortoigildin/goph-keeper/internal/server/service/upload/upload.go:125.16,129.3 2 0
github.com/igortoigildin/goph-keeper/internal/server/service/upload/upload.go:131.2,131.12 1 0
github.com/igortoigildin/goph-keeper/internal/server/service/upload/upload.go:134.94,136.9 2 0
github.com/igortoigildin/goph-keeper/internal/server/service/upload/upload.go:136.9,140.3 2 0
github.com/igortoigildin/goph-keeper/internal/server/service/upload/upload.go:140.8,140.26 1 0
github.com/igortoigildin/goph-keeper/internal/server/service/upload/upload.go:140.26,144.3 2 0
github.com/igortoigildin/goph-keeper/internal/server/service/upload/upload.go:146.2,146.28 1 0
github.com/igortoigildin/goph-keeper/internal/server/service/upload/upload.go:146.28,150.3 2 0
github.com/igortoigildin/goph-keeper/internal/server/service/upload/upload.go:152.2,159.16 5 0
github.com/igortoigildin/goph-keeper/internal/server/service/upload/upload.go:159.16,163.3 2 0
github.com/igortoigildin/goph-keeper/internal/server/service/upload/upload.go:165.2,166.16 2 0
github.com/igortoigildin/goph-keeper/internal/server/service/upload/upload.go:166.16,170.3 2 0
github.com/igortoigildin/goph-keeper/internal/server/service/upload/upload.go:172.2,172.12 1 0
github.com/igortoigildin/goph-keeper/internal/server/service/upload/upload.go:175.79,179.15 4 0
github.com/igortoigildin/goph-keeper/internal/server/service/upload/upload.go:179.15,180.49 1 0
github.com/igortoigildin/goph-keeper/internal/server/service/upload/upload.go:180.49,182.4 1 0
github.com/igortoigildin/goph-keeper/internal/server/service/upload/upload.go:185.2,185.6 1 0
github.com/igortoigildin/goph-keeper/internal/server/service/upload/upload.go:185.6,187.26 2 0
github.com/igortoigildin/goph-keeper/internal/server/service/upload/upload.go:187.26,189.4 1 0
github.com/igortoigildin/goph-keeper/internal/server/service/upload/upload.go:190.3,190.20 1 0
github.com/igortoigildin/goph-keeper/internal/server/service/upload/upload.go:190.20,191.9 1 0
github.com/igortoigildin/goph-keeper/internal/server/service/upload/upload.go:194.3,194.17 1 0
github.com/igortoigildin/goph-keeper/internal/server/service/upload/upload.go:194.17,198.4 2 0
github.com/igortoigildin/goph-keeper/internal/server/service/upload/upload.go:200.3,205.43 4 0
github.com/igortoigildin/goph-keeper/internal/server/service/upload/upload.go:205.43,209.4 2 0
github.com/igortoigildin/goph-keeper/internal/server/service/upload/upload.go:212.2,213.9 2 0
github.com/igortoigildin/goph-keeper/internal/server/service/upload/upload.go:213.9,217.3 2 0
github.com/igortoigildin/goph-keeper/internal/server/service/upload/upload.go:217.8,217.26 1 0
github.com/igortoigildin/goph-keeper/internal/server/service/upload/upload.go:217.26,221.3 2 0
github.com/igortoigildin/goph-keeper/internal/server/service/upload/upload.go:222.2,222.28 1 0
github.com/igortoigildin/goph-keeper/internal/server/service/upload/upload.go:222.28,226.3 2 0
github.com/igortoigildin/goph-keeper/internal/server/service/upload/upload.go:228.2,235.16 5 0
github.com/igortoigildin/goph-keeper/internal/server/service/upload/upload.go:235.16,239.3 2 0
github.com/igortoigildin/goph-keeper/internal/server/service/upload/upload.go:241.2,245.16 4 0
github.com/igortoigildin/goph-keeper/internal/server/service/upload/upload.go:245.16,249.3 2 0
github.com/igortoigildin/goph-keeper/internal/server/service/upload/upload.go:252.2,253.16 2 0
github.com/igortoigildin/goph-keeper/internal/server/service/upload/upload.go:253.16,257.3 2 0
github.com/igortoigildin/goph-keeper/internal/server/service/upload/upload.go:259.2,259.90 1 0
github.com/igortoigildin/goph-keeper/internal/server/storage/minio/data.go:28.38,30.2 1 0
github.com/igortoigildin/goph-keeper/internal/server/storage/minio/data.go:32.102,37.16 2 0
github.com/igortoigildin/goph-keeper/internal/server/storage/minio/data.go:37.16,41.3 2 0
github.com/igortoigildin/goph-keeper/internal/server/storage/minio/data.go:44.2,49.16 4 0
github.com/igortoigildin/goph-keeper/internal/server/storage/minio/data.go:49.16,50.121 1 0
github.com/igortoigildin/goph-keeper/internal/server/storage/minio/data.go:50.121,52.4 1 0
github.com/igortoigildin/goph-keeper/internal/server/storage/minio/data.go:52.9,56.4 2 0
github.com/igortoigildin/goph-keeper/internal/server/storage/minio/data.go:60.2,61.16 2 0
github.com/igortoigildin/goph-keeper/internal/server/storage/minio/data.go:61.16,65.3 2 0
github.com/igortoigildin/goph-keeper/internal/server/storage/minio/data.go:66.2,77.16 3 0
github.com/igortoigildin/goph-keeper/internal/server/storage/minio/data.go:77.16,81.3 2 0
github.com/igortoigildin/goph-keeper/internal/server/storage/minio/data.go:83.2,85.12 2 0
github.com/igortoigildin/goph-keeper/internal/server/storage/minio/data.go:88.114,93.16 2 0
github.com/igortoigildin/goph-keeper/internal/server/storage/minio/data.go:93.16,97.3 2 0
github.com/igortoigildin/goph-keeper/internal/server/storage/minio/data.go:99.2,100.16 2 0
github.com/igortoigildin/goph-keeper/internal/server/storage/minio/data.go:100.16,102.3 1 0
github.com/igortoigildin/goph-keeper/internal/server/storage/minio/data.go:103.2,108.16 4 0
github.com/igortoigildin/goph-keeper/internal/server/storage/minio/data.go:108.16,112.3 2 0
github.com/igortoigildin/goph-keeper/internal/server/storage/minio/data.go:114.2,116.17 2 0
github.com/igortoigildin/goph-keeper/internal/server/storage/minio/data.go:119.101,124.16 2 0
github.com/igortoigildin/goph-keeper/internal/server/storage/minio/data.go:124.16,128.3 2 0
github.com/igortoigildin/goph-keeper/internal/server/storage/minio/data.go:131.2,132.16 2 0
github.com/igortoigildin/goph-keeper/internal/server/storage/minio/data.go:132.16,136.3 2 0
github.com/igortoigildin/goph-keeper/internal/server/storage/minio/data.go:139.2,147.16 5 0
github.com/igortoigildin/goph-keeper/internal/server/storage/minio/data.go:147.16,148.121 1 0
github.com/igortoigildin/goph-keeper/internal/server/storage/minio/data.go:148.121,150.4 1 0
github.com/igortoigildin/goph-keeper/internal/server/storage/minio/data.go:150.9,154.4 2 0
github.com/igortoigildin/goph-keeper/internal/server/storage/minio/data.go:157.2,160.16 2 0
github.com/igortoigildin/goph-keeper/internal/server/storage/minio/data.go:160.16,164.3 2 0
github.com/igortoigildin/goph-keeper/internal/server/storage/minio/data.go:166.2,168.12 2 0
github.com/igortoigildin/goph-keeper/internal/server/storage/minio/data.go:171.111,176.16 2 0
github.com/igortoigildin/goph-keeper/internal/server/storage/minio/data.go:176.16,180.3 2 0
github.com/igortoigildin/goph-keeper/internal/server/storage/minio/data.go:182.2,183.16 2 0
github.com/igortoigildin/goph-keeper/internal/server/storage/minio/data.go:183.16,187.3 2 0
github.com/igortoigildin/goph-keeper/internal/server/storage/minio/data.go:188.2,193.16 4 0
github.com/igortoigildin/goph-keeper/internal/server/storage/minio/data.go:193.16,197.3 2 0
github.com/igortoigildin/goph-keeper/internal/server/storage/minio/data.go:199.2,203.17 3 0
github.com/igortoigildin/goph-keeper/internal/server/storage/pg/access/access.go:24.52,28.2 1 0
github.com/igortoigildin/goph-keeper/internal/server/storage/pg/access/access.go:30.112,38.16 3 0
github.com/igortoigildin/goph-keeper/internal/server/storage/pg/access/access.go:38.16,40.3 1 0
github.com/igortoigildin/goph-keeper/internal/server/storage/pg/access/access.go:42.2,49.16 4 0
github.com/igortoigildin/goph-keeper/internal/server/storage/pg/access/access.go:49.16,51.3 1 0
github.com/igortoigildin/goph-keeper/internal/server/storage/pg/access/access.go:53.2,53.19 1 0
github.com/igortoigildin/goph-keeper/internal/server/storage/pg/access/access.go:56.93,63.16 3 0
github.com/igortoigildin/goph-keeper/internal/server/storage/pg/access/access.go:63.16,65.3 1 0
github.com/igortoigildin/goph-keeper/internal/server/storage/pg/access/access.go:67.2,73.16 3 0
github.com/igortoigildin/goph-keeper/internal/server/storage/pg/access/access.go:73.16,75.3 1 0
github.com/igortoigildin/goph-keeper/internal/server/storage/pg/access/access.go:77.2,77.12 1 0
github.com/igortoigildin/goph-keeper/internal/server/storage/pg/user/user.go:24.50,28.2 1 0
github.com/igortoigildin/goph-keeper/internal/server/storage/pg/user/user.go:30.104,38.16 3 0
github.com/igortoigildin/goph-keeper/internal/server/storage/pg/user/user.go:38.16,40.3 1 0
github.com/igortoigildin/goph-keeper/internal/server/storage/pg/user/user.go:42.2,49.16 4 0
github.com/igortoigildin/goph-keeper/internal/server/storage/pg/user/user.go:49.16,51.3 1 0
github.com/igortoigildin/goph-keeper/internal/server/storage/pg/user/user.go:53.2,53.16 1 0
github.com/igortoigildin/goph-keeper/internal/server/storage/pg/user/user.go:56.97,64.16 3 0
github.com/igortoigildin/goph-keeper/internal/server/storage/pg/user/user.go:64.16,66.3 1 0
github.com/igortoigildin/goph-keeper/internal/server/storage/pg/user/user.go:68.2,75.16 4 0
github.com/igortoigildin/goph-keeper/internal/server/storage/pg/user/user.go:75.16,77.3 1 0
github.com/igortoigildin/goph-keeper/internal/server/storage/pg/user/user.go:79.2,79.19 1 0
github.com/igortoigildin/goph-keeper/tests/suite/suite.go:29.50,37.19 5 0
github.com/igortoigildin/goph-keeper/tests/suite/suite.go:37.19,40.3 2 0
github.com/igortoigildin/goph-keeper/tests/suite/suite.go:42.2,45.16 2 0
github.com/igortoigildin/goph-keeper/tests/suite/suite.go:45.16,47.3 1 0
github.com/igortoigildin/goph-keeper/tests/suite/suite.go:49.2,55.3 1 0
github.com/igortoigildin/goph-keeper/tests/suite/suite.go:58.26,61.34 2 0
github.com/igortoigildin/goph-keeper/tests/suite/suite.go:61.34,63.3 1 0
github.com/igortoigildin/goph-keeper/tests/suite/suite.go:65.2,65.37 1 0
